==============================================================
File generated by Vivado(TM) HLS - High-Level Synthesis from C, C++ and SystemC
Version: 2018.2
Copyright (C) 1986-2018 Xilinx, Inc. All Rights Reserved.

==============================================================

INFO: [SYN 201-201] Setting up clock 'default' with a period of 10ns.
INFO: [HLS 200-10] Setting target device to 'xc7z020clg484-1'
INFO: [SYN 201-201] Setting up clock 'default' with a period of 10ns.
INFO: [HLS 200-10] Analyzing design file 'Lab_6/core.cpp' ... 
INFO: [HLS 200-111] Finished Linking Time (s): cpu = 00:00:01 ; elapsed = 00:00:22 . Memory (MB): peak = 102.020 ; gain = 45.789
INFO: [HLS 200-111] Finished Checking Pragmas Time (s): cpu = 00:00:01 ; elapsed = 00:00:22 . Memory (MB): peak = 102.020 ; gain = 45.789
INFO: [HLS 200-10] Starting code transformations ...
INFO: [XFORM 203-603] Inlining function 'ap_fixed_base<58, 0, false, (ap_q_mode)5, (ap_o_mode)3, 0>::operator<<' into 'range_redux_payne_hanek_hotbm<29, float, 29, 29>' (r:/builds/2018.2/continuous/2018_06_14_2258646/src/products/hls/hls_lib/hlsmath/include/FloatingPoint/hls_range_redux.h:529).
INFO: [XFORM 203-603] Inlining function 'ap_fixed_base<29, 0, false, (ap_q_mode)5, (ap_o_mode)3, 0>::operator<<' into 'range_redux_payne_hanek_hotbm<29, float, 29, 29>' (r:/builds/2018.2/continuous/2018_06_14_2258646/src/products/hls/hls_lib/hlsmath/include/FloatingPoint/hls_range_redux.h:531).
INFO: [XFORM 203-603] Inlining function 'ap_fixed_base<29, 0, false, (ap_q_mode)0, (ap_o_mode)0, 0>::overflow_adjust' into 'ap_fixed_base<29, 0, false, (ap_q_mode)0, (ap_o_mode)0, 0>::ap_fixed_base<32, 32, true, (ap_q_mode)5, (ap_o_mode)3, 0>.1' ().
INFO: [XFORM 203-603] Inlining function 'ap_fixed_base<29, 1, false, (ap_q_mode)5, (ap_o_mode)3, 0>::operator<<' into 'scaled_fixed2ieee<29, 1>' (r:/builds/2018.2/continuous/2018_06_14_2258646/src/products/hls/src/technology/autopilot/header_files\utils/x_hls_float_utils.h:314).
INFO: [HLS 200-111] Finished Standard Transforms Time (s): cpu = 00:00:02 ; elapsed = 00:00:28 . Memory (MB): peak = 279.004 ; gain = 222.773
INFO: [HLS 200-10] Checking synthesizability ...
INFO: [XFORM 203-602] Inlining function 'fp_struct<float>::expv' into 'range_redux_payne_hanek_hotbm<29, float, 29, 29>' (r:/builds/2018.2/continuous/2018_06_14_2258646/src/products/hls/hls_lib/hlsmath/include/FloatingPoint/hls_range_redux.h:466) automatically.
INFO: [XFORM 203-602] Inlining function 'table_lookup_4oPi_hotbm<23, 29>' into 'range_redux_payne_hanek_hotbm<29, float, 29, 29>' (r:/builds/2018.2/continuous/2018_06_14_2258646/src/products/hls/hls_lib/hlsmath/include/FloatingPoint/hls_range_redux.h:492) automatically.
INFO: [XFORM 203-602] Inlining function 'clz<29, 58, 0>' into 'range_redux_payne_hanek_hotbm<29, float, 29, 29>' (r:/builds/2018.2/continuous/2018_06_14_2258646/src/products/hls/hls_lib/hlsmath/include/FloatingPoint/hls_range_redux.h:520) automatically.
INFO: [XFORM 203-602] Inlining function 'fp_struct<float>::data' into 'fp_struct<float>::to_float' (r:/builds/2018.2/continuous/2018_06_14_2258646/src/products/hls/src/technology/autopilot/header_files\utils/x_hls_utils.h:311) automatically.
INFO: [XFORM 203-602] Inlining function 'fp_struct<float>::to_float' into 'fp_struct<float>::to_ieee' (r:/builds/2018.2/continuous/2018_06_14_2258646/src/products/hls/src/technology/autopilot/header_files\utils/x_hls_utils.h:332) automatically.
INFO: [XFORM 203-602] Inlining function 'clz' into 'scaled_fixed2ieee<29, 1>' (r:/builds/2018.2/continuous/2018_06_14_2258646/src/products/hls/src/technology/autopilot/header_files\utils/x_hls_float_utils.h:306) automatically.
INFO: [XFORM 203-602] Inlining function 'fp_struct<float>::set_mantissa' into 'scaled_fixed2ieee<29, 1>' (r:/builds/2018.2/continuous/2018_06_14_2258646/src/products/hls/src/technology/autopilot/header_files\utils/x_hls_float_utils.h:339) automatically.
INFO: [XFORM 203-602] Inlining function 'fp_struct<float>::to_ieee' into 'scaled_fixed2ieee<29, 1>' (r:/builds/2018.2/continuous/2018_06_14_2258646/src/products/hls/src/technology/autopilot/header_files\utils/x_hls_float_utils.h:341) automatically.
INFO: [XFORM 203-602] Inlining function 'hotbm_::value_list<float>::sin_or_cos_approximation<29, 29>' into 'hotbm_::sin_or_cos<float>' (r:/builds/2018.2/continuous/2018_06_14_2258646/src/products/hls/hls_lib/hlsmath/include/FloatingPoint\hls_hotbm.h:276) automatically.
INFO: [XFORM 203-602] Inlining function 'fp_struct<float>::to_ieee' into 'hotbm_::sin_or_cos<float>' (r:/builds/2018.2/continuous/2018_06_14_2258646/src/products/hls/hls_lib/hlsmath/include/FloatingPoint\hls_hotbm.h:313) automatically.
INFO: [XFORM 203-602] Inlining function 'hotbm_::sin' into 'hls::hotbm::sin' (r:/builds/2018.2/continuous/2018_06_14_2258646/src/products/hls/hls_lib/hlsmath/src/c++/sincoshotbmfloat.cpp:9) automatically.
INFO: [XFORM 203-602] Inlining function 'hls::hotbm::sin' into 'hls::sin' (r:/builds/2018.2/continuous/2018_06_14_2258646/src/products/hls/hls_lib/hlsmath/src/c++/sincoshotbmfloat.cpp:31) automatically.
INFO: [XFORM 203-602] Inlining function 'exp_reduce_::exp' into 'hls::expf' (r:/builds/2018.2/continuous/2018_06_14_2258646/src/products/hls/hls_lib/hlsmath/src/c++/expfloat.cpp:19) automatically.
INFO: [XFORM 203-602] Inlining function 'hls::sin' into 'matchFunction' (Lab_6/core.cpp:9) automatically.
INFO: [XFORM 203-602] Inlining function 'hls::expf' into 'matchFunction' (Lab_6/core.cpp:9) automatically.
INFO: [XFORM 203-602] Inlining function 'hls::sqrtf' into 'matchFunction' (Lab_6/core.cpp:9) automatically.
WARNING: [SYNCHK 200-23] r:/builds/2018.2/continuous/2018_06_14_2258646/src/products/hls/src/technology/autopilot/header_files\utils/x_hls_float_utils.h:296: variable-indexed range selection may cause suboptimal QoR.
ERROR: [SYNCHK 200-61] Lab_6/core.cpp:9: unsupported memory access on variable 'res' which is (or contains) an array with unknown size at compile time.
INFO: [SYNCHK 200-10] 1 error(s), 1 warning(s).
ERROR: [HLS 200-70] Synthesizability check failed.
==============================================================
File generated by Vivado(TM) HLS - High-Level Synthesis from C, C++ and SystemC
Version: 2018.2
Copyright (C) 1986-2018 Xilinx, Inc. All Rights Reserved.

==============================================================

INFO: [SYN 201-201] Setting up clock 'default' with a period of 10ns.
INFO: [HLS 200-10] Setting target device to 'xc7z020clg484-1'
INFO: [SYN 201-201] Setting up clock 'default' with a period of 10ns.
INFO: [HLS 200-10] Analyzing design file 'Lab_6/core.cpp' ... 
INFO: [HLS 200-111] Finished Linking Time (s): cpu = 00:00:01 ; elapsed = 00:00:18 . Memory (MB): peak = 101.848 ; gain = 45.734
INFO: [HLS 200-111] Finished Checking Pragmas Time (s): cpu = 00:00:01 ; elapsed = 00:00:18 . Memory (MB): peak = 101.848 ; gain = 45.734
INFO: [HLS 200-10] Starting code transformations ...
INFO: [XFORM 203-603] Inlining function 'ap_fixed_base<58, 0, false, (ap_q_mode)5, (ap_o_mode)3, 0>::operator<<' into 'range_redux_payne_hanek_hotbm<29, float, 29, 29>' (r:/builds/2018.2/continuous/2018_06_14_2258646/src/products/hls/hls_lib/hlsmath/include/FloatingPoint/hls_range_redux.h:529).
INFO: [XFORM 203-603] Inlining function 'ap_fixed_base<29, 0, false, (ap_q_mode)5, (ap_o_mode)3, 0>::operator<<' into 'range_redux_payne_hanek_hotbm<29, float, 29, 29>' (r:/builds/2018.2/continuous/2018_06_14_2258646/src/products/hls/hls_lib/hlsmath/include/FloatingPoint/hls_range_redux.h:531).
INFO: [XFORM 203-603] Inlining function 'ap_fixed_base<29, 0, false, (ap_q_mode)0, (ap_o_mode)0, 0>::overflow_adjust' into 'ap_fixed_base<29, 0, false, (ap_q_mode)0, (ap_o_mode)0, 0>::ap_fixed_base<32, 32, true, (ap_q_mode)5, (ap_o_mode)3, 0>.1' ().
INFO: [XFORM 203-603] Inlining function 'ap_fixed_base<29, 1, false, (ap_q_mode)5, (ap_o_mode)3, 0>::operator<<' into 'scaled_fixed2ieee<29, 1>' (r:/builds/2018.2/continuous/2018_06_14_2258646/src/products/hls/src/technology/autopilot/header_files\utils/x_hls_float_utils.h:314).
INFO: [HLS 200-111] Finished Standard Transforms Time (s): cpu = 00:00:02 ; elapsed = 00:00:23 . Memory (MB): peak = 280.492 ; gain = 224.379
INFO: [HLS 200-10] Checking synthesizability ...
INFO: [XFORM 203-602] Inlining function 'fp_struct<float>::expv' into 'range_redux_payne_hanek_hotbm<29, float, 29, 29>' (r:/builds/2018.2/continuous/2018_06_14_2258646/src/products/hls/hls_lib/hlsmath/include/FloatingPoint/hls_range_redux.h:466) automatically.
INFO: [XFORM 203-602] Inlining function 'table_lookup_4oPi_hotbm<23, 29>' into 'range_redux_payne_hanek_hotbm<29, float, 29, 29>' (r:/builds/2018.2/continuous/2018_06_14_2258646/src/products/hls/hls_lib/hlsmath/include/FloatingPoint/hls_range_redux.h:492) automatically.
INFO: [XFORM 203-602] Inlining function 'clz<29, 58, 0>' into 'range_redux_payne_hanek_hotbm<29, float, 29, 29>' (r:/builds/2018.2/continuous/2018_06_14_2258646/src/products/hls/hls_lib/hlsmath/include/FloatingPoint/hls_range_redux.h:520) automatically.
INFO: [XFORM 203-602] Inlining function 'fp_struct<float>::data' into 'fp_struct<float>::to_float' (r:/builds/2018.2/continuous/2018_06_14_2258646/src/products/hls/src/technology/autopilot/header_files\utils/x_hls_utils.h:311) automatically.
INFO: [XFORM 203-602] Inlining function 'fp_struct<float>::to_float' into 'fp_struct<float>::to_ieee' (r:/builds/2018.2/continuous/2018_06_14_2258646/src/products/hls/src/technology/autopilot/header_files\utils/x_hls_utils.h:332) automatically.
INFO: [XFORM 203-602] Inlining function 'clz' into 'scaled_fixed2ieee<29, 1>' (r:/builds/2018.2/continuous/2018_06_14_2258646/src/products/hls/src/technology/autopilot/header_files\utils/x_hls_float_utils.h:306) automatically.
INFO: [XFORM 203-602] Inlining function 'fp_struct<float>::set_mantissa' into 'scaled_fixed2ieee<29, 1>' (r:/builds/2018.2/continuous/2018_06_14_2258646/src/products/hls/src/technology/autopilot/header_files\utils/x_hls_float_utils.h:339) automatically.
INFO: [XFORM 203-602] Inlining function 'fp_struct<float>::to_ieee' into 'scaled_fixed2ieee<29, 1>' (r:/builds/2018.2/continuous/2018_06_14_2258646/src/products/hls/src/technology/autopilot/header_files\utils/x_hls_float_utils.h:341) automatically.
INFO: [XFORM 203-602] Inlining function 'hotbm_::value_list<float>::sin_or_cos_approximation<29, 29>' into 'hotbm_::sin_or_cos<float>' (r:/builds/2018.2/continuous/2018_06_14_2258646/src/products/hls/hls_lib/hlsmath/include/FloatingPoint\hls_hotbm.h:276) automatically.
INFO: [XFORM 203-602] Inlining function 'fp_struct<float>::to_ieee' into 'hotbm_::sin_or_cos<float>' (r:/builds/2018.2/continuous/2018_06_14_2258646/src/products/hls/hls_lib/hlsmath/include/FloatingPoint\hls_hotbm.h:313) automatically.
INFO: [XFORM 203-602] Inlining function 'hotbm_::sin' into 'hls::hotbm::sin' (r:/builds/2018.2/continuous/2018_06_14_2258646/src/products/hls/hls_lib/hlsmath/src/c++/sincoshotbmfloat.cpp:9) automatically.
INFO: [XFORM 203-602] Inlining function 'hls::hotbm::sin' into 'hls::sin' (r:/builds/2018.2/continuous/2018_06_14_2258646/src/products/hls/hls_lib/hlsmath/src/c++/sincoshotbmfloat.cpp:31) automatically.
INFO: [XFORM 203-602] Inlining function 'exp_reduce_::exp' into 'hls::expf' (r:/builds/2018.2/continuous/2018_06_14_2258646/src/products/hls/hls_lib/hlsmath/src/c++/expfloat.cpp:19) automatically.
INFO: [XFORM 203-602] Inlining function 'hls::sin' into 'mathFunction' (Lab_6/core.cpp:9) automatically.
INFO: [XFORM 203-602] Inlining function 'hls::expf' into 'mathFunction' (Lab_6/core.cpp:9) automatically.
INFO: [XFORM 203-602] Inlining function 'hls::sqrtf' into 'mathFunction' (Lab_6/core.cpp:9) automatically.
WARNING: [SYNCHK 200-23] r:/builds/2018.2/continuous/2018_06_14_2258646/src/products/hls/src/technology/autopilot/header_files\utils/x_hls_float_utils.h:296: variable-indexed range selection may cause suboptimal QoR.
INFO: [SYNCHK 200-10] 0 error(s), 1 warning(s).
INFO: [HLS 200-111] Finished Checking Synthesizability Time (s): cpu = 00:00:02 ; elapsed = 00:00:24 . Memory (MB): peak = 344.070 ; gain = 287.957
INFO: [XFORM 203-502] Unrolling small iteration loop 'Loop-1' (r:/builds/2018.2/continuous/2018_06_14_2258646/src/products/hls/src/technology/autopilot/header_files\utils/x_hls_float_utils.h:294) in function 'scaled_fixed2ieee<29, 1>' automatically.
INFO: [XFORM 203-501] Unrolling loop 'Loop-1' (r:/builds/2018.2/continuous/2018_06_14_2258646/src/products/hls/src/technology/autopilot/header_files\utils/x_hls_float_utils.h:294) in function 'scaled_fixed2ieee<29, 1>' completely.
INFO: [XFORM 203-102] Automatically partitioning small array 'out_bits.V' (r:/builds/2018.2/continuous/2018_06_14_2258646/src/products/hls/src/technology/autopilot/header_files\utils/x_hls_float_utils.h:293) completely based on array size.
INFO: [XFORM 203-102] Automatically partitioning small array 'c' (r:/builds/2018.2/continuous/2018_06_14_2258646/src/products/hls/src/technology/autopilot/header_files\utils/x_hls_float_utils.h:304) completely based on array size.
INFO: [XFORM 203-101] Partitioning array 'swap_table.1'  in dimension 1 completely.
INFO: [XFORM 203-101] Partitioning array 'swap_table'  in dimension 1 completely.
INFO: [XFORM 203-101] Partitioning array 'neg_sin_table'  in dimension 1 completely.
INFO: [XFORM 203-101] Partitioning array 'neg_cos_table'  in dimension 1 completely.
INFO: [XFORM 203-101] Partitioning array 'out_bits.V' (r:/builds/2018.2/continuous/2018_06_14_2258646/src/products/hls/src/technology/autopilot/header_files\utils/x_hls_float_utils.h:293) in dimension 1 completely.
INFO: [XFORM 203-101] Partitioning array 'c' (r:/builds/2018.2/continuous/2018_06_14_2258646/src/products/hls/src/technology/autopilot/header_files\utils/x_hls_float_utils.h:304) in dimension 1 completely.
INFO: [XFORM 203-602] Inlining function 'fp_struct<float>::expv' into 'range_redux_payne_hanek_hotbm<29, float, 29, 29>' (r:/builds/2018.2/continuous/2018_06_14_2258646/src/products/hls/hls_lib/hlsmath/include/FloatingPoint/hls_range_redux.h:466) automatically.
INFO: [XFORM 203-602] Inlining function 'table_lookup_4oPi_hotbm<23, 29>' into 'range_redux_payne_hanek_hotbm<29, float, 29, 29>' (r:/builds/2018.2/continuous/2018_06_14_2258646/src/products/hls/hls_lib/hlsmath/include/FloatingPoint/hls_range_redux.h:492) automatically.
INFO: [XFORM 203-602] Inlining function 'clz<29, 58, 0>' into 'range_redux_payne_hanek_hotbm<29, float, 29, 29>' (r:/builds/2018.2/continuous/2018_06_14_2258646/src/products/hls/hls_lib/hlsmath/include/FloatingPoint/hls_range_redux.h:520) automatically.
INFO: [XFORM 203-602] Inlining function 'fp_struct<float>::data' into 'fp_struct<float>::to_float' (r:/builds/2018.2/continuous/2018_06_14_2258646/src/products/hls/src/technology/autopilot/header_files\utils/x_hls_utils.h:311) automatically.
INFO: [XFORM 203-602] Inlining function 'fp_struct<float>::to_float' into 'fp_struct<float>::to_ieee' (r:/builds/2018.2/continuous/2018_06_14_2258646/src/products/hls/src/technology/autopilot/header_files\utils/x_hls_utils.h:332) automatically.
INFO: [XFORM 203-602] Inlining function 'clz' into 'scaled_fixed2ieee<29, 1>' (r:/builds/2018.2/continuous/2018_06_14_2258646/src/products/hls/src/technology/autopilot/header_files\utils/x_hls_float_utils.h:306) automatically.
INFO: [XFORM 203-602] Inlining function 'fp_struct<float>::set_mantissa' into 'scaled_fixed2ieee<29, 1>' (r:/builds/2018.2/continuous/2018_06_14_2258646/src/products/hls/src/technology/autopilot/header_files\utils/x_hls_float_utils.h:339) automatically.
INFO: [XFORM 203-602] Inlining function 'fp_struct<float>::to_ieee' into 'scaled_fixed2ieee<29, 1>' (r:/builds/2018.2/continuous/2018_06_14_2258646/src/products/hls/src/technology/autopilot/header_files\utils/x_hls_float_utils.h:341) automatically.
INFO: [XFORM 203-602] Inlining function 'range_redux_payne_hanek_hotbm<29, float, 29, 29>' into 'hotbm_::sin_or_cos<float>' (r:/builds/2018.2/continuous/2018_06_14_2258646/src/products/hls/hls_lib/hlsmath/include/FloatingPoint\hls_hotbm.h:265) automatically.
INFO: [XFORM 203-602] Inlining function 'hotbm_::value_list<float>::sin_or_cos_approximation<29, 29>' into 'hotbm_::sin_or_cos<float>' (r:/builds/2018.2/continuous/2018_06_14_2258646/src/products/hls/hls_lib/hlsmath/include/FloatingPoint\hls_hotbm.h:276) automatically.
INFO: [XFORM 203-602] Inlining function 'fp_struct<float>::to_ieee' into 'hotbm_::sin_or_cos<float>' (r:/builds/2018.2/continuous/2018_06_14_2258646/src/products/hls/hls_lib/hlsmath/include/FloatingPoint\hls_hotbm.h:313) automatically.
INFO: [XFORM 203-602] Inlining function 'hotbm_::sin' into 'hls::hotbm::sin' (r:/builds/2018.2/continuous/2018_06_14_2258646/src/products/hls/hls_lib/hlsmath/src/c++/sincoshotbmfloat.cpp:9) automatically.
INFO: [XFORM 203-602] Inlining function 'hls::hotbm::sin' into 'hls::sin' (r:/builds/2018.2/continuous/2018_06_14_2258646/src/products/hls/hls_lib/hlsmath/src/c++/sincoshotbmfloat.cpp:31) automatically.
INFO: [XFORM 203-602] Inlining function 'exp_reduce_::exp' into 'hls::expf' (r:/builds/2018.2/continuous/2018_06_14_2258646/src/products/hls/hls_lib/hlsmath/src/c++/expfloat.cpp:19) automatically.
INFO: [XFORM 203-602] Inlining function 'hls::sin' into 'mathFunction' (Lab_6/core.cpp:9) automatically.
INFO: [XFORM 203-602] Inlining function 'hls::expf' into 'mathFunction' (Lab_6/core.cpp:9) automatically.
INFO: [XFORM 203-602] Inlining function 'hls::sqrtf' into 'mathFunction' (Lab_6/core.cpp:9) automatically.
INFO: [XFORM 203-401] Performing if-conversion on hyperblock from (r:/builds/2018.2/continuous/2018_06_14_2258646/src/products/hls/src/technology/autopilot/header_files\utils/x_hls_float_utils.h:323:50) to (r:/builds/2018.2/continuous/2018_06_14_2258646/src/products/hls/src/technology/autopilot/header_files\utils/x_hls_float_utils.h:342:1) in function 'scaled_fixed2ieee<29, 1>'... converting 3 basic blocks.
INFO: [XFORM 203-401] Performing if-conversion on hyperblock from (r:/builds/2018.2/continuous/2018_06_14_2258646/src/products/hls/hls_lib/hlsmath/include/FloatingPoint\hls_hotbm.h:235:18) to (r:/builds/2018.2/continuous/2018_06_14_2258646/src/products/hls/hls_lib/hlsmath/include/FloatingPoint\hls_hotbm.h:313:12) in function 'hotbm_::sin_or_cos<float>'... converting 10 basic blocks.
INFO: [XFORM 203-602] Inlining function 'hotbm_::sin_or_cos<float>' into 'mathFunction' (r:/builds/2018.2/continuous/2018_06_14_2258646/src/products/hls/hls_lib/hlsmath/src/common/hls_hotbm_float.cpp:122->r:/builds/2018.2/continuous/2018_06_14_2258646/src/products/hls/hls_lib/hlsmath/src/c++/sincoshotbmfloat.cpp:9->r:/builds/2018.2/continuous/2018_06_14_2258646/src/products/hls/hls_lib/hlsmath/src/c++/sincoshotbmfloat.cpp:31->Lab_6/core.cpp:9) automatically.
INFO: [HLS 200-111] Finished Pre-synthesis Time (s): cpu = 00:00:03 ; elapsed = 00:00:25 . Memory (MB): peak = 446.441 ; gain = 390.328
WARNING: [XFORM 203-631] Renaming function 'scaled_fixed2ieee<29, 1>' to 'scaled_fixed2ieee' (r:/builds/2018.2/continuous/2018_06_14_2258646/src/products/hls/src/technology/autopilot/header_files\utils/x_hls_float_utils.h:109:37)
INFO: [HLS 200-111] Finished Architecture Synthesis Time (s): cpu = 00:00:03 ; elapsed = 00:00:26 . Memory (MB): peak = 469.785 ; gain = 413.672
INFO: [HLS 200-10] Starting hardware synthesis ...
INFO: [HLS 200-10] Synthesizing 'mathFunction' ...
INFO: [HLS 200-10] ----------------------------------------------------------------
INFO: [HLS 200-42] -- Implementing module 'scaled_fixed2ieee' 
INFO: [HLS 200-10] ----------------------------------------------------------------
INFO: [SCHED 204-11] Starting scheduling ...
INFO: [SCHED 204-11] Finished scheduling.
INFO: [HLS 200-111]  Elapsed time: 26.259 seconds; current allocated memory: 405.056 MB.
INFO: [HLS 200-434] Only 0 loops out of a total 2 loops have been pipelined in this design.
INFO: [BIND 205-100] Starting micro-architecture generation ...
INFO: [BIND 205-101] Performing variable lifetime analysis.
INFO: [BIND 205-101] Exploring resource sharing.
INFO: [BIND 205-101] Binding ...
INFO: [BIND 205-100] Finished micro-architecture generation.
INFO: [HLS 200-111]  Elapsed time: 0.166 seconds; current allocated memory: 405.343 MB.
INFO: [HLS 200-10] ----------------------------------------------------------------
INFO: [HLS 200-42] -- Implementing module 'mathFunction' 
INFO: [HLS 200-10] ----------------------------------------------------------------
INFO: [SCHED 204-11] Starting scheduling ...
INFO: [SCHED 204-11] Finished scheduling.
INFO: [HLS 200-111]  Elapsed time: 0.316 seconds; current allocated memory: 406.415 MB.
INFO: [BIND 205-100] Starting micro-architecture generation ...
INFO: [BIND 205-101] Performing variable lifetime analysis.
INFO: [BIND 205-101] Exploring resource sharing.
INFO: [BIND 205-101] Binding ...
INFO: [BIND 205-100] Finished micro-architecture generation.
INFO: [HLS 200-111]  Elapsed time: 0.268 seconds; current allocated memory: 407.085 MB.
INFO: [HLS 200-10] ----------------------------------------------------------------
INFO: [HLS 200-10] -- Generating RTL for module 'scaled_fixed2ieee' 
INFO: [HLS 200-10] ----------------------------------------------------------------
INFO: [RTGEN 206-100] Finished creating RTL model for 'scaled_fixed2ieee'.
INFO: [HLS 200-111]  Elapsed time: 0.338 seconds; current allocated memory: 407.566 MB.
INFO: [HLS 200-10] ----------------------------------------------------------------
INFO: [HLS 200-10] -- Generating RTL for module 'mathFunction' 
INFO: [HLS 200-10] ----------------------------------------------------------------
INFO: [RTGEN 206-500] Setting interface mode on port 'mathFunction/x' to 'bram'.
INFO: [RTGEN 206-500] Setting interface mode on port 'mathFunction/y' to 's_axilite & ap_none'.
INFO: [RTGEN 206-500] Setting interface mode on port 'mathFunction/res' to 'bram'.
INFO: [RTGEN 206-500] Setting interface mode on function 'mathFunction' to 's_axilite & ap_ctrl_hs'.
INFO: [SYN 201-210] Renamed object name 'mathFunction_ref_4oPi_table_100_V' to 'mathFunction_ref_bkb' due to the length limit 20
INFO: [SYN 201-210] Renamed object name 'mathFunction_second_order_float_2' to 'mathFunction_secocud' due to the length limit 20
INFO: [SYN 201-210] Renamed object name 'mathFunction_second_order_float_3' to 'mathFunction_secodEe' due to the length limit 20
INFO: [SYN 201-210] Renamed object name 'mathFunction_second_order_float_s' to 'mathFunction_secoeOg' due to the length limit 20
INFO: [RTGEN 206-100] Bundling port 'return' to AXI-Lite port CRTL_BUS.
INFO: [SYN 201-210] Renamed object name 'mathFunction_fadd_32ns_32ns_32_5_full_dsp_1' to 'mathFunction_faddfYi' due to the length limit 20
INFO: [SYN 201-210] Renamed object name 'mathFunction_fmul_32ns_32ns_32_4_max_dsp_1' to 'mathFunction_fmulg8j' due to the length limit 20
INFO: [SYN 201-210] Renamed object name 'mathFunction_fsqrt_32ns_32ns_32_12_1' to 'mathFunction_fsqrhbi' due to the length limit 20
INFO: [SYN 201-210] Renamed object name 'mathFunction_fexp_32ns_32ns_32_9_full_dsp_1' to 'mathFunction_fexpibs' due to the length limit 20
INFO: [SYN 201-210] Renamed object name 'mathFunction_mul_80ns_24ns_104_5_1' to 'mathFunction_mul_jbC' due to the length limit 20
INFO: [SYN 201-210] Renamed object name 'mathFunction_mux_83_1_1_1' to 'mathFunction_mux_kbM' due to the length limit 20
INFO: [SYN 201-210] Renamed object name 'mathFunction_mux_164_1_1_1' to 'mathFunction_mux_lbW' due to the length limit 20
INFO: [SYN 201-210] Renamed object name 'mathFunction_mul_mul_15ns_15ns_30_1_1' to 'mathFunction_mul_mb6' due to the length limit 20
INFO: [SYN 201-210] Renamed object name 'mathFunction_mul_mul_15ns_15s_30_1_1' to 'mathFunction_mul_ncg' due to the length limit 20
WARNING: [RTGEN 206-101] Setting dangling out port 'mathFunction/x_WEN_A' to 0.
WARNING: [RTGEN 206-101] Setting dangling out port 'mathFunction/x_Din_A' to 0.
INFO: [RTGEN 206-100] Generating core module 'mathFunction_faddfYi': 1 instance(s).
INFO: [RTGEN 206-100] Generating core module 'mathFunction_fexpibs': 1 instance(s).
INFO: [RTGEN 206-100] Generating core module 'mathFunction_fmulg8j': 1 instance(s).
INFO: [RTGEN 206-100] Generating core module 'mathFunction_fsqrhbi': 1 instance(s).
INFO: [RTGEN 206-100] Generating core module 'mathFunction_mul_jbC': 1 instance(s).
INFO: [RTGEN 206-100] Generating core module 'mathFunction_mul_mb6': 1 instance(s).
INFO: [RTGEN 206-100] Generating core module 'mathFunction_mul_ncg': 1 instance(s).
INFO: [RTGEN 206-100] Generating core module 'mathFunction_mux_kbM': 1 instance(s).
INFO: [RTGEN 206-100] Generating core module 'mathFunction_mux_lbW': 2 instance(s).
INFO: [RTGEN 206-100] Finished creating RTL model for 'mathFunction'.
INFO: [HLS 200-111]  Elapsed time: 0.608 seconds; current allocated memory: 409.155 MB.
INFO: [RTMG 210-282] Generating pipelined core: 'mathFunction_mul_jbC_MulnS_0'
INFO: [RTMG 210-279] Implementing memory 'mathFunction_ref_bkb_rom' using distributed ROMs.
INFO: [RTMG 210-279] Implementing memory 'mathFunction_secocud_rom' using distributed ROMs.
INFO: [RTMG 210-279] Implementing memory 'mathFunction_secodEe_rom' using distributed ROMs.
INFO: [RTMG 210-279] Implementing memory 'mathFunction_secoeOg_rom' using distributed ROMs.
INFO: [HLS 200-111] Finished generating all RTL models Time (s): cpu = 00:00:05 ; elapsed = 00:00:31 . Memory (MB): peak = 477.691 ; gain = 421.578
INFO: [SYSC 207-301] Generating SystemC RTL for mathFunction.
INFO: [VHDL 208-304] Generating VHDL RTL for mathFunction.
INFO: [VLOG 209-307] Generating Verilog RTL for mathFunction.
INFO: [HLS 200-112] Total elapsed time: 30.984 seconds; peak allocated memory: 409.155 MB.
==============================================================
File generated by Vivado(TM) HLS - High-Level Synthesis from C, C++ and SystemC
Version: 2018.2
Copyright (C) 1986-2018 Xilinx, Inc. All Rights Reserved.

==============================================================

INFO: [SYN 201-201] Setting up clock 'default' with a period of 10ns.
INFO: [HLS 200-10] Setting target device to 'xc7z020clg484-1'
INFO: [SIM 211-2] *************** CSIM start ***************
INFO: [SIM 211-4] CSIM will launch GCC as the compiler.
INFO: [SIM 211-1] CSim done with 0 errors.
INFO: [SIM 211-3] *************** CSIM finish ***************
==============================================================
File generated by Vivado(TM) HLS - High-Level Synthesis from C, C++ and SystemC
Version: 2018.2
Copyright (C) 1986-2018 Xilinx, Inc. All Rights Reserved.

==============================================================

INFO: [SYN 201-201] Setting up clock 'default' with a period of 10ns.
INFO: [HLS 200-10] Setting target device to 'xc7z020clg484-1'
INFO: [SIM 211-2] *************** CSIM start ***************
INFO: [SIM 211-4] CSIM will launch GCC as the compiler.
INFO: [SIM 211-1] CSim done with 0 errors.
INFO: [SIM 211-3] *************** CSIM finish ***************
==============================================================
File generated by Vivado(TM) HLS - High-Level Synthesis from C, C++ and SystemC
Version: 2018.2
Copyright (C) 1986-2018 Xilinx, Inc. All Rights Reserved.

==============================================================

INFO: [SYN 201-201] Setting up clock 'default' with a period of 10ns.
INFO: [HLS 200-10] Setting target device to 'xc7z020clg484-1'
INFO: [SYN 201-201] Setting up clock 'default' with a period of 10ns.
INFO: [HLS 200-10] Analyzing design file 'Lab_6/core.cpp' ... 
INFO: [HLS 200-111] Finished Linking Time (s): cpu = 00:00:01 ; elapsed = 00:00:18 . Memory (MB): peak = 101.844 ; gain = 45.273
INFO: [HLS 200-111] Finished Checking Pragmas Time (s): cpu = 00:00:01 ; elapsed = 00:00:18 . Memory (MB): peak = 101.844 ; gain = 45.273
INFO: [HLS 200-10] Starting code transformations ...
INFO: [XFORM 203-603] Inlining function 'ap_fixed_base<58, 0, false, (ap_q_mode)5, (ap_o_mode)3, 0>::operator<<' into 'range_redux_payne_hanek_hotbm<29, float, 29, 29>' (r:/builds/2018.2/continuous/2018_06_14_2258646/src/products/hls/hls_lib/hlsmath/include/FloatingPoint/hls_range_redux.h:529).
INFO: [XFORM 203-603] Inlining function 'ap_fixed_base<29, 0, false, (ap_q_mode)5, (ap_o_mode)3, 0>::operator<<' into 'range_redux_payne_hanek_hotbm<29, float, 29, 29>' (r:/builds/2018.2/continuous/2018_06_14_2258646/src/products/hls/hls_lib/hlsmath/include/FloatingPoint/hls_range_redux.h:531).
INFO: [XFORM 203-603] Inlining function 'ap_fixed_base<29, 0, false, (ap_q_mode)0, (ap_o_mode)0, 0>::overflow_adjust' into 'ap_fixed_base<29, 0, false, (ap_q_mode)0, (ap_o_mode)0, 0>::ap_fixed_base<32, 32, true, (ap_q_mode)5, (ap_o_mode)3, 0>.1' ().
INFO: [XFORM 203-603] Inlining function 'ap_fixed_base<29, 1, false, (ap_q_mode)5, (ap_o_mode)3, 0>::operator<<' into 'scaled_fixed2ieee<29, 1>' (r:/builds/2018.2/continuous/2018_06_14_2258646/src/products/hls/src/technology/autopilot/header_files\utils/x_hls_float_utils.h:314).
INFO: [HLS 200-111] Finished Standard Transforms Time (s): cpu = 00:00:01 ; elapsed = 00:00:23 . Memory (MB): peak = 279.578 ; gain = 223.008
INFO: [HLS 200-10] Checking synthesizability ...
INFO: [XFORM 203-602] Inlining function 'fp_struct<float>::expv' into 'range_redux_payne_hanek_hotbm<29, float, 29, 29>' (r:/builds/2018.2/continuous/2018_06_14_2258646/src/products/hls/hls_lib/hlsmath/include/FloatingPoint/hls_range_redux.h:466) automatically.
INFO: [XFORM 203-602] Inlining function 'table_lookup_4oPi_hotbm<23, 29>' into 'range_redux_payne_hanek_hotbm<29, float, 29, 29>' (r:/builds/2018.2/continuous/2018_06_14_2258646/src/products/hls/hls_lib/hlsmath/include/FloatingPoint/hls_range_redux.h:492) automatically.
INFO: [XFORM 203-602] Inlining function 'clz<29, 58, 0>' into 'range_redux_payne_hanek_hotbm<29, float, 29, 29>' (r:/builds/2018.2/continuous/2018_06_14_2258646/src/products/hls/hls_lib/hlsmath/include/FloatingPoint/hls_range_redux.h:520) automatically.
INFO: [XFORM 203-602] Inlining function 'fp_struct<float>::data' into 'fp_struct<float>::to_float' (r:/builds/2018.2/continuous/2018_06_14_2258646/src/products/hls/src/technology/autopilot/header_files\utils/x_hls_utils.h:311) automatically.
INFO: [XFORM 203-602] Inlining function 'fp_struct<float>::to_float' into 'fp_struct<float>::to_ieee' (r:/builds/2018.2/continuous/2018_06_14_2258646/src/products/hls/src/technology/autopilot/header_files\utils/x_hls_utils.h:332) automatically.
INFO: [XFORM 203-602] Inlining function 'clz' into 'scaled_fixed2ieee<29, 1>' (r:/builds/2018.2/continuous/2018_06_14_2258646/src/products/hls/src/technology/autopilot/header_files\utils/x_hls_float_utils.h:306) automatically.
INFO: [XFORM 203-602] Inlining function 'fp_struct<float>::set_mantissa' into 'scaled_fixed2ieee<29, 1>' (r:/builds/2018.2/continuous/2018_06_14_2258646/src/products/hls/src/technology/autopilot/header_files\utils/x_hls_float_utils.h:339) automatically.
INFO: [XFORM 203-602] Inlining function 'fp_struct<float>::to_ieee' into 'scaled_fixed2ieee<29, 1>' (r:/builds/2018.2/continuous/2018_06_14_2258646/src/products/hls/src/technology/autopilot/header_files\utils/x_hls_float_utils.h:341) automatically.
INFO: [XFORM 203-602] Inlining function 'hotbm_::value_list<float>::sin_or_cos_approximation<29, 29>' into 'hotbm_::sin_or_cos<float>' (r:/builds/2018.2/continuous/2018_06_14_2258646/src/products/hls/hls_lib/hlsmath/include/FloatingPoint\hls_hotbm.h:276) automatically.
INFO: [XFORM 203-602] Inlining function 'fp_struct<float>::to_ieee' into 'hotbm_::sin_or_cos<float>' (r:/builds/2018.2/continuous/2018_06_14_2258646/src/products/hls/hls_lib/hlsmath/include/FloatingPoint\hls_hotbm.h:313) automatically.
INFO: [XFORM 203-602] Inlining function 'hotbm_::sin' into 'hls::hotbm::sin' (r:/builds/2018.2/continuous/2018_06_14_2258646/src/products/hls/hls_lib/hlsmath/src/c++/sincoshotbmfloat.cpp:9) automatically.
INFO: [XFORM 203-602] Inlining function 'hls::hotbm::sin' into 'hls::sin' (r:/builds/2018.2/continuous/2018_06_14_2258646/src/products/hls/hls_lib/hlsmath/src/c++/sincoshotbmfloat.cpp:31) automatically.
INFO: [XFORM 203-602] Inlining function 'exp_reduce_::exp' into 'hls::expf' (r:/builds/2018.2/continuous/2018_06_14_2258646/src/products/hls/hls_lib/hlsmath/src/c++/expfloat.cpp:19) automatically.
INFO: [XFORM 203-602] Inlining function 'hls::sin' into 'mathFunction' (Lab_6/core.cpp:9) automatically.
INFO: [XFORM 203-602] Inlining function 'hls::expf' into 'mathFunction' (Lab_6/core.cpp:9) automatically.
INFO: [XFORM 203-602] Inlining function 'hls::sqrtf' into 'mathFunction' (Lab_6/core.cpp:9) automatically.
WARNING: [SYNCHK 200-23] r:/builds/2018.2/continuous/2018_06_14_2258646/src/products/hls/src/technology/autopilot/header_files\utils/x_hls_float_utils.h:296: variable-indexed range selection may cause suboptimal QoR.
INFO: [SYNCHK 200-10] 0 error(s), 1 warning(s).
INFO: [HLS 200-111] Finished Checking Synthesizability Time (s): cpu = 00:00:02 ; elapsed = 00:00:24 . Memory (MB): peak = 343.949 ; gain = 287.379
INFO: [XFORM 203-502] Unrolling small iteration loop 'Loop-1' (r:/builds/2018.2/continuous/2018_06_14_2258646/src/products/hls/src/technology/autopilot/header_files\utils/x_hls_float_utils.h:294) in function 'scaled_fixed2ieee<29, 1>' automatically.
INFO: [XFORM 203-501] Unrolling loop 'Loop-1' (r:/builds/2018.2/continuous/2018_06_14_2258646/src/products/hls/src/technology/autopilot/header_files\utils/x_hls_float_utils.h:294) in function 'scaled_fixed2ieee<29, 1>' completely.
INFO: [XFORM 203-102] Automatically partitioning small array 'out_bits.V' (r:/builds/2018.2/continuous/2018_06_14_2258646/src/products/hls/src/technology/autopilot/header_files\utils/x_hls_float_utils.h:293) completely based on array size.
INFO: [XFORM 203-102] Automatically partitioning small array 'c' (r:/builds/2018.2/continuous/2018_06_14_2258646/src/products/hls/src/technology/autopilot/header_files\utils/x_hls_float_utils.h:304) completely based on array size.
INFO: [XFORM 203-101] Partitioning array 'swap_table.1'  in dimension 1 completely.
INFO: [XFORM 203-101] Partitioning array 'swap_table'  in dimension 1 completely.
INFO: [XFORM 203-101] Partitioning array 'neg_sin_table'  in dimension 1 completely.
INFO: [XFORM 203-101] Partitioning array 'neg_cos_table'  in dimension 1 completely.
INFO: [XFORM 203-101] Partitioning array 'out_bits.V' (r:/builds/2018.2/continuous/2018_06_14_2258646/src/products/hls/src/technology/autopilot/header_files\utils/x_hls_float_utils.h:293) in dimension 1 completely.
INFO: [XFORM 203-101] Partitioning array 'c' (r:/builds/2018.2/continuous/2018_06_14_2258646/src/products/hls/src/technology/autopilot/header_files\utils/x_hls_float_utils.h:304) in dimension 1 completely.
INFO: [XFORM 203-602] Inlining function 'fp_struct<float>::expv' into 'range_redux_payne_hanek_hotbm<29, float, 29, 29>' (r:/builds/2018.2/continuous/2018_06_14_2258646/src/products/hls/hls_lib/hlsmath/include/FloatingPoint/hls_range_redux.h:466) automatically.
INFO: [XFORM 203-602] Inlining function 'table_lookup_4oPi_hotbm<23, 29>' into 'range_redux_payne_hanek_hotbm<29, float, 29, 29>' (r:/builds/2018.2/continuous/2018_06_14_2258646/src/products/hls/hls_lib/hlsmath/include/FloatingPoint/hls_range_redux.h:492) automatically.
INFO: [XFORM 203-602] Inlining function 'clz<29, 58, 0>' into 'range_redux_payne_hanek_hotbm<29, float, 29, 29>' (r:/builds/2018.2/continuous/2018_06_14_2258646/src/products/hls/hls_lib/hlsmath/include/FloatingPoint/hls_range_redux.h:520) automatically.
INFO: [XFORM 203-602] Inlining function 'fp_struct<float>::data' into 'fp_struct<float>::to_float' (r:/builds/2018.2/continuous/2018_06_14_2258646/src/products/hls/src/technology/autopilot/header_files\utils/x_hls_utils.h:311) automatically.
INFO: [XFORM 203-602] Inlining function 'fp_struct<float>::to_float' into 'fp_struct<float>::to_ieee' (r:/builds/2018.2/continuous/2018_06_14_2258646/src/products/hls/src/technology/autopilot/header_files\utils/x_hls_utils.h:332) automatically.
INFO: [XFORM 203-602] Inlining function 'clz' into 'scaled_fixed2ieee<29, 1>' (r:/builds/2018.2/continuous/2018_06_14_2258646/src/products/hls/src/technology/autopilot/header_files\utils/x_hls_float_utils.h:306) automatically.
INFO: [XFORM 203-602] Inlining function 'fp_struct<float>::set_mantissa' into 'scaled_fixed2ieee<29, 1>' (r:/builds/2018.2/continuous/2018_06_14_2258646/src/products/hls/src/technology/autopilot/header_files\utils/x_hls_float_utils.h:339) automatically.
INFO: [XFORM 203-602] Inlining function 'fp_struct<float>::to_ieee' into 'scaled_fixed2ieee<29, 1>' (r:/builds/2018.2/continuous/2018_06_14_2258646/src/products/hls/src/technology/autopilot/header_files\utils/x_hls_float_utils.h:341) automatically.
INFO: [XFORM 203-602] Inlining function 'range_redux_payne_hanek_hotbm<29, float, 29, 29>' into 'hotbm_::sin_or_cos<float>' (r:/builds/2018.2/continuous/2018_06_14_2258646/src/products/hls/hls_lib/hlsmath/include/FloatingPoint\hls_hotbm.h:265) automatically.
INFO: [XFORM 203-602] Inlining function 'hotbm_::value_list<float>::sin_or_cos_approximation<29, 29>' into 'hotbm_::sin_or_cos<float>' (r:/builds/2018.2/continuous/2018_06_14_2258646/src/products/hls/hls_lib/hlsmath/include/FloatingPoint\hls_hotbm.h:276) automatically.
INFO: [XFORM 203-602] Inlining function 'fp_struct<float>::to_ieee' into 'hotbm_::sin_or_cos<float>' (r:/builds/2018.2/continuous/2018_06_14_2258646/src/products/hls/hls_lib/hlsmath/include/FloatingPoint\hls_hotbm.h:313) automatically.
INFO: [XFORM 203-602] Inlining function 'hotbm_::sin' into 'hls::hotbm::sin' (r:/builds/2018.2/continuous/2018_06_14_2258646/src/products/hls/hls_lib/hlsmath/src/c++/sincoshotbmfloat.cpp:9) automatically.
INFO: [XFORM 203-602] Inlining function 'hls::hotbm::sin' into 'hls::sin' (r:/builds/2018.2/continuous/2018_06_14_2258646/src/products/hls/hls_lib/hlsmath/src/c++/sincoshotbmfloat.cpp:31) automatically.
INFO: [XFORM 203-602] Inlining function 'exp_reduce_::exp' into 'hls::expf' (r:/builds/2018.2/continuous/2018_06_14_2258646/src/products/hls/hls_lib/hlsmath/src/c++/expfloat.cpp:19) automatically.
INFO: [XFORM 203-602] Inlining function 'hls::sin' into 'mathFunction' (Lab_6/core.cpp:9) automatically.
INFO: [XFORM 203-602] Inlining function 'hls::expf' into 'mathFunction' (Lab_6/core.cpp:9) automatically.
INFO: [XFORM 203-602] Inlining function 'hls::sqrtf' into 'mathFunction' (Lab_6/core.cpp:9) automatically.
INFO: [XFORM 203-401] Performing if-conversion on hyperblock from (r:/builds/2018.2/continuous/2018_06_14_2258646/src/products/hls/src/technology/autopilot/header_files\utils/x_hls_float_utils.h:323:50) to (r:/builds/2018.2/continuous/2018_06_14_2258646/src/products/hls/src/technology/autopilot/header_files\utils/x_hls_float_utils.h:342:1) in function 'scaled_fixed2ieee<29, 1>'... converting 3 basic blocks.
INFO: [XFORM 203-401] Performing if-conversion on hyperblock from (r:/builds/2018.2/continuous/2018_06_14_2258646/src/products/hls/hls_lib/hlsmath/include/FloatingPoint\hls_hotbm.h:235:18) to (r:/builds/2018.2/continuous/2018_06_14_2258646/src/products/hls/hls_lib/hlsmath/include/FloatingPoint\hls_hotbm.h:313:12) in function 'hotbm_::sin_or_cos<float>'... converting 10 basic blocks.
INFO: [XFORM 203-602] Inlining function 'hotbm_::sin_or_cos<float>' into 'mathFunction' (r:/builds/2018.2/continuous/2018_06_14_2258646/src/products/hls/hls_lib/hlsmath/src/common/hls_hotbm_float.cpp:122->r:/builds/2018.2/continuous/2018_06_14_2258646/src/products/hls/hls_lib/hlsmath/src/c++/sincoshotbmfloat.cpp:9->r:/builds/2018.2/continuous/2018_06_14_2258646/src/products/hls/hls_lib/hlsmath/src/c++/sincoshotbmfloat.cpp:31->Lab_6/core.cpp:9) automatically.
INFO: [HLS 200-111] Finished Pre-synthesis Time (s): cpu = 00:00:02 ; elapsed = 00:00:26 . Memory (MB): peak = 447.086 ; gain = 390.516
WARNING: [XFORM 203-631] Renaming function 'scaled_fixed2ieee<29, 1>' to 'scaled_fixed2ieee' (r:/builds/2018.2/continuous/2018_06_14_2258646/src/products/hls/src/technology/autopilot/header_files\utils/x_hls_float_utils.h:109:37)
INFO: [HLS 200-111] Finished Architecture Synthesis Time (s): cpu = 00:00:03 ; elapsed = 00:00:26 . Memory (MB): peak = 470.422 ; gain = 413.852
INFO: [HLS 200-10] Starting hardware synthesis ...
INFO: [HLS 200-10] Synthesizing 'mathFunction' ...
INFO: [HLS 200-10] ----------------------------------------------------------------
INFO: [HLS 200-42] -- Implementing module 'scaled_fixed2ieee' 
INFO: [HLS 200-10] ----------------------------------------------------------------
INFO: [SCHED 204-11] Starting scheduling ...
INFO: [SCHED 204-11] Finished scheduling.
INFO: [HLS 200-111]  Elapsed time: 26.372 seconds; current allocated memory: 405.056 MB.
INFO: [HLS 200-434] Only 0 loops out of a total 2 loops have been pipelined in this design.
INFO: [BIND 205-100] Starting micro-architecture generation ...
INFO: [BIND 205-101] Performing variable lifetime analysis.
INFO: [BIND 205-101] Exploring resource sharing.
INFO: [BIND 205-101] Binding ...
INFO: [BIND 205-100] Finished micro-architecture generation.
INFO: [HLS 200-111]  Elapsed time: 0.185 seconds; current allocated memory: 405.343 MB.
INFO: [HLS 200-10] ----------------------------------------------------------------
INFO: [HLS 200-42] -- Implementing module 'mathFunction' 
INFO: [HLS 200-10] ----------------------------------------------------------------
INFO: [SCHED 204-11] Starting scheduling ...
INFO: [SCHED 204-11] Finished scheduling.
INFO: [HLS 200-111]  Elapsed time: 0.37 seconds; current allocated memory: 406.430 MB.
INFO: [BIND 205-100] Starting micro-architecture generation ...
INFO: [BIND 205-101] Performing variable lifetime analysis.
INFO: [BIND 205-101] Exploring resource sharing.
INFO: [BIND 205-101] Binding ...
INFO: [BIND 205-100] Finished micro-architecture generation.
INFO: [HLS 200-111]  Elapsed time: 0.288 seconds; current allocated memory: 407.100 MB.
INFO: [HLS 200-10] ----------------------------------------------------------------
INFO: [HLS 200-10] -- Generating RTL for module 'scaled_fixed2ieee' 
INFO: [HLS 200-10] ----------------------------------------------------------------
INFO: [RTGEN 206-100] Finished creating RTL model for 'scaled_fixed2ieee'.
INFO: [HLS 200-111]  Elapsed time: 0.354 seconds; current allocated memory: 407.582 MB.
INFO: [HLS 200-10] ----------------------------------------------------------------
INFO: [HLS 200-10] -- Generating RTL for module 'mathFunction' 
INFO: [HLS 200-10] ----------------------------------------------------------------
INFO: [RTGEN 206-500] Setting interface mode on port 'mathFunction/x' to 'bram'.
INFO: [RTGEN 206-500] Setting interface mode on port 'mathFunction/y' to 's_axilite & ap_none'.
INFO: [RTGEN 206-500] Setting interface mode on port 'mathFunction/res' to 'bram'.
INFO: [RTGEN 206-500] Setting interface mode on function 'mathFunction' to 's_axilite & ap_ctrl_hs'.
INFO: [SYN 201-210] Renamed object name 'mathFunction_ref_4oPi_table_100_V' to 'mathFunction_ref_bkb' due to the length limit 20
INFO: [SYN 201-210] Renamed object name 'mathFunction_second_order_float_2' to 'mathFunction_secocud' due to the length limit 20
INFO: [SYN 201-210] Renamed object name 'mathFunction_second_order_float_3' to 'mathFunction_secodEe' due to the length limit 20
INFO: [SYN 201-210] Renamed object name 'mathFunction_second_order_float_s' to 'mathFunction_secoeOg' due to the length limit 20
INFO: [RTGEN 206-100] Bundling port 'return' to AXI-Lite port CRTL_BUS.
INFO: [SYN 201-210] Renamed object name 'mathFunction_fadd_32ns_32ns_32_5_full_dsp_1' to 'mathFunction_faddfYi' due to the length limit 20
INFO: [SYN 201-210] Renamed object name 'mathFunction_fmul_32ns_32ns_32_4_max_dsp_1' to 'mathFunction_fmulg8j' due to the length limit 20
INFO: [SYN 201-210] Renamed object name 'mathFunction_fsqrt_32ns_32ns_32_12_1' to 'mathFunction_fsqrhbi' due to the length limit 20
INFO: [SYN 201-210] Renamed object name 'mathFunction_fexp_32ns_32ns_32_9_full_dsp_1' to 'mathFunction_fexpibs' due to the length limit 20
INFO: [SYN 201-210] Renamed object name 'mathFunction_mul_80ns_24ns_104_5_1' to 'mathFunction_mul_jbC' due to the length limit 20
INFO: [SYN 201-210] Renamed object name 'mathFunction_mux_83_1_1_1' to 'mathFunction_mux_kbM' due to the length limit 20
INFO: [SYN 201-210] Renamed object name 'mathFunction_mux_164_1_1_1' to 'mathFunction_mux_lbW' due to the length limit 20
INFO: [SYN 201-210] Renamed object name 'mathFunction_mul_mul_15ns_15ns_30_1_1' to 'mathFunction_mul_mb6' due to the length limit 20
INFO: [SYN 201-210] Renamed object name 'mathFunction_mul_mul_15ns_15s_30_1_1' to 'mathFunction_mul_ncg' due to the length limit 20
WARNING: [RTGEN 206-101] Setting dangling out port 'mathFunction/x_WEN_A' to 0.
WARNING: [RTGEN 206-101] Setting dangling out port 'mathFunction/x_Din_A' to 0.
INFO: [RTGEN 206-100] Generating core module 'mathFunction_faddfYi': 1 instance(s).
INFO: [RTGEN 206-100] Generating core module 'mathFunction_fexpibs': 1 instance(s).
INFO: [RTGEN 206-100] Generating core module 'mathFunction_fmulg8j': 1 instance(s).
INFO: [RTGEN 206-100] Generating core module 'mathFunction_fsqrhbi': 1 instance(s).
INFO: [RTGEN 206-100] Generating core module 'mathFunction_mul_jbC': 1 instance(s).
INFO: [RTGEN 206-100] Generating core module 'mathFunction_mul_mb6': 1 instance(s).
INFO: [RTGEN 206-100] Generating core module 'mathFunction_mul_ncg': 1 instance(s).
INFO: [RTGEN 206-100] Generating core module 'mathFunction_mux_kbM': 1 instance(s).
INFO: [RTGEN 206-100] Generating core module 'mathFunction_mux_lbW': 2 instance(s).
INFO: [RTGEN 206-100] Finished creating RTL model for 'mathFunction'.
INFO: [HLS 200-111]  Elapsed time: 0.654 seconds; current allocated memory: 409.180 MB.
INFO: [RTMG 210-282] Generating pipelined core: 'mathFunction_mul_jbC_MulnS_0'
INFO: [RTMG 210-279] Implementing memory 'mathFunction_ref_bkb_rom' using distributed ROMs.
INFO: [RTMG 210-279] Implementing memory 'mathFunction_secocud_rom' using distributed ROMs.
INFO: [RTMG 210-279] Implementing memory 'mathFunction_secodEe_rom' using distributed ROMs.
INFO: [RTMG 210-279] Implementing memory 'mathFunction_secoeOg_rom' using distributed ROMs.
INFO: [HLS 200-111] Finished generating all RTL models Time (s): cpu = 00:00:04 ; elapsed = 00:00:31 . Memory (MB): peak = 478.102 ; gain = 421.531
INFO: [SYSC 207-301] Generating SystemC RTL for mathFunction.
INFO: [VHDL 208-304] Generating VHDL RTL for mathFunction.
INFO: [VLOG 209-307] Generating Verilog RTL for mathFunction.
INFO: [HLS 200-112] Total elapsed time: 31.113 seconds; peak allocated memory: 409.180 MB.
==============================================================
File generated by Vivado(TM) HLS - High-Level Synthesis from C, C++ and SystemC
Version: 2018.2
Copyright (C) 1986-2018 Xilinx, Inc. All Rights Reserved.

==============================================================

INFO: [SYN 201-201] Setting up clock 'default' with a period of 10ns.
INFO: [HLS 200-10] Setting target device to 'xc7z020clg484-1'
INFO: [COSIM 212-47] Using XSIM for RTL simulation.
INFO: [COSIM 212-14] Instrumenting C test bench ...
INFO: [COSIM 212-302] Starting C TB testing ... 
INFO: [COSIM 212-333] Generating C post check test bench ...
INFO: [COSIM 212-12] Generating RTL test bench ...
INFO: [COSIM 212-323] Starting verilog simulation. 
INFO: [COSIM 212-15] Starting XSIM ...
INFO: [COSIM 212-316] Starting C post checking ...
INFO: [COSIM 212-1000] *** C/RTL co-simulation finished: PASS ***
INFO: [COSIM 212-211] II is measurable only when transaction number is greater than 1 in RTL simulation. Otherwise, they will be marked as all NA. If user wants to calculate them, please make sure there are at least 2 transactions in RTL simulation.
==============================================================
File generated by Vivado(TM) HLS - High-Level Synthesis from C, C++ and SystemC
Version: 2018.2
Copyright (C) 1986-2018 Xilinx, Inc. All Rights Reserved.

==============================================================

INFO: [SYN 201-201] Setting up clock 'default' with a period of 10ns.
INFO: [HLS 200-10] Setting target device to 'xc7z020clg484-1'
INFO: [IMPL 213-8] Exporting RTL as a Vivado IP.
ERROR: [IMPL 213-28] Failed to generate IP.
==============================================================
File generated by Vivado(TM) HLS - High-Level Synthesis from C, C++ and SystemC
Version: 2018.2
Copyright (C) 1986-2018 Xilinx, Inc. All Rights Reserved.

==============================================================

INFO: [SYN 201-201] Setting up clock 'default' with a period of 10ns.
INFO: [HLS 200-10] Setting target device to 'xc7z020clg484-1'
INFO: [IMPL 213-8] Exporting RTL as a Vivado IP.
