

================================================================
== Vivado HLS Report for 'find'
================================================================
* Date:           Sun Jul  9 16:52:33 2023

* Version:        2018.2 (Build 2258646 on Thu Jun 14 20:25:20 MDT 2018)
* Project:        Lab_2
* Solution:       solution1
* Product family: zynq
* Target device:  xc7z020clg484-1


================================================================
== Performance Estimates
================================================================
+ Timing (ns): 
    * Summary: 
    +--------+-------+----------+------------+
    |  Clock | Target| Estimated| Uncertainty|
    +--------+-------+----------+------------+
    |ap_clk  |  10.00|     5.185|        1.25|
    +--------+-------+----------+------------+

+ Latency (clock cycles): 
    * Summary: 
    +-----+-----+-----+-----+---------+
    |  Latency  |  Interval | Pipeline|
    | min | max | min | max |   Type  |
    +-----+-----+-----+-----+---------+
    |   21|   21|   21|   21|   none  |
    +-----+-----+-----+-----+---------+

    + Detail: 
        * Instance: 
        N/A

        * Loop: 
        +----------+-----+-----+----------+-----------+-----------+------+----------+
        |          |  Latency  | Iteration|  Initiation Interval  | Trip |          |
        | Loop Name| min | max |  Latency |  achieved |   target  | Count| Pipelined|
        +----------+-----+-----+----------+-----------+-----------+------+----------+
        |- Loop 1  |   20|   20|         2|          -|          -|    10|    no    |
        +----------+-----+-----+----------+-----------+-----------+------+----------+

============================================================
+ Verbose Summary: Synthesis Manager
============================================================
InlineROM: 1
ExposeGlobal: 0
============================================================
+ Verbose Summary: CDFG Model
============================================================
IsTopModel: 1
ResetActiveHigh: 1
IsCombinational: 0
IsDatapathOnly: 0
HasWiredReturn: 1
HasMFsm: 0
HasVarLatency: 1
IsPipeline: 0
IsRtlPipelined: 0
IsInstanceOverlapped: 0
IsDontTouch: 0
HasImplIP: 0
IsGatedGlobalClock: 0


============================================================
+ Verbose Summary: Schedule
============================================================
* Number of FSM states : 3
* Pipeline : 0
* Dataflow Pipeline: 0

* FSM state transitions: 
1 --> 
	2  / true
2 --> 
	3  / (!exitcond)
3 --> 
	2  / true

* FSM state operations: 

State 1 <SV = 0> <Delay = 1.76>
ST_1 : Operation 4 [1/1] (0.00ns)   --->   "call void (...)* @_ssdm_op_SpecBitsMap(i8 %val_r) nounwind, !map !7"   --->   Operation 4 'specbitsmap' <Predicate = true> <Delay = 0.00>
ST_1 : Operation 5 [1/1] (0.00ns)   --->   "call void (...)* @_ssdm_op_SpecBitsMap(i8* %in_vec) nounwind, !map !13"   --->   Operation 5 'specbitsmap' <Predicate = true> <Delay = 0.00>
ST_1 : Operation 6 [1/1] (0.00ns)   --->   "call void (...)* @_ssdm_op_SpecBitsMap(i8* %out_vec) nounwind, !map !19"   --->   Operation 6 'specbitsmap' <Predicate = true> <Delay = 0.00>
ST_1 : Operation 7 [1/1] (0.00ns)   --->   "call void (...)* @_ssdm_op_SpecTopModule([5 x i8]* @find_str) nounwind"   --->   Operation 7 'spectopmodule' <Predicate = true> <Delay = 0.00>
ST_1 : Operation 8 [1/1] (0.00ns)   --->   "%val_read = call i8 @_ssdm_op_Read.ap_auto.i8(i8 %val_r) nounwind"   --->   Operation 8 'read' 'val_read' <Predicate = true> <Delay = 0.00>
ST_1 : Operation 9 [1/1] (0.00ns)   --->   "call void (...)* @_ssdm_op_SpecInterface(i8* %in_vec, [8 x i8]* @p_str, i32 0, i32 0, [1 x i8]* @p_str1, i32 0, i32 0, [1 x i8]* @p_str1, [1 x i8]* @p_str1, [1 x i8]* @p_str1, i32 0, i32 0, i32 0, i32 0, [1 x i8]* @p_str1, [1 x i8]* @p_str1)"   --->   Operation 9 'specinterface' <Predicate = true> <Delay = 0.00>
ST_1 : Operation 10 [1/1] (0.00ns)   --->   "call void (...)* @_ssdm_op_SpecInterface(i8* %out_vec, [8 x i8]* @p_str, i32 0, i32 0, [1 x i8]* @p_str1, i32 0, i32 0, [1 x i8]* @p_str1, [1 x i8]* @p_str1, [1 x i8]* @p_str1, i32 0, i32 0, i32 0, i32 0, [1 x i8]* @p_str1, [1 x i8]* @p_str1)"   --->   Operation 10 'specinterface' <Predicate = true> <Delay = 0.00>
ST_1 : Operation 11 [1/1] (1.76ns)   --->   "br label %1" [Lab_2/core.cpp:6]   --->   Operation 11 'br' <Predicate = true> <Delay = 1.76>

State 2 <SV = 1> <Delay = 5.18>
ST_2 : Operation 12 [1/1] (0.00ns)   --->   "%i = phi i4 [ 0, %0 ], [ %i_1, %2 ]"   --->   Operation 12 'phi' 'i' <Predicate = true> <Delay = 0.00>
ST_2 : Operation 13 [1/1] (1.30ns)   --->   "%exitcond = icmp eq i4 %i, -6" [Lab_2/core.cpp:6]   --->   Operation 13 'icmp' 'exitcond' <Predicate = true> <Delay = 1.30> <Core = "Cmp">   --->   Core 25 'Cmp' <Latency = 0> <II = 1> <Delay = 1.55> <FuncUnit> <Opcode : 'icmp'> <InPorts = 2> <OutPorts = 1>
ST_2 : Operation 14 [1/1] (0.00ns)   --->   "%empty = call i32 (...)* @_ssdm_op_SpecLoopTripCount(i64 10, i64 10, i64 10) nounwind"   --->   Operation 14 'speclooptripcount' 'empty' <Predicate = true> <Delay = 0.00>
ST_2 : Operation 15 [1/1] (1.73ns)   --->   "%i_1 = add i4 %i, 1" [Lab_2/core.cpp:6]   --->   Operation 15 'add' 'i_1' <Predicate = true> <Delay = 1.73> <Core = "AddSub">   --->   Core 14 'AddSub' <Latency = 0> <II = 1> <Delay = 1.73> <FuncUnit> <Opcode : 'add' 'sub'> <InPorts = 2> <OutPorts = 1>
ST_2 : Operation 16 [1/1] (0.00ns)   --->   "br i1 %exitcond, label %3, label %2" [Lab_2/core.cpp:6]   --->   Operation 16 'br' <Predicate = true> <Delay = 0.00>
ST_2 : Operation 17 [1/1] (3.63ns)   --->   "%in_vec_read = call i8 @_ssdm_op_Read.ap_fifo.volatile.i8P(i8* %in_vec) nounwind" [Lab_2/core.cpp:7]   --->   Operation 17 'read' 'in_vec_read' <Predicate = (!exitcond)> <Delay = 3.63> <Core = "FIFO">   --->   Core 32 'FIFO' <Latency = 0> <II = 1> <Delay = 3.63> <Storage> <Opcode : 'read' 'write' 'nbread' 'nbwrite'> <Ports = 0> <Width = 8> <Depth = 0> <FIFO>
ST_2 : Operation 18 [1/1] (1.55ns)   --->   "%tmp_1 = icmp eq i8 %in_vec_read, %val_read" [Lab_2/core.cpp:7]   --->   Operation 18 'icmp' 'tmp_1' <Predicate = (!exitcond)> <Delay = 1.55> <Core = "Cmp">   --->   Core 25 'Cmp' <Latency = 0> <II = 1> <Delay = 1.55> <FuncUnit> <Opcode : 'icmp'> <InPorts = 2> <OutPorts = 1>
ST_2 : Operation 19 [1/1] (0.00ns)   --->   "ret void" [Lab_2/core.cpp:13]   --->   Operation 19 'ret' <Predicate = (exitcond)> <Delay = 0.00>

State 3 <SV = 2> <Delay = 3.63>
ST_3 : Operation 20 [1/1] (0.00ns)   --->   "%storemerge = zext i1 %tmp_1 to i8" [Lab_2/core.cpp:7]   --->   Operation 20 'zext' 'storemerge' <Predicate = true> <Delay = 0.00>
ST_3 : Operation 21 [1/1] (3.63ns)   --->   "call void @_ssdm_op_Write.ap_fifo.volatile.i8P(i8* %out_vec, i8 %storemerge) nounwind" [Lab_2/core.cpp:8]   --->   Operation 21 'write' <Predicate = true> <Delay = 3.63> <Core = "FIFO">   --->   Core 32 'FIFO' <Latency = 0> <II = 1> <Delay = 3.63> <Storage> <Opcode : 'read' 'write' 'nbread' 'nbwrite'> <Ports = 0> <Width = 8> <Depth = 0> <FIFO>
ST_3 : Operation 22 [1/1] (0.00ns)   --->   "br label %1" [Lab_2/core.cpp:6]   --->   Operation 22 'br' <Predicate = true> <Delay = 0.00>


============================================================
+ Verbose Summary: Timing violations
============================================================
Target clock period: 10ns, clock uncertainty: 1.25ns.

 <State 1>: 1.77ns
The critical path consists of the following:
	multiplexor before 'phi' operation ('i') with incoming values : ('i', Lab_2/core.cpp:6) [13]  (1.77 ns)

 <State 2>: 5.18ns
The critical path consists of the following:
	fifo read on port 'in_vec' (Lab_2/core.cpp:7) [19]  (3.63 ns)
	'icmp' operation ('tmp_1', Lab_2/core.cpp:7) [20]  (1.55 ns)

 <State 3>: 3.63ns
The critical path consists of the following:
	fifo write on port 'out_vec' (Lab_2/core.cpp:8) [22]  (3.63 ns)


============================================================
+ Verbose Summary: Binding
============================================================
N/A
* FSMD analyzer results:
  - Output states:
 - Input state : 
  - Chain level:
	State 1
	State 2
	State 3


============================================================
+ Verbose Summary: Datapath Resource usage 
============================================================
N/A
