INFO: [HLS 200-10] Running '/opt/Xilinx/Vivado/2018.2/bin/unwrapped/lnx64.o/vivado_hls'
INFO: [HLS 200-10] For user 'root' on host 'Shahzaib-Zbook' (Linux_x86_64 version 5.15.0-76-generic) on Tue Jul 11 17:13:53 PKT 2023
INFO: [HLS 200-10] On os Ubuntu 20.04.5 LTS
INFO: [HLS 200-10] In directory '/home/shahlarious/TUKL/vivado_labs'
INFO: [HLS 200-10] Opening project '/home/shahlarious/TUKL/vivado_labs/Convolutions'.
INFO: [HLS 200-10] Opening solution '/home/shahlarious/TUKL/vivado_labs/Convolutions/solution1'.
INFO: [SYN 201-201] Setting up clock 'default' with a period of 10ns.
INFO: [HLS 200-10] Setting target device to 'xc7z020clg484-1'
INFO: [SIM 211-2] *************** CSIM start ***************
INFO: [SIM 211-4] CSIM will launch GCC as the compiler.
make: 'csim.exe' is up to date.
sh: 1: pause: not found
Load Image /home/shahlarious/TUKL/vivado_labs/Convolutions/inputImage.bmp
Image Rows=240 Cols=320
Destination Rows=240 Cols=320
Calling Core function!
Core function ended!
Saving image...
INFO: [SIM 211-1] CSim done with 0 errors.
INFO: [SIM 211-3] *************** CSIM finish ***************
