19:22:16 INFO  : Registering command handlers for SDK TCF services
19:22:17 INFO  : Launching XSCT server: xsct.bat -interactive F:\Machine-Learning\vivado_labs\Lab_6_SDK\Lab_6_SDK.sdk\temp_xsdb_launch_script.tcl
19:22:21 INFO  : XSCT server has started successfully.
19:22:25 INFO  : Successfully done setting XSCT server connection channel  
19:22:25 INFO  : Successfully done setting SDK workspace  
19:22:25 INFO  : Processing command line option -hwspec F:/Machine-Learning/vivado_labs/Lab_6_SDK/Lab_6_SDK.sdk/design_1_wrapper.hdf.
20:20:48 INFO  : SDK has detected change in the last modified timestamps for source hardware specification file Source:1688915973385,  Project:1688912208751
20:20:48 INFO  : Project design_1_wrapper_hw_platform_0's source hardware specification located at F:/Machine-Learning/vivado_labs/Lab_6_SDK/Lab_6_SDK.sdk/design_1_wrapper.hdf is now different from the local copy.
		 The local copy will be replaced with the source specification and your workspace will be updated.
20:21:10 INFO  : Copied contents of F:/Machine-Learning/vivado_labs/Lab_6_SDK/Lab_6_SDK.sdk/design_1_wrapper.hdf into \design_1_wrapper_hw_platform_0\system.hdf.
20:21:14 INFO  : Synchronizing projects in the workspace with the hardware platform specification changes.
20:21:16 ERROR : (XSDB Server)ERROR: [Hsi 55-1545] Problem running tcl command ::sw_standalone_v6_7::generate : error deleting "F:/Machine-Learning/vivado_labs/Lab_6_SDK/Lab_6_SDK.sdk/testMathFunction_bsp/ps7_cortexa9_0/libsrc/standalone_v6_7/src/arm\cortexa53\32bit\uart.c": permission denied
    while executing
"file delete -force $armsrcdir"
    (procedure "::sw_standalone_v6_7::generate" line 293)
    invoked from within
"::sw_standalone_v6_7::generate standalone"
ERROR: [Hsi 55-1442] Error(s) while running TCL procedure generate()

20:21:16 ERROR : (XSDB Server)ERROR: [Hsi 55-1450] Error: running generate_bsp.

20:21:16 ERROR : Failed to call sync_sw_with_hw_change
Reason: ERROR: [Common 17-39] 'hsi::generate_bsp' failed due to earlier errors.

20:21:16 ERROR : Error updating BSP project MSS files.
20:21:17 INFO  : Updating hardware inferred compiler options for testMathFunction.
20:21:17 INFO  : Clearing existing target manager status.
20:21:17 INFO  : Closing and re-opening the MSS file of ther project testMathFunction_bsp
20:21:19 INFO  : Closing and re-opening the MSS file of ther project testMathFunction_bsp
20:21:19 INFO  : Closing and re-opening the MSS file of ther project testMathFunction_bsp
20:21:19 INFO  : Workspace synchronized with the new hardware specification file. Cleaning dependent projects...
20:21:22 WARN  : Linker script will not be updated automatically. Users need to update it manually.
