INFO: [SIM 2] *************** CSIM start ***************
INFO: [SIM 4] CSIM will launch GCC as the compiler.
   Compiling ../../../core.cpp in debug mode
   Generating csim.exe
res[0] = 0.502506
res[1] = 0.923242
res[2] = 0.957155
res[3] = 0.573066
res[4] = 0.124105
res[5] = 0.023044
res[6] = 0.362799
res[7] = 0.830999
res[8] = 0.997185
res[9] = 0.708565
res[10] = 0.230496
res[11] = 0.002511
res[12] = 0.234220
res[13] = 0.712590
res[14] = 0.997810
res[15] = 0.827650
res[16] = 0.358555
res[17] = 0.021808
res[18] = 0.127013
res[19] = 0.577445
res[20] = 0.958979
res[21] = 0.920834
res[22] = 0.498081
res[23] = 0.079396
res[24] = 0.049717
res[25] = 0.436330
res[26] = 0.883785
res[27] = 0.980694
res[28] = 0.637959
res[29] = 0.170689
res[30] = 0.008490
res[31] = 0.300487
res[32] = 0.778220
res[33] = 1.002462
res[34] = 0.767048
res[35] = 0.288415
res[36] = 0.006617
res[37] = 0.180737
res[38] = 0.650691
res[39] = 0.984404
res[40] = 0.875063
res[41] = 0.423195
res[42] = 0.044246
res[43] = 0.086619
res[44] = 0.511357
res[45] = 0.927958
res[46] = 0.953400
res[47] = 0.564293
res[48] = 0.118379
res[49] = 0.025630
res[50] = 0.371319
res[51] = 0.837621
res[52] = 0.995820
res[53] = 0.700469
res[54] = 0.223112
res[55] = 0.002629
res[56] = 0.241731
res[57] = 0.720589
res[58] = 0.998943
res[59] = 0.820875
res[60] = 0.350101
res[61] = 0.019447
res[62] = 0.132916
res[63] = 0.586184
res[64] = 0.962519
res[65] = 0.915921
res[66] = 0.489231
res[67] = 0.074746
res[68] = 0.053542
res[69] = 0.445114
res[70] = 0.889452
res[71] = 0.978034
res[72] = 0.629418
res[73] = 0.164120
res[74] = 0.009933
res[75] = 0.308615
res[76] = 0.785560
res[77] = 1.002266
res[78] = 0.759495
res[79] = 0.280450
res[80] = 0.005562
res[81] = 0.187562
res[82] = 0.659121
res[83] = 0.986688
res[84] = 0.869101
res[85] = 0.414468
res[86] = 0.040777
res[87] = 0.091597
res[88] = 0.520205
res[89] = 0.932541
res[90] = 0.949505
res[91] = 0.555500
res[92] = 0.112773
res[93] = 0.028365
res[94] = 0.379880
res[95] = 0.844137
res[96] = 0.994300
res[97] = 0.692310
res[98] = 0.215815
res[99] = 0.002903
INFO: [SIM 1] CSim done with 0 errors.
INFO: [SIM 3] *************** CSIM finish ***************
