INFO-FLOW: Workspace F:/Machine-Learning/vivado_labs/Lab_4/solution1 opened at Sun Jul 09 17:27:48 +0500 2023
Execute     config_clock -quiet -name default -period 10 -default=false 
INFO: [SYN 201-201] Setting up clock 'default' with a period of 10ns.
Execute     open_platform DefaultPlatform 
Execute     import_lib C:/Xilinx/Vivado/2018.2/common/technology/xilinx/zynq/zynq 
Execute       source C:/Xilinx/Vivado/2018.2/common/technology/xilinx/common/xilinx.lib 
Execute         source C:/Xilinx/Vivado/2018.2/common/technology/xilinx/interface/xilinx_interface.lib 
Execute           source C:/Xilinx/Vivado/2018.2/common/technology/xilinx/interface/plb46.lib 
Execute           source C:/Xilinx/Vivado/2018.2/common/technology/xilinx/interface/fsl.lib 
Execute           source C:/Xilinx/Vivado/2018.2/common/technology/xilinx/interface/axi4.lib 
Execute           source C:/Xilinx/Vivado/2018.2/common/technology/xilinx/interface/maxi.lib 
Execute           source C:/Xilinx/Vivado/2018.2/common/technology/xilinx/interface/saxilite.lib 
Execute         source C:/Xilinx/Vivado/2018.2/common/technology/xilinx/common/dsp48.lib 
Execute         source C:/Xilinx/Vivado/2018.2/common/technology/xilinx/ip/dds_compiler.lib 
Execute         source C:/Xilinx/Vivado/2018.2/common/technology/xilinx/ip/xfft.lib 
Execute         source C:/Xilinx/Vivado/2018.2/common/technology/xilinx/ip/xfir.lib 
Execute       source C:/Xilinx/Vivado/2018.2/common/technology/xilinx/common/xilinx_old.lib 
Execute       source C:/Xilinx/Vivado/2018.2/common/technology/xilinx/common/xilinx_vivado.lib 
Execute       source C:/Xilinx/Vivado/2018.2/common/technology/xilinx/common/xilinx.hlp 
Execute         source C:/Xilinx/Vivado/2018.2/common/technology/xilinx/common/target_info.tcl 
Execute         source C:/Xilinx/Vivado/2018.2/common/technology/xilinx/interface/xilinx_interface.hlp 
Execute           source C:/Xilinx/Vivado/2018.2/common/technology/xilinx/interface/maxi.hlp 
Execute           source C:/Xilinx/Vivado/2018.2/common/technology/xilinx/interface/saxilite.hlp 
Execute         source C:/Xilinx/Vivado/2018.2/common/technology/xilinx/common/dsp48.hlp 
Execute       source C:/Xilinx/Vivado/2018.2/common/technology/xilinx/zynq/dsp48e1.hlp 
Execute       get_default_platform 
Execute       config_chip_info -quiet -resource  {SLICE 13300}  {LUT 53200}     {FF 106400} {DSP48E 220}   {BRAM 280}  
Execute       config_chip_info -quiet -speed medium 
Execute       source C:/Xilinx/Vivado/2018.2/common/technology/xilinx/common/xilinx.hlp 
Execute         source C:/Xilinx/Vivado/2018.2/common/technology/xilinx/common/target_info.tcl 
Execute         source C:/Xilinx/Vivado/2018.2/common/technology/xilinx/interface/xilinx_interface.hlp 
Execute           source C:/Xilinx/Vivado/2018.2/common/technology/xilinx/interface/maxi.hlp 
Execute           source C:/Xilinx/Vivado/2018.2/common/technology/xilinx/interface/saxilite.hlp 
Execute         source C:/Xilinx/Vivado/2018.2/common/technology/xilinx/common/dsp48.hlp 
Execute     source C:/Xilinx/Vivado/2018.2/common/technology/xilinx/zynq/zynq.gen 
Execute       source C:/Xilinx/Vivado/2018.2/common/technology/xilinx/common/virtex.gen 
Execute         source C:/Xilinx/Vivado/2018.2/common/technology/xilinx/common/xilinx.gen 
Execute           source C:/Xilinx/Vivado/2018.2/common/technology/xilinx/interface/plb46.gen 
Execute           source C:/Xilinx/Vivado/2018.2/common/technology/xilinx/interface/fsl.gen 
Execute           source C:/Xilinx/Vivado/2018.2/common/technology/xilinx/interface/axi4.gen 
Execute           source C:/Xilinx/Vivado/2018.2/common/technology/xilinx/interface/nativeAXI4.gen 
Execute             source C:/Xilinx/Vivado/2018.2/common/technology/xilinx/interface/saxilite.gen 
Execute             source C:/Xilinx/Vivado/2018.2/common/technology/xilinx/interface/maxi.gen 
Execute           source C:/Xilinx/Vivado/2018.2/common/technology/xilinx/scripts/xilinxcoregen.gen 
Execute           source C:/Xilinx/Vivado/2018.2/common/technology/xilinx/interface/XilEDKCoreGen.gen 
Execute           source C:/Xilinx/Vivado/2018.2/common/technology/xilinx/ip/dds_compiler.gen 
Execute           source C:/Xilinx/Vivado/2018.2/common/technology/xilinx/ip/util.gen 
Execute           source C:/Xilinx/Vivado/2018.2/common/technology/xilinx/ip/xfft.gen 
Execute           source C:/Xilinx/Vivado/2018.2/common/technology/xilinx/ip/xfir.gen 
Command         ap_source done; 0.135 sec.
Execute         source C:/Xilinx/Vivado/2018.2/common/technology/xilinx/common/dsp48.gen 
Command       ap_source done; 0.138 sec.
Command     ap_source done; 0.139 sec.
Execute     open_platform DefaultPlatform 
Execute     import_lib C:/Xilinx/Vivado/2018.2/common/technology/xilinx/zynq/zynq_fpv6 
Execute       source C:/Xilinx/Vivado/2018.2/common/technology/xilinx/common/xilinx_fpv7.lib 
Execute         source C:/Xilinx/Vivado/2018.2/common/technology/xilinx/common/xilinx_hp.lib 
Execute       source C:/Xilinx/Vivado/2018.2/common/technology/xilinx/common/xilinx_fpv.hlp 
Execute         source C:/Xilinx/Vivado/2018.2/common/technology/xilinx/common/xilinx.hlp 
Execute           source C:/Xilinx/Vivado/2018.2/common/technology/xilinx/common/target_info.tcl 
Execute           source C:/Xilinx/Vivado/2018.2/common/technology/xilinx/interface/xilinx_interface.hlp 
Execute             source C:/Xilinx/Vivado/2018.2/common/technology/xilinx/interface/maxi.hlp 
Execute             source C:/Xilinx/Vivado/2018.2/common/technology/xilinx/interface/saxilite.hlp 
Execute           source C:/Xilinx/Vivado/2018.2/common/technology/xilinx/common/dsp48.hlp 
Execute       source C:/Xilinx/Vivado/2018.2/common/technology/xilinx/zynq/zynq_hp.hlp 
Execute     source C:/Xilinx/Vivado/2018.2/common/technology/xilinx/zynq/zynq_fpv6.gen 
Execute       source C:/Xilinx/Vivado/2018.2/common/technology/xilinx/common/xilinx_fpv6.gen 
Execute     set_part xc7z020clg484-1 
Execute       add_library xilinx/zynq/zynq:xc7z020:clg484:-1 
Execute         get_default_platform 
Execute         license_isbetapart xc7z020 
Command         license_isbetapart done; error code: 1; 
Execute         get_default_platform 
Execute         config_chip_info -quiet -resource  {SLICE 13300}  {LUT 53200}     {FF 106400} {DSP48E 220}   {BRAM 280}  
Execute         config_chip_info -quiet -speed slow 
Execute       add_library xilinx/zynq/zynq_fpv6 
Execute         get_default_platform 
INFO: [HLS 200-10] Setting target device to 'xc7z020clg484-1'
Execute       get_default_platform 
Execute     get_default_platform 
Execute     config_chip_info -quiet -resource  {SLICE 13300}  {LUT 53200}     {FF 106400} {DSP48E 220}   {BRAM 280}  
Execute     config_chip_info -quiet -speed slow 
Command   open_solution done; 0.284 sec.
Execute   set_part xc7z020clg484-1 -tool vivado 
Execute     add_library xilinx/zynq/zynq:xc7z020:clg484:-1 
Execute       get_default_platform 
Execute       license_isbetapart xc7z020 
Command       license_isbetapart done; error code: 1; 
Execute       get_default_platform 
Execute       config_chip_info -quiet -resource  {SLICE 13300}  {LUT 53200}     {FF 106400} {DSP48E 220}   {BRAM 280}  
Execute       config_chip_info -quiet -speed slow 
Execute     add_library xilinx/zynq/zynq_fpv6 
Execute       get_default_platform 
Execute     get_default_platform 
Execute   create_clock -period 10 -name default 
Execute     config_clock -quiet -name default -period 10 -default=false 
INFO: [SYN 201-201] Setting up clock 'default' with a period of 10ns.
Execute   csynth_design 
Execute     get_config_compile -effort 
Execute     get_config_compile -enable_clang39 
Execute     get_config_compile -g 
Execute     get_config_compile -lm 
Execute     get_config_compile -ng 
Execute     get_config_compile -opt_fp 
Execute     get_config_compile -skip_cdt 
Execute     get_config_compile -skip_syncheck 
Execute     get_config_compile -skip_transform 
Execute     get_config_compile -keep_printf 
Execute     elaborate -effort=medium -skip_syncheck=0 -keep_printf=0 -lm=0 -skip_cdt=0 -skip_transform=0 -ng=0 -g=0 -opt_fp=0 -from_csynth_design=1 
Execute       get_config_schedule -relax_ii_for_timing 
Execute       get_config_schedule -suppress_dependence_error_break 
INFO: [HLS 200-10] Analyzing design file 'Lab_4/core.cpp' ... 
INFO-FLOW: Compiling one TU...
Execute       is_m_axi_addr64 
INFO-FLOW: Handling Lab_4/core.cpp as C++
Execute       get_default_platform 
Execute       is_encrypted Lab_4/core.cpp 
Execute       get_default_platform 
INFO-FLOW: Source preprocessing
Execute       clang  -fno-limit-debug-info -gcc-toolchain "C:/Xilinx/Vivado/2018.2/msys" -hls  -fno-exceptions  -D__llvm__  -E "Lab_4/core.cpp"     -fno-math-errno -c -emit-llvm -O0  -mllvm -disable-llvm-optzns -fno-threadsafe-statics  -fno-use-cxa-atexit  -fno-threadsafe-statics -fno-use-cxa-atexit -D__CLANG_3_1__ -D__cdecl= -DAESL_SYN -D__SYNTHESIS__ -D__HLS_SYN__ -I "C:/Xilinx/Vivado/2018.2/common/technology/autopilot" -I "C:/Xilinx/Vivado/2018.2/common/technology/autopilot/ap_sysc" -include etc/autopilot_ssdm_op.h -D__DSP48E1__  -o "F:/Machine-Learning/vivado_labs/Lab_4/solution1/.autopilot/db/core.pp.0.cpp" 
INFO-FLOW: exec C:/Xilinx/Vivado/2018.2/win64/tools/clang/bin/clang -fno-limit-debug-info -gcc-toolchain C:/Xilinx/Vivado/2018.2/msys -hls -fno-exceptions -D__llvm__ -E Lab_4/core.cpp -fno-math-errno -c -emit-llvm -O0 -mllvm -disable-llvm-optzns -fno-threadsafe-statics -fno-use-cxa-atexit -fno-threadsafe-statics -fno-use-cxa-atexit -D__CLANG_3_1__ -D__cdecl= -DAESL_SYN -D__SYNTHESIS__ -D__HLS_SYN__ -I C:/Xilinx/Vivado/2018.2/common/technology/autopilot -I C:/Xilinx/Vivado/2018.2/common/technology/autopilot/ap_sysc -include etc/autopilot_ssdm_op.h -D__DSP48E1__ -o F:/Machine-Learning/vivado_labs/Lab_4/solution1/.autopilot/db/core.pp.0.cpp
Command       clang done; 0.925 sec.
INFO-FLOW: Syntax Checking before pre-processing...
Execute       clang  -fno-limit-debug-info -gcc-toolchain "C:/Xilinx/Vivado/2018.2/msys" -hls    -fno-math-errno -c -emit-llvm -O0  -mllvm -disable-llvm-optzns -fno-threadsafe-statics  -fno-use-cxa-atexit  -fno-threadsafe-statics -fno-use-cxa-atexit -D__CLANG_3_1__ -D__cdecl= -DAESL_SYN -D__SYNTHESIS__ -D__HLS_SYN__ -I "C:/Xilinx/Vivado/2018.2/common/technology/autopilot" -I "C:/Xilinx/Vivado/2018.2/common/technology/autopilot/ap_sysc" -include etc/autopilot_ssdm_op.h -D__DSP48E1__  "F:/Machine-Learning/vivado_labs/Lab_4/solution1/.autopilot/db/core.pp.0.cpp"  -o "F:/Machine-Learning/vivado_labs/Lab_4/solution1/.autopilot/db/useless.bc"  
INFO-FLOW: exec C:/Xilinx/Vivado/2018.2/win64/tools/clang/bin/clang -fno-limit-debug-info -gcc-toolchain C:/Xilinx/Vivado/2018.2/msys -hls -fno-math-errno -c -emit-llvm -O0 -mllvm -disable-llvm-optzns -fno-threadsafe-statics -fno-use-cxa-atexit -fno-threadsafe-statics -fno-use-cxa-atexit -D__CLANG_3_1__ -D__cdecl= -DAESL_SYN -D__SYNTHESIS__ -D__HLS_SYN__ -I C:/Xilinx/Vivado/2018.2/common/technology/autopilot -I C:/Xilinx/Vivado/2018.2/common/technology/autopilot/ap_sysc -include etc/autopilot_ssdm_op.h -D__DSP48E1__ F:/Machine-Learning/vivado_labs/Lab_4/solution1/.autopilot/db/core.pp.0.cpp -o F:/Machine-Learning/vivado_labs/Lab_4/solution1/.autopilot/db/useless.bc
Command       clang done; 2.342 sec.
INFO-FLOW: GCC PP time: 3 seconds per iteration
Execute       list_core -type functional_unit 
Execute       tidy_31 xilinx-systemc-detector F:/Machine-Learning/vivado_labs/Lab_4/solution1/.autopilot/db/core.pp.0.cpp std=gnu++98 -directive=F:/Machine-Learning/vivado_labs/Lab_4/solution1/.autopilot/db/.systemc_flag 
INFO-FLOW: exec C:/Xilinx/Vivado/2018.2/win64/tools/clang-3.9-csynth/bin/tidy-3.1 -header-filter=.* --checks=-*,xilinx-systemc-detector -import-directive=F:/Machine-Learning/vivado_labs/Lab_4/solution1/.autopilot/db/.systemc_flag -quiet -fix-errors F:/Machine-Learning/vivado_labs/Lab_4/solution1/.autopilot/db/core.pp.0.cpp -- -std=gnu++98 -fhls -ferror-limit=0
Command       tidy_31 done; 0.751 sec.
INFO-FLOW: CDT Preprocessing with tidy-3.1...
Execute       tidy_31 xilinx-directive2pragma F:/Machine-Learning/vivado_labs/Lab_4/solution1/.autopilot/db/core.pp.0.cpp std=gnu++98 -directive=F:/Machine-Learning/vivado_labs/Lab_4/solution1/solution1.json 
INFO-FLOW: exec C:/Xilinx/Vivado/2018.2/win64/tools/clang-3.9-csynth/bin/tidy-3.1 -header-filter=.* --checks=-*,xilinx-directive2pragma -import-directive=F:/Machine-Learning/vivado_labs/Lab_4/solution1/solution1.json -quiet -fix-errors F:/Machine-Learning/vivado_labs/Lab_4/solution1/.autopilot/db/core.pp.0.cpp -- -std=gnu++98 -fhls -ferror-limit=0
Command       tidy_31 done; 0.774 sec.
Execute       get_config_dataflow -strict_mode 
Execute       ap_eval exec -ignorestderr C:/Xilinx/Vivado/2018.2/win64/tools/clang-3.9-csynth/bin/xilinx-dataflow-lawyer -export-fixes=F:/Machine-Learning/vivado_labs/Lab_4/solution1/.autopilot/db/xilinx-dataflow-lawyer.core.pp.0.cpp.diag.yml F:/Machine-Learning/vivado_labs/Lab_4/solution1/.autopilot/db/core.pp.0.cpp -- -std=gnu++98 -fhls -ferror-limit=0 -fstrict-dataflow > F:/Machine-Learning/vivado_labs/Lab_4/solution1/.autopilot/db/xilinx-dataflow-lawyer.core.pp.0.cpp.out.log 2> F:/Machine-Learning/vivado_labs/Lab_4/solution1/.autopilot/db/xilinx-dataflow-lawyer.core.pp.0.cpp.err.log 
Command       ap_eval done; 0.715 sec.
Execute       tidy_31 -errorcheck xilinx-constantarray-param,xilinx-resource-pragma-transformer F:/Machine-Learning/vivado_labs/Lab_4/solution1/.autopilot/db/core.pp.0.cpp std=gnu++98 
INFO-FLOW: exec C:/Xilinx/Vivado/2018.2/win64/tools/clang-3.9-csynth/bin/tidy-3.1 -header-filter=.* --checks=-*,xilinx-constantarray-param,xilinx-resource-pragma-transformer -quiet -fix-errors F:/Machine-Learning/vivado_labs/Lab_4/solution1/.autopilot/db/core.pp.0.cpp -- -std=gnu++98 -fhls -ferror-limit=0
INFO-FLOW: exec C:/Xilinx/Vivado/2018.2/win64/tools/clang-3.9-csynth/bin/xilinx-legacy-rewriter F:/Machine-Learning/vivado_labs/Lab_4/solution1/.autopilot/db/core.pp.0.cpp -- -std=gnu++98 -fhls -ferror-limit=0
Command       tidy_31 done; 1.71 sec.
INFO-FLOW: tidy-3.1 time 3 seconds per iteration
INFO-FLOW: Pragma Handling...
Execute       tidy_31 xilinx-ssdm-intrinsics-arguments F:/Machine-Learning/vivado_labs/Lab_4/solution1/.autopilot/db/core.pragma.1.cpp std=gnu++98 
INFO-FLOW: exec C:/Xilinx/Vivado/2018.2/win64/tools/clang-3.9-csynth/bin/tidy-3.1 -header-filter=.* --checks=-*,xilinx-ssdm-intrinsics-arguments -quiet -fix-errors F:/Machine-Learning/vivado_labs/Lab_4/solution1/.autopilot/db/core.pragma.1.cpp -- -std=gnu++98 -fhls -ferror-limit=0
Command       tidy_31 done; 1.19 sec.
INFO-FLOW: Source preprocessing
Execute       clang  -fno-limit-debug-info -gcc-toolchain "C:/Xilinx/Vivado/2018.2/msys" -hls  -fno-exceptions  -D__llvm__  -E "F:/Machine-Learning/vivado_labs/Lab_4/solution1/.autopilot/db/core.pragma.1.cpp"     -fno-math-errno -c -emit-llvm -O0  -mllvm -disable-llvm-optzns -fno-threadsafe-statics  -fno-use-cxa-atexit  -fno-threadsafe-statics -fno-use-cxa-atexit -D__CLANG_3_1__ -D__cdecl= -DAESL_SYN -D__SYNTHESIS__ -D__HLS_SYN__ -I "C:/Xilinx/Vivado/2018.2/common/technology/autopilot" -I "C:/Xilinx/Vivado/2018.2/common/technology/autopilot/ap_sysc" -include etc/autopilot_ssdm_op.h -D__DSP48E1__  -o "F:/Machine-Learning/vivado_labs/Lab_4/solution1/.autopilot/db/core.pragma.2.cpp" 
INFO-FLOW: exec C:/Xilinx/Vivado/2018.2/win64/tools/clang/bin/clang -fno-limit-debug-info -gcc-toolchain C:/Xilinx/Vivado/2018.2/msys -hls -fno-exceptions -D__llvm__ -E F:/Machine-Learning/vivado_labs/Lab_4/solution1/.autopilot/db/core.pragma.1.cpp -fno-math-errno -c -emit-llvm -O0 -mllvm -disable-llvm-optzns -fno-threadsafe-statics -fno-use-cxa-atexit -fno-threadsafe-statics -fno-use-cxa-atexit -D__CLANG_3_1__ -D__cdecl= -DAESL_SYN -D__SYNTHESIS__ -D__HLS_SYN__ -I C:/Xilinx/Vivado/2018.2/common/technology/autopilot -I C:/Xilinx/Vivado/2018.2/common/technology/autopilot/ap_sysc -include etc/autopilot_ssdm_op.h -D__DSP48E1__ -o F:/Machine-Learning/vivado_labs/Lab_4/solution1/.autopilot/db/core.pragma.2.cpp
Command       clang done; 0.905 sec.
Execute       get_default_platform 
INFO-FLOW: Processing labels
Execute       clang -src F:/Machine-Learning/vivado_labs/Lab_4/solution1/.autopilot/db/core.pragma.2.cpp  -fno-limit-debug-info -gcc-toolchain C:/Xilinx/Vivado/2018.2/msys -hls -hls-analyze-label -hls-analyze-pragma -fno-exceptions  -D__llvm__  -w  "F:/Machine-Learning/vivado_labs/Lab_4/solution1/.autopilot/db/core.pragma.2.cpp"    -fno-math-errno -c -emit-llvm -O0  -mllvm -disable-llvm-optzns -fno-threadsafe-statics  -fno-use-cxa-atexit -DAESL_SYN -D__SYNTHESIS__ -D__HLS_SYN__ -I "C:/Xilinx/Vivado/2018.2/common/technology/autopilot" -I "C:/Xilinx/Vivado/2018.2/common/technology/autopilot/ap_sysc" -include etc/autopilot_ssdm_op.h -D__DSP48E1__ -g -o "F:/Machine-Learning/vivado_labs/Lab_4/solution1/.autopilot/db/core.bc" 
INFO-FLOW: exec C:/Xilinx/Vivado/2018.2/win64/tools/clang/bin/clang -fno-limit-debug-info -gcc-toolchain C:/Xilinx/Vivado/2018.2/msys -hls -hls-analyze-label -hls-analyze-pragma -fno-exceptions -D__llvm__ -w F:/Machine-Learning/vivado_labs/Lab_4/solution1/.autopilot/db/core.pragma.2.cpp -fno-math-errno -c -emit-llvm -O0 -mllvm -disable-llvm-optzns -fno-threadsafe-statics -fno-use-cxa-atexit -DAESL_SYN -D__SYNTHESIS__ -D__HLS_SYN__ -I C:/Xilinx/Vivado/2018.2/common/technology/autopilot -I C:/Xilinx/Vivado/2018.2/common/technology/autopilot/ap_sysc -include etc/autopilot_ssdm_op.h -D__DSP48E1__ -g -o F:/Machine-Learning/vivado_labs/Lab_4/solution1/.autopilot/db/core.bc
Command       clang done; 2.731 sec.
INFO-FLOW: Linking Debug ...
Execute       llvm-ld F:/Machine-Learning/vivado_labs/Lab_4/solution1/.autopilot/db/core.g.bc -hls-opt -except-internalize distPoints_fix -LC:/Xilinx/Vivado/2018.2/win64/lib -lhlsm -lhlsmc++ -o F:/Machine-Learning/vivado_labs/Lab_4/solution1/.autopilot/db/a.g 
Command       llvm-ld done; 1.044 sec.
INFO: [HLS 200-111] Finished Linking Time (s): cpu = 00:00:01 ; elapsed = 00:00:15 . Memory (MB): peak = 101.977 ; gain = 46.277
INFO: [HLS 200-111] Finished Checking Pragmas Time (s): cpu = 00:00:01 ; elapsed = 00:00:15 . Memory (MB): peak = 101.977 ; gain = 46.277
Execute       ::config_rtl 
Execute       opt_and_import_c a -opt_level=2 -skip_syncheck=0 -ng=0 -keep_printf=0 
Execute         cleanup_all_models 
INFO: [HLS 200-10] Starting code transformations ...
Execute         transform -promote-dbg-pointer F:/Machine-Learning/vivado_labs/Lab_4/solution1/.autopilot/db/a.pp.bc -o F:/Machine-Learning/vivado_labs/Lab_4/solution1/.autopilot/db/a.pp.0.bc -f 
Command         transform done; 0.112 sec.
Execute         llvm-ld F:/Machine-Learning/vivado_labs/Lab_4/solution1/.autopilot/db/a.pp.0.bc -disable-opt -LC:/Xilinx/Vivado/2018.2/win64/lib -lfloatconversion -o F:/Machine-Learning/vivado_labs/Lab_4/solution1/.autopilot/db/a.g.0 
Command         llvm-ld done; 0.622 sec.
INFO-FLOW: Running Standard Transforms...
Execute         transform -hls -share-std-xform -demangle-name -inline-byval-memcpy -always-inline -promote-dbg-pointer -interface-preproc -scalarrepl -mem2reg -keep-read-access -instcombine -dce -promote-dbg-pointer -bitop-raise -loop-simplify -indvarspre -indvars -loop-simplify -xunroll -constprop -instcombine -simplifycfg -indvars -simplifycfg -dce -globaldce -basicaa -simplifycfg -mem2reg -globalopt -global-constprop -deadargelim -instcombine -simplifycfg -prune-eh -simplifycfg -scalarrepl -instcombine -reassociate -licm -simplifycfg -loop-simplify -indvars -instcombine -simplifycfg -mem2reg -loop-simplify -indvars -instcombine -gvn -gvn -instcombine -adce -break-crit-edges -simplifycfg -loop-delete -global-array-opt -dce -dse -adce -find-syn-modules -top distPoints_fix -deadargelim -mem2reg -instcombine -dce -presyn-prepare -auto-rom-infer -interface-preproc -syn-check -check-rec-only -find-region -simplifycfg -func-extr -function-inline -globaldce -mem2reg -instcombine -dce -gvn -globaldce -adce -adse -constprop -instcombine -bit-constprop -instcombine -dce -simplifycfg -bitop-raise -simplifycfg -dce -loop-delete -reassociate -globalopt -global-privatize -mem2reg -dce -global-constprop -pointer-simplify -constprop -dce -func-inst -deadargelim -auto-shift-reg-idiom -promote-dbg-pointer -norm-name F:/Machine-Learning/vivado_labs/Lab_4/solution1/.autopilot/db/a.g.0.bc -o F:/Machine-Learning/vivado_labs/Lab_4/solution1/.autopilot/db/a.g.1.bc -f -phase std-opt 
INFO: [XFORM 203-603] Inlining function 'ap_fixed_base<35, 13, true, (ap_q_mode)5, (ap_o_mode)3, 0>::to_float' into 'distPoints_fix' (Lab_4/core.cpp:16).
Command         transform done; 0.157 sec.
INFO: [HLS 200-111] Finished Standard Transforms Time (s): cpu = 00:00:01 ; elapsed = 00:00:16 . Memory (MB): peak = 130.613 ; gain = 74.914
INFO: [HLS 200-10] Checking synthesizability ...
INFO-FLOW: Checking Synthesizability 1/2..
Execute         transform -hls -syn-check -check-rec-only -disaggr -scalarrepl -norm-name -dce -mem2reg -instcombine -function-uniquify -directive-preproc -mem2reg -dse -dce -auto-rom-infer -dce -array-normalize -instcombine -dce -warn-fifo-pointer -array-seg-normalize -instcombine -dce -array-flatten -instcombine -dce -array-burst -dce -deadargelim -promote-global-argument -simplifycfg -mem2reg -globaldce -resolve-double-ptr -dce -deadargelim -dce -instcombine -function-inline -globaldce -dce -doublePtrSimplify -doublePtrElim -dce -doublePtrSimplify -promote-dbg-pointer -dce -scalarrepl -dse -adse -instcombine -ptrLegalization -simplifycfg -dce -instcombine -pointer-simplify -ptrArgReplace -dce -instcombine -disaggr -scalarrepl -norm-name -dce -mem2reg -instcombine -ptrLegalization -simplifycfg -deadargelim -instcombine -dce -inst-simplify -function-uniquify -directive-preproc -mem2reg -dse -dce -globaldce F:/Machine-Learning/vivado_labs/Lab_4/solution1/.autopilot/db/a.g.1.bc -o F:/Machine-Learning/vivado_labs/Lab_4/solution1/.autopilot/db/a.g.2.prechk.bc -f 
INFO: [XFORM 203-602] Inlining function 'hls::sqrt' into 'distPoints_fix' (Lab_4/core.cpp:17) automatically.
Command         transform done; 0.116 sec.
INFO-FLOW: Checking Synthesizability 2/2..
Execute         transform -syn-check F:/Machine-Learning/vivado_labs/Lab_4/solution1/.autopilot/db/a.g.2.prechk.bc -o F:/Machine-Learning/vivado_labs/Lab_4/solution1/.autopilot/db/a.g.2.bc -f -phase syn-check 
WARNING: [SYNCHK 200-23] Lab_4/core.cpp:16: variable-indexed range selection may cause suboptimal QoR.
INFO: [SYNCHK 200-10] 0 error(s), 1 warning(s).
Command         transform done; 0.13 sec.
INFO: [HLS 200-111] Finished Checking Synthesizability Time (s): cpu = 00:00:01 ; elapsed = 00:00:16 . Memory (MB): peak = 149.555 ; gain = 93.855
INFO-FLOW: Compiler optimizing ...
INFO-FLOW: Share syncheck's 1.bc for syn flow: copy F:/Machine-Learning/vivado_labs/Lab_4/solution1/.autopilot/db/a.g.1.bc to F:/Machine-Learning/vivado_labs/Lab_4/solution1/.autopilot/db/a.o.1.bc
INFO-FLOW: Presyn 1...
Execute         transform -hls -tmp F:/Machine-Learning/vivado_labs/Lab_4/solution1/.autopilot/db -interface-port-rename -type-info -function-uniquify -directive-preproc -mem2reg -dse -dce -disaggr -scalarrepl -norm-name -deadargelim -mem2reg -instcombine -dce -simplifycfg -auto-rom-infer -dce -function-uniquify -resource-proc -simplifycfg -mem2reg -globaldce -resolve-double-ptr -dce -deadargelim -dce -instcombine -clib-intrinsic-prepare -dce -func-buffer -dce -array-normalize -func-legal -instcombine -gvn -constprop -dce -ptrArgReplace -mem2reg -instcombine -dce -array-seg-normalize -deadargelim -instcombine -dce -pointer-simplify -dce -port-alignment -dce -interface-preproc -data-pack -instcombine -dce -basicaa -aggr-aa -aggrmodref-aa -aggr-aa -gvn -gvn -basicaa -aggr-aa -aggrmodref-aa -aggr-aa -dse -adse -adce -loop-simplify -indvars -instcombine -gvn -loop-simplify -mem2reg -dce -find-region -instcombine -auto-loop-pipeline -inst-simplify -interface-preproc -cfgopt -instcombine -indvars -auto-loop-unroll -loop-simplify -loop-bound -xunroll -constprop -instcombine -simplifycfg -indvars -simplifycfg -dce -globaldce -clean-region -attach-range -gvn -inst-simplify -constprop -simplifycfg -dce -pointer-simplify -dce -globalopt -constprop -dce -array-promote -constprop -instcombine -dce -ptrArgReplace -mem2reg -instcombine -simplifycfg -dce -auto-par -instcombine -dce -array-transform-check -array-reshape -instcombine -simplifycfg -dce -ptrArgReplace -deadargelim -mem2reg -instcombine -simplifycfg -dce -indvars -loop-simplify -loop-bound -xunroll -constprop -instcombine -simplifycfg -indvars -simplifycfg -dce -globaldce -duplicate-dataflow-processes -globaldce -instcombine -array-partition -instcombine -simplifycfg -dce -ptrArgReplace -global-constprop -deadargelim -mem2reg -func-legal -instcombine -dce -global-constprop -deadargelim -mem2reg -instcombine -simplifycfg -dce -merge-param -deadargelim -globalopt -constprop -dce -array-promote -constprop -instcombine -dce -ptrArgReplace -mem2reg -instcombine -simplifycfg -dce -mem-intrinsic-preproc -dce -global-internalize -global-privatize -mem2reg -globaldce -promote-global-argument -ptrArgReplace -mem2reg -instcombine -dce -globalopt -mergereturn -simplify-global-access -mem2reg -dce -pointer-simplify -dce -functionattrs -basicaa -aggr-aa -aggrmodref-aa -aggr-aa -gvn -gvn -basicaa -aggr-aa -aggrmodref-aa -aggr-aa -dse -adse -adce -inst-simplify -dce -norm-name -function-inline -globaldce -func-inst -constprop -instcombine -simplifycfg -dce -func-legal -dce -loop-bound -arraycheck -bitwidthmin -on-by-dataflow -loop-delete -instcombine -simplifycfg -globaldce -dce -gvn -deadargelim -dce -loop-simplify -clean-region -simplifycfg -propagate-stable-arguments -loop-stream -instcombine -simplifycfg -dce -globaldce -duplicate-dataflow-processes -stream-intrinsic-preproc -dce -check-ap-stream -loop-simplify -eliminate-keepreads -extract-dataflow-in-loop -loop-simplify -dce -gvn -deadargelim -dse -check-dataflow-syntax -legalize-stream-variable -legalize-global -extract-subproc -dce -dead-channel-elimination -canonicalize-gep -globaldce -dce -gvn -deadargelim -annotate-dataflow-channels -scalar-propagation -deadargelim -globaldce -mem2reg -check-dataflow-channels -function-stream -dce -globaldce -prop-fifo-spec -internal-stream-gen -canonicalize-gep -globaldce -dce -gvn -deadargelim -mergereturn -indvars -loop-simplify -instcombine -array-stream -array-seg-normalize -array-partition -func-legal -instcombine -simplifycfg -dce -bundle-memfifo-ops -deadargelim -function-uniquify -directive-preproc -mem2reg -dse -dce -group-axi-access -licm -simplifycfg -dce -loop-delete -norm-name F:/Machine-Learning/vivado_labs/Lab_4/solution1/.autopilot/db/a.o.1.bc -o F:/Machine-Learning/vivado_labs/Lab_4/solution1/.autopilot/db/a.o.1.tmp.bc -f 
INFO: [XFORM 203-602] Inlining function 'hls::sqrt' into 'distPoints_fix' (Lab_4/core.cpp:17) automatically.
Command         transform done; 0.216 sec.
INFO-FLOW: Presyn 2...
Execute         transform -hls -keep-callgraph -scalarrepl -mem2reg -port-alignment -attach-range -dce -pipe-mux-gen -indvars -loop-bound -inst-simplify -instcombine -dce -merge-array-access -mem2reg -dce -clean-region -mergereturn -if-conv -instcombine -dce -constprop -basicaa -aggr-aa -aggrmodref-aa -aggr-aa -gvn -gvn -basicaa -aggr-aa -aggrmodref-aa -aggr-aa -dse -adse -adce -scalarrepl -mem2reg -global-constprop -deadargelim -deadargelim -instcombine -dce -simplifycfg -ptrArgReplace -mem2reg -function-inline -globaldce -mem2reg -instcombine -dce -expr-balance -instcombine -dce -bitwidthmin -interface-preproc -directive-preproc -inst-rectify -instcombine -dce -functionattrs -constprop -instcombine -bit-constprop -simplify-global-access -globalopt -globaldce -inst-simplify -instcombine -elimdeaddata -dce -loop-delete -simplifycfg -loop-simplify -auto-burst -norm-name F:/Machine-Learning/vivado_labs/Lab_4/solution1/.autopilot/db/a.o.1.tmp.bc -o F:/Machine-Learning/vivado_labs/Lab_4/solution1/.autopilot/db/a.o.2.bc -f -phase presyn 
INFO: [XFORM 203-401] Performing if-conversion on hyperblock to (Lab_4/core.cpp:17:12) in function 'distPoints_fix'... converting 15 basic blocks.
Command         transform done; 0.179 sec.
INFO: [HLS 200-111] Finished Pre-synthesis Time (s): cpu = 00:00:01 ; elapsed = 00:00:17 . Memory (MB): peak = 189.652 ; gain = 133.953
INFO-FLOW: Building ssdm...
Execute         transform -hls -function-uniquify -auto-function-inline -globaldce -ptrArgReplace -mem2reg -instcombine -dce -reset-lda -loop-simplify -indvars -licm -loop-dep -loop-bound -licm -loop-simplify -flattenloopnest -array-flatten -gvn -instcombine -dce -array-map -dce -func-legal -gvn -adce -instcombine -cfgopt -simplifycfg -loop-simplify -array-burst -promote-global-argument -dce -axi4-lower -array-seg-normalize -basicaa -aggrmodref-aa -globalsmodref-aa -aggr-aa -gvn -gvn -basicaa -aggrmodref-aa -globalsmodref-aa -aggr-aa -dse -adse -adce -licm -inst-simplify -dce -globaldce -instcombine -array-stream -eliminate-keepreads -instcombine -dce -deadargelim -doublePtrSimplify -doublePtrElim -dce -doublePtrSimplify -promote-dbg-pointer -dce -scalarrepl -mem2reg -disaggr -norm-name -mem2reg -instcombine -dse -adse -adce -ptrLegalization -dce -auto-rom-infer -array-flatten -dce -instcombine -check-doubleptr -loop-rot -constprop -cfgopt -simplifycfg -loop-simplify -indvars -pointer-simplify -dce -loop-bound -loop-simplify -loop-preproc -constprop -global-constprop -gvn -mem2reg -instcombine -dce -loop-bound -loop-merge -dce -bitwidthmin -deadargelim -dce -canonicalize-dataflow -dce -scalar-propagation -deadargelim -globaldce -mem2reg -read-loop-dep -interface-preproc -directive-preproc -interface-gen -bram-byte-enable -deadargelim -inst-simplify -dce -gvn -mem2reg -instcombine -dce -adse -loop-bound -instcombine -cfgopt -simplifycfg -loop-simplify -clean-region -io-protocol -find-region -mem2reg -bitop-raise -inst-simplify -inst-rectify -instcombine -adce -deadargelim -loop-simplify -phi-opt -bitop-raise -cfgopt -simplifycfg -strip-dead-prototypes -interface-lower -bitop-lower -intrinsic-lower -auto-function-inline -basicaa -aggrmodref-aa -globalsmodref-aa -aggr-aa -inst-simplify -simplifycfg -loop-simplify -mergereturn -inst-simplify -inst-rectify -dce -load-elim -bitop-lower -loop-rewind -pointer-simplify -dce -cfgopt -dce -bitwidth -loop-dep -read-loop-dep -dce -check-stream -norm-name -legalize -validate-dataflow -dead-allocation-elimination -cdfg-build F:/Machine-Learning/vivado_labs/Lab_4/solution1/.autopilot/db/a.o.2.bc -o F:/Machine-Learning/vivado_labs/Lab_4/solution1/.autopilot/db/a.o.3.bc -f -phase build-ssdm 
Command         transform done; 0.2 sec.
INFO: [HLS 200-111] Finished Architecture Synthesis Time (s): cpu = 00:00:01 ; elapsed = 00:00:17 . Memory (MB): peak = 194.238 ; gain = 138.539
INFO-FLOW: Finish building internal data model.
Command       opt_and_import_c done; 1.764 sec.
Command     elaborate done; 15.802 sec.
Execute     autosyn -from_csynth_design=1 
INFO: [HLS 200-10] Starting hardware synthesis ...
INFO-FLOW: Synthesizing C/C++ design ...
INFO: [HLS 200-10] Synthesizing 'distPoints_fix' ...
Execute       ap_set_top_model distPoints_fix 
Execute       get_model_list distPoints_fix -filter all-wo-channel -topdown 
Execute       preproc_iomode -model distPoints_fix 
Execute       get_model_list distPoints_fix -filter all-wo-channel 
INFO-FLOW: Model list for configure: distPoints_fix
INFO-FLOW: Configuring Module : distPoints_fix ...
Execute       set_default_model distPoints_fix 
Execute       apply_spec_resource_limit distPoints_fix 
INFO-FLOW: Model list for preprocess: distPoints_fix
INFO-FLOW: Preprocessing Module: distPoints_fix ...
Execute       set_default_model distPoints_fix 
Execute       cdfg_preprocess -model distPoints_fix 
Execute       rtl_gen_preprocess distPoints_fix 
INFO-FLOW: Model list for synthesis: distPoints_fix
INFO: [HLS 200-10] ----------------------------------------------------------------
INFO: [HLS 200-42] -- Implementing module 'distPoints_fix' 
INFO: [HLS 200-10] ----------------------------------------------------------------
Execute       set_default_model distPoints_fix 
Execute       schedule -model distPoints_fix 
INFO: [SCHED 204-11] Starting scheduling ...
WARNING: [SCHED 204-21] Estimated clock period (9.927ns) exceeds the target (target clock period: 10ns, clock uncertainty: 1.25ns, effective delay budget: 8.75ns).
WARNING: [SCHED 204-21] The critical path consists of the following:
	'mul' operation ('__Val2__', Lab_4/core.cpp:16) (3.36 ns)
	'add' operation ('__Val2__', Lab_4/core.cpp:16) (3.02 ns)
	'sub' operation ('tmp_7', Lab_4/core.cpp:16) (2.63 ns)
	'select' operation ('__Val2__', Lab_4/core.cpp:16) (0.914 ns)
INFO: [SCHED 204-11] Finished scheduling.
INFO: [HLS 200-111]  Elapsed time: 16.957 seconds; current allocated memory: 141.133 MB.
Execute       report -o F:/Machine-Learning/vivado_labs/Lab_4/solution1/.autopilot/db/distPoints_fix.verbose.sched.rpt -verbose -f 
Execute       db_write -o F:/Machine-Learning/vivado_labs/Lab_4/solution1/.autopilot/db/distPoints_fix.sched.adb -f 
INFO-FLOW: Finish scheduling distPoints_fix.
Execute       set_default_model distPoints_fix 
Execute       bind -model distPoints_fix 
BIND OPTION: fu_weight=[ 0.0 -- 1.0 ]
BIND OPTION: model=distPoints_fix
BIND OPTION: reg_weight=[ 0.0 -- 1.0 ]
INFO: [BIND 205-100] Starting micro-architecture generation ...
INFO: [BIND 205-101] Performing variable lifetime analysis.
INFO: [BIND 205-101] Exploring resource sharing.
INFO: [BIND 205-101] Binding ...
INFO: [BIND 205-100] Finished micro-architecture generation.
INFO: [HLS 200-111]  Elapsed time: 0.133 seconds; current allocated memory: 141.583 MB.
Execute       report -o F:/Machine-Learning/vivado_labs/Lab_4/solution1/.autopilot/db/distPoints_fix.verbose.bind.rpt -verbose -f 
Command       report done; 0.111 sec.
Execute       db_write -o F:/Machine-Learning/vivado_labs/Lab_4/solution1/.autopilot/db/distPoints_fix.bind.adb -f 
INFO-FLOW: Finish binding distPoints_fix.
Execute       get_model_list distPoints_fix -filter all-wo-channel 
INFO-FLOW: Preprocessing for RTLGen ...
Execute       rtl_gen_preprocess distPoints_fix 
INFO-FLOW: Model list for RTL generation: distPoints_fix
INFO: [HLS 200-10] ----------------------------------------------------------------
INFO: [HLS 200-10] -- Generating RTL for module 'distPoints_fix' 
INFO: [HLS 200-10] ----------------------------------------------------------------
Execute       get_config_rtl -prefix 
Execute       get_config_rtl -auto_prefix 
Execute       create_rtl_model distPoints_fix -vendor xilinx -mg_file F:/Machine-Learning/vivado_labs/Lab_4/solution1/.autopilot/db/distPoints_fix.compgen.tcl 
INFO: [RTGEN 206-500] Setting interface mode on port 'distPoints_fix/x1_V' to 'ap_none'.
INFO: [RTGEN 206-500] Setting interface mode on port 'distPoints_fix/y1_V' to 'ap_none'.
INFO: [RTGEN 206-500] Setting interface mode on port 'distPoints_fix/x2_V' to 'ap_none'.
INFO: [RTGEN 206-500] Setting interface mode on port 'distPoints_fix/y2_V' to 'ap_none'.
INFO: [RTGEN 206-500] Setting interface mode on function 'distPoints_fix' to 'ap_ctrl_hs'.
INFO: [SYN 201-210] Renamed object name 'distPoints_fix_uitofp_32ns_32_6_1' to 'distPoints_fix_uibkb' due to the length limit 20
INFO: [SYN 201-210] Renamed object name 'distPoints_fix_fpext_32ns_64_1_1' to 'distPoints_fix_fpcud' due to the length limit 20
INFO: [SYN 201-210] Renamed object name 'distPoints_fix_fsqrt_32ns_32ns_32_12_1' to 'distPoints_fix_fsdEe' due to the length limit 20
INFO: [SYN 201-210] Renamed object name 'distPoints_fix_mul_mul_17s_17s_34_1_1' to 'distPoints_fix_mueOg' due to the length limit 20
INFO: [SYN 201-210] Renamed object name 'distPoints_fix_mac_muladd_17s_17s_34s_34_1_1' to 'distPoints_fix_mafYi' due to the length limit 20
INFO: [RTGEN 206-100] Generating core module 'distPoints_fix_fpcud': 1 instance(s).
INFO: [RTGEN 206-100] Generating core module 'distPoints_fix_fsdEe': 1 instance(s).
INFO: [RTGEN 206-100] Generating core module 'distPoints_fix_mafYi': 1 instance(s).
INFO: [RTGEN 206-100] Generating core module 'distPoints_fix_mueOg': 1 instance(s).
INFO: [RTGEN 206-100] Generating core module 'distPoints_fix_uibkb': 1 instance(s).
INFO: [RTGEN 206-100] Finished creating RTL model for 'distPoints_fix'.
Command       create_rtl_model done; 0.154 sec.
INFO: [HLS 200-111]  Elapsed time: 0.337 seconds; current allocated memory: 142.547 MB.
Execute       source F:/Machine-Learning/vivado_labs/Lab_4/solution1/.autopilot/db/distPoints_fix.rtl_wrap.cfg.tcl 
Execute       gen_rtl distPoints_fix -istop -style xilinx -tracefl mytrace -tracefmt vcd -traceopt all -f -lang sc -o F:/Machine-Learning/vivado_labs/Lab_4/solution1/syn/systemc/distPoints_fix -synmodules distPoints_fix 
Execute       gen_rtl distPoints_fix -istop -style xilinx -f -lang vhdl -o F:/Machine-Learning/vivado_labs/Lab_4/solution1/syn/vhdl/distPoints_fix 
Execute       gen_rtl distPoints_fix -istop -style xilinx -f -lang vlog -o F:/Machine-Learning/vivado_labs/Lab_4/solution1/syn/verilog/distPoints_fix 
Execute       export_constraint_db -o F:/Machine-Learning/vivado_labs/Lab_4/solution1/.autopilot/db/distPoints_fix.constraint.tcl -f -tool general 
Execute       report -model distPoints_fix -o F:/Machine-Learning/vivado_labs/Lab_4/solution1/.autopilot/db/distPoints_fix.design.xml -verbose -f -dv 
Execute       report -model distPoints_fix -o F:/Machine-Learning/vivado_labs/Lab_4/solution1/.autopilot/db/distPoints_fix.sdaccel.xml -verbose -f -sdaccel 
Execute       gen_tb_info distPoints_fix -o F:/Machine-Learning/vivado_labs/Lab_4/solution1/.autopilot/db/distPoints_fix -p F:/Machine-Learning/vivado_labs/Lab_4/solution1/.autopilot/db 
Execute       report -model distPoints_fix -o F:/Machine-Learning/vivado_labs/Lab_4/solution1/syn/report/distPoints_fix_csynth.rpt -f 
Execute       report -model distPoints_fix -o F:/Machine-Learning/vivado_labs/Lab_4/solution1/syn/report/distPoints_fix_csynth.xml -f -x 
Execute       report -model distPoints_fix -o F:/Machine-Learning/vivado_labs/Lab_4/solution1/.autopilot/db/distPoints_fix.verbose.rpt -verbose -f 
Command       report done; 0.14 sec.
Execute       db_write -model distPoints_fix -o F:/Machine-Learning/vivado_labs/Lab_4/solution1/.autopilot/db/distPoints_fix.adb -f 
Execute       sc_get_clocks distPoints_fix 
Execute       sc_get_portdomain distPoints_fix 
INFO-FLOW: Model list for RTL component generation: distPoints_fix
INFO-FLOW: Handling components in module [distPoints_fix] ... 
Execute       source F:/Machine-Learning/vivado_labs/Lab_4/solution1/.autopilot/db/distPoints_fix.compgen.tcl 
INFO-FLOW: Found component distPoints_fix_uibkb.
INFO-FLOW: Append model distPoints_fix_uibkb
INFO-FLOW: Found component distPoints_fix_fpcud.
INFO-FLOW: Append model distPoints_fix_fpcud
INFO-FLOW: Found component distPoints_fix_fsdEe.
INFO-FLOW: Append model distPoints_fix_fsdEe
INFO-FLOW: Found component distPoints_fix_mueOg.
INFO-FLOW: Append model distPoints_fix_mueOg
INFO-FLOW: Found component distPoints_fix_mafYi.
INFO-FLOW: Append model distPoints_fix_mafYi
INFO-FLOW: Append model distPoints_fix
INFO-FLOW: Generating RTL model list ...
INFO-FLOW: All models in this session: distPoints_fix_uibkb distPoints_fix_fpcud distPoints_fix_fsdEe distPoints_fix_mueOg distPoints_fix_mafYi distPoints_fix
INFO-FLOW: To file: write model distPoints_fix_uibkb
INFO-FLOW: To file: write model distPoints_fix_fpcud
INFO-FLOW: To file: write model distPoints_fix_fsdEe
INFO-FLOW: To file: write model distPoints_fix_mueOg
INFO-FLOW: To file: write model distPoints_fix_mafYi
INFO-FLOW: To file: write model distPoints_fix
INFO-FLOW: Finished generating RTL model list.


INFO-FLOW: RTL Generation done.
INFO-FLOW: CAS Generation done.
INFO-FLOW: CBC Generation done.
Execute       get_config_sdx -target 
Execute       source F:/Machine-Learning/vivado_labs/Lab_4/solution1/.autopilot/db/global.setting.tcl 
Execute       source C:/Xilinx/Vivado/2018.2/common/technology/generic/autopilot/common.gen 
Execute         source C:/Xilinx/Vivado/2018.2/common/technology/generic/autopilot/APCoreGen.gen 
Execute       source C:/Xilinx/Vivado/2018.2/common/technology/generic/autopilot/op.gen 
Execute       source C:/Xilinx/Vivado/2018.2/common/technology/generic/autopilot/op_simcore.gen 
Execute       source C:/Xilinx/Vivado/2018.2/common/technology/generic/autopilot/interface.gen 
Execute       source F:/Machine-Learning/vivado_labs/Lab_4/solution1/.autopilot/db/global.setting.tcl 
Execute       source C:/Xilinx/Vivado/2018.2/common/technology/xilinx/zynq/zynq.gen 
Execute         source C:/Xilinx/Vivado/2018.2/common/technology/xilinx/common/virtex.gen 
Execute           source C:/Xilinx/Vivado/2018.2/common/technology/xilinx/common/xilinx.gen 
Execute             source C:/Xilinx/Vivado/2018.2/common/technology/xilinx/interface/plb46.gen 
Execute             source C:/Xilinx/Vivado/2018.2/common/technology/xilinx/interface/fsl.gen 
Execute             source C:/Xilinx/Vivado/2018.2/common/technology/xilinx/interface/axi4.gen 
Execute             source C:/Xilinx/Vivado/2018.2/common/technology/xilinx/interface/nativeAXI4.gen 
Execute               source C:/Xilinx/Vivado/2018.2/common/technology/xilinx/interface/saxilite.gen 
Execute               source C:/Xilinx/Vivado/2018.2/common/technology/xilinx/interface/maxi.gen 
Execute             source C:/Xilinx/Vivado/2018.2/common/technology/xilinx/scripts/xilinxcoregen.gen 
Execute             source C:/Xilinx/Vivado/2018.2/common/technology/xilinx/interface/XilEDKCoreGen.gen 
Execute             source C:/Xilinx/Vivado/2018.2/common/technology/xilinx/ip/dds_compiler.gen 
Execute             source C:/Xilinx/Vivado/2018.2/common/technology/xilinx/ip/util.gen 
Execute             source C:/Xilinx/Vivado/2018.2/common/technology/xilinx/ip/xfft.gen 
Execute             source C:/Xilinx/Vivado/2018.2/common/technology/xilinx/ip/xfir.gen 
Command           ap_source done; 0.135 sec.
Execute           source C:/Xilinx/Vivado/2018.2/common/technology/xilinx/common/dsp48.gen 
Command         ap_source done; 0.139 sec.
Command       ap_source done; 0.139 sec.
Execute       source C:/Xilinx/Vivado/2018.2/common/technology/xilinx/zynq/zynq_fpv6.gen 
Execute         source C:/Xilinx/Vivado/2018.2/common/technology/xilinx/common/xilinx_fpv6.gen 
Execute       source F:/Machine-Learning/vivado_labs/Lab_4/solution1/.autopilot/db/global.setting.tcl 
Execute       source F:/Machine-Learning/vivado_labs/Lab_4/solution1/.autopilot/db/global.setting.tcl 
Execute       source F:/Machine-Learning/vivado_labs/Lab_4/solution1/.autopilot/db/global.setting.tcl 
Execute       source F:/Machine-Learning/vivado_labs/Lab_4/solution1/.autopilot/db/distPoints_fix.compgen.tcl 
Command       ap_source done; 0.169 sec.
Execute       get_config_sdx -target 
Execute       source F:/Machine-Learning/vivado_labs/Lab_4/solution1/.autopilot/db/global.setting.tcl 
Execute       source C:/Xilinx/Vivado/2018.2/common/technology/generic/autopilot/common.gen 
Execute         source C:/Xilinx/Vivado/2018.2/common/technology/generic/autopilot/APCoreGen.gen 
Execute       source C:/Xilinx/Vivado/2018.2/common/technology/generic/autopilot/op.gen 
Execute       source C:/Xilinx/Vivado/2018.2/common/technology/generic/autopilot/op_simcore.gen 
Execute       source C:/Xilinx/Vivado/2018.2/common/technology/generic/autopilot/interface.gen 
Execute       source F:/Machine-Learning/vivado_labs/Lab_4/solution1/.autopilot/db/global.setting.tcl 
Execute       source C:/Xilinx/Vivado/2018.2/common/technology/xilinx/zynq/zynq.gen 
Execute         source C:/Xilinx/Vivado/2018.2/common/technology/xilinx/common/virtex.gen 
Execute           source C:/Xilinx/Vivado/2018.2/common/technology/xilinx/common/xilinx.gen 
Execute             source C:/Xilinx/Vivado/2018.2/common/technology/xilinx/interface/plb46.gen 
Execute             source C:/Xilinx/Vivado/2018.2/common/technology/xilinx/interface/fsl.gen 
Execute             source C:/Xilinx/Vivado/2018.2/common/technology/xilinx/interface/axi4.gen 
Execute             source C:/Xilinx/Vivado/2018.2/common/technology/xilinx/interface/nativeAXI4.gen 
Execute               source C:/Xilinx/Vivado/2018.2/common/technology/xilinx/interface/saxilite.gen 
Execute               source C:/Xilinx/Vivado/2018.2/common/technology/xilinx/interface/maxi.gen 
Execute             source C:/Xilinx/Vivado/2018.2/common/technology/xilinx/scripts/xilinxcoregen.gen 
Execute             source C:/Xilinx/Vivado/2018.2/common/technology/xilinx/interface/XilEDKCoreGen.gen 
Execute             source C:/Xilinx/Vivado/2018.2/common/technology/xilinx/ip/dds_compiler.gen 
Execute             source C:/Xilinx/Vivado/2018.2/common/technology/xilinx/ip/util.gen 
Execute             source C:/Xilinx/Vivado/2018.2/common/technology/xilinx/ip/xfft.gen 
Execute             source C:/Xilinx/Vivado/2018.2/common/technology/xilinx/ip/xfir.gen 
Command           ap_source done; 0.124 sec.
Execute           source C:/Xilinx/Vivado/2018.2/common/technology/xilinx/common/dsp48.gen 
Command         ap_source done; 0.127 sec.
Command       ap_source done; 0.127 sec.
Execute       source C:/Xilinx/Vivado/2018.2/common/technology/xilinx/zynq/zynq_fpv6.gen 
Execute         source C:/Xilinx/Vivado/2018.2/common/technology/xilinx/common/xilinx_fpv6.gen 
Execute       source F:/Machine-Learning/vivado_labs/Lab_4/solution1/.autopilot/db/distPoints_fix.rtl_wrap.cfg.tcl 
Execute       source F:/Machine-Learning/vivado_labs/Lab_4/solution1/.autopilot/db/distPoints_fix.rtl_wrap.cfg.tcl 
Execute       source F:/Machine-Learning/vivado_labs/Lab_4/solution1/.autopilot/db/distPoints_fix.rtl_wrap.cfg.tcl 
Execute       source F:/Machine-Learning/vivado_labs/Lab_4/solution1/.autopilot/db/distPoints_fix.tbgen.tcl 
Execute       source F:/Machine-Learning/vivado_labs/Lab_4/solution1/.autopilot/db/distPoints_fix.tbgen.tcl 
Execute       source F:/Machine-Learning/vivado_labs/Lab_4/solution1/.autopilot/db/global.setting.tcl 
Execute       source F:/Machine-Learning/vivado_labs/Lab_4/solution1/.autopilot/db/distPoints_fix.compgen.tcl 
Execute       source F:/Machine-Learning/vivado_labs/Lab_4/solution1/.autopilot/db/global.setting.tcl 
Execute       source F:/Machine-Learning/vivado_labs/Lab_4/solution1/.autopilot/db/distPoints_fix.compgen.tcl 
Execute       source F:/Machine-Learning/vivado_labs/Lab_4/solution1/.autopilot/db/global.setting.tcl 
Execute       source F:/Machine-Learning/vivado_labs/Lab_4/solution1/.autopilot/db/distPoints_fix.compgen.tcl 
Execute       source F:/Machine-Learning/vivado_labs/Lab_4/solution1/.autopilot/db/global.setting.tcl 
Execute       source F:/Machine-Learning/vivado_labs/Lab_4/solution1/.autopilot/db/distPoints_fix.constraint.tcl 
Execute       source F:/Machine-Learning/vivado_labs/Lab_4/solution1/.autopilot/db/distPoints_fix.tbgen.tcl 
Execute       source F:/Machine-Learning/vivado_labs/Lab_4/solution1/.autopilot/db/global.setting.tcl 
Execute       source F:/Machine-Learning/vivado_labs/Lab_4/solution1/.autopilot/db/global.setting.tcl 
Execute       source F:/Machine-Learning/vivado_labs/Lab_4/solution1/.autopilot/db/global.setting.tcl 
Execute       source F:/Machine-Learning/vivado_labs/Lab_4/solution1/.autopilot/db/distPoints_fix.tbgen.tcl 
Execute       source F:/Machine-Learning/vivado_labs/Lab_4/solution1/.autopilot/db/distPoints_fix.tbgen.tcl 
Execute       source F:/Machine-Learning/vivado_labs/Lab_4/solution1/.autopilot/db/global.setting.tcl 
Execute       source F:/Machine-Learning/vivado_labs/Lab_4/solution1/.autopilot/db/distPoints_fix.constraint.tcl 
Execute       sc_get_clocks distPoints_fix 
Execute       source F:/Machine-Learning/vivado_labs/Lab_4/solution1/.autopilot/db/global.setting.tcl 
Execute       source F:/Machine-Learning/vivado_labs/Lab_4/solution1/impl/misc/distPoints_fix_ap_fpext_0_no_dsp_32_ip.tcl 
Execute       source F:/Machine-Learning/vivado_labs/Lab_4/solution1/impl/misc/distPoints_fix_ap_fsqrt_10_no_dsp_32_ip.tcl 
Execute       source F:/Machine-Learning/vivado_labs/Lab_4/solution1/impl/misc/distPoints_fix_ap_uitofp_4_no_dsp_32_ip.tcl 
Execute       get_config_sdx -target 
Execute       get_config_sdx -profile 
Execute       ::config_rtl 
INFO: [HLS 200-111] Finished generating all RTL models Time (s): cpu = 00:00:01 ; elapsed = 00:00:19 . Memory (MB): peak = 195.508 ; gain = 139.809
INFO: [SYSC 207-301] Generating SystemC RTL for distPoints_fix.
INFO: [VHDL 208-304] Generating VHDL RTL for distPoints_fix.
INFO: [VLOG 209-307] Generating Verilog RTL for distPoints_fix.
Command     autosyn done; 2.196 sec.
Command   csynth_design done; 18.004 sec.
Command ap_source done; 18.357 sec.
Execute cleanup_all 
INFO-FLOW: Workspace F:/Machine-Learning/vivado_labs/Lab_4/solution1 opened at Sun Jul 09 17:28:19 +0500 2023
Execute     config_clock -quiet -name default -period 10 -default=false 
INFO: [SYN 201-201] Setting up clock 'default' with a period of 10ns.
Execute     open_platform DefaultPlatform 
Execute     import_lib C:/Xilinx/Vivado/2018.2/common/technology/xilinx/zynq/zynq 
Execute       source C:/Xilinx/Vivado/2018.2/common/technology/xilinx/common/xilinx.lib 
Execute         source C:/Xilinx/Vivado/2018.2/common/technology/xilinx/interface/xilinx_interface.lib 
Execute           source C:/Xilinx/Vivado/2018.2/common/technology/xilinx/interface/plb46.lib 
Execute           source C:/Xilinx/Vivado/2018.2/common/technology/xilinx/interface/fsl.lib 
Execute           source C:/Xilinx/Vivado/2018.2/common/technology/xilinx/interface/axi4.lib 
Execute           source C:/Xilinx/Vivado/2018.2/common/technology/xilinx/interface/maxi.lib 
Execute           source C:/Xilinx/Vivado/2018.2/common/technology/xilinx/interface/saxilite.lib 
Execute         source C:/Xilinx/Vivado/2018.2/common/technology/xilinx/common/dsp48.lib 
Execute         source C:/Xilinx/Vivado/2018.2/common/technology/xilinx/ip/dds_compiler.lib 
Execute         source C:/Xilinx/Vivado/2018.2/common/technology/xilinx/ip/xfft.lib 
Execute         source C:/Xilinx/Vivado/2018.2/common/technology/xilinx/ip/xfir.lib 
Execute       source C:/Xilinx/Vivado/2018.2/common/technology/xilinx/common/xilinx_old.lib 
Execute       source C:/Xilinx/Vivado/2018.2/common/technology/xilinx/common/xilinx_vivado.lib 
Execute       source C:/Xilinx/Vivado/2018.2/common/technology/xilinx/common/xilinx.hlp 
Execute         source C:/Xilinx/Vivado/2018.2/common/technology/xilinx/common/target_info.tcl 
Execute         source C:/Xilinx/Vivado/2018.2/common/technology/xilinx/interface/xilinx_interface.hlp 
Execute           source C:/Xilinx/Vivado/2018.2/common/technology/xilinx/interface/maxi.hlp 
Execute           source C:/Xilinx/Vivado/2018.2/common/technology/xilinx/interface/saxilite.hlp 
Execute         source C:/Xilinx/Vivado/2018.2/common/technology/xilinx/common/dsp48.hlp 
Execute       source C:/Xilinx/Vivado/2018.2/common/technology/xilinx/zynq/dsp48e1.hlp 
Execute       get_default_platform 
Execute       config_chip_info -quiet -resource  {SLICE 13300}  {LUT 53200}     {FF 106400} {DSP48E 220}   {BRAM 280}  
Execute       config_chip_info -quiet -speed medium 
Execute       source C:/Xilinx/Vivado/2018.2/common/technology/xilinx/common/xilinx.hlp 
Execute         source C:/Xilinx/Vivado/2018.2/common/technology/xilinx/common/target_info.tcl 
Execute         source C:/Xilinx/Vivado/2018.2/common/technology/xilinx/interface/xilinx_interface.hlp 
Execute           source C:/Xilinx/Vivado/2018.2/common/technology/xilinx/interface/maxi.hlp 
Execute           source C:/Xilinx/Vivado/2018.2/common/technology/xilinx/interface/saxilite.hlp 
Execute         source C:/Xilinx/Vivado/2018.2/common/technology/xilinx/common/dsp48.hlp 
Execute     source C:/Xilinx/Vivado/2018.2/common/technology/xilinx/zynq/zynq.gen 
Execute       source C:/Xilinx/Vivado/2018.2/common/technology/xilinx/common/virtex.gen 
Execute         source C:/Xilinx/Vivado/2018.2/common/technology/xilinx/common/xilinx.gen 
Execute           source C:/Xilinx/Vivado/2018.2/common/technology/xilinx/interface/plb46.gen 
Execute           source C:/Xilinx/Vivado/2018.2/common/technology/xilinx/interface/fsl.gen 
Execute           source C:/Xilinx/Vivado/2018.2/common/technology/xilinx/interface/axi4.gen 
Execute           source C:/Xilinx/Vivado/2018.2/common/technology/xilinx/interface/nativeAXI4.gen 
Execute             source C:/Xilinx/Vivado/2018.2/common/technology/xilinx/interface/saxilite.gen 
Execute             source C:/Xilinx/Vivado/2018.2/common/technology/xilinx/interface/maxi.gen 
Execute           source C:/Xilinx/Vivado/2018.2/common/technology/xilinx/scripts/xilinxcoregen.gen 
Execute           source C:/Xilinx/Vivado/2018.2/common/technology/xilinx/interface/XilEDKCoreGen.gen 
Execute           source C:/Xilinx/Vivado/2018.2/common/technology/xilinx/ip/dds_compiler.gen 
Execute           source C:/Xilinx/Vivado/2018.2/common/technology/xilinx/ip/util.gen 
Execute           source C:/Xilinx/Vivado/2018.2/common/technology/xilinx/ip/xfft.gen 
Execute           source C:/Xilinx/Vivado/2018.2/common/technology/xilinx/ip/xfir.gen 
Command         ap_source done; 0.134 sec.
Execute         source C:/Xilinx/Vivado/2018.2/common/technology/xilinx/common/dsp48.gen 
Command       ap_source done; 0.137 sec.
Command     ap_source done; 0.137 sec.
Execute     open_platform DefaultPlatform 
Execute     import_lib C:/Xilinx/Vivado/2018.2/common/technology/xilinx/zynq/zynq_fpv6 
Execute       source C:/Xilinx/Vivado/2018.2/common/technology/xilinx/common/xilinx_fpv7.lib 
Execute         source C:/Xilinx/Vivado/2018.2/common/technology/xilinx/common/xilinx_hp.lib 
Execute       source C:/Xilinx/Vivado/2018.2/common/technology/xilinx/common/xilinx_fpv.hlp 
Execute         source C:/Xilinx/Vivado/2018.2/common/technology/xilinx/common/xilinx.hlp 
Execute           source C:/Xilinx/Vivado/2018.2/common/technology/xilinx/common/target_info.tcl 
Execute           source C:/Xilinx/Vivado/2018.2/common/technology/xilinx/interface/xilinx_interface.hlp 
Execute             source C:/Xilinx/Vivado/2018.2/common/technology/xilinx/interface/maxi.hlp 
Execute             source C:/Xilinx/Vivado/2018.2/common/technology/xilinx/interface/saxilite.hlp 
Execute           source C:/Xilinx/Vivado/2018.2/common/technology/xilinx/common/dsp48.hlp 
Execute       source C:/Xilinx/Vivado/2018.2/common/technology/xilinx/zynq/zynq_hp.hlp 
Execute     source C:/Xilinx/Vivado/2018.2/common/technology/xilinx/zynq/zynq_fpv6.gen 
Execute       source C:/Xilinx/Vivado/2018.2/common/technology/xilinx/common/xilinx_fpv6.gen 
Execute     set_part xc7z020clg484-1 
Execute       add_library xilinx/zynq/zynq:xc7z020:clg484:-1 
Execute         get_default_platform 
Execute         license_isbetapart xc7z020 
Command         license_isbetapart done; error code: 1; 
Execute         get_default_platform 
Execute         config_chip_info -quiet -resource  {SLICE 13300}  {LUT 53200}     {FF 106400} {DSP48E 220}   {BRAM 280}  
Execute         config_chip_info -quiet -speed slow 
Execute       add_library xilinx/zynq/zynq_fpv6 
Execute         get_default_platform 
INFO: [HLS 200-10] Setting target device to 'xc7z020clg484-1'
Execute       get_default_platform 
Execute     get_default_platform 
Execute     config_chip_info -quiet -resource  {SLICE 13300}  {LUT 53200}     {FF 106400} {DSP48E 220}   {BRAM 280}  
Execute     config_chip_info -quiet -speed slow 
Command   open_solution done; 0.277 sec.
Execute   cosim_design 
Execute     source F:/Machine-Learning/vivado_labs/Lab_4/solution1/.autopilot/db/global.setting.tcl 
Execute     source F:/Machine-Learning/vivado_labs/Lab_4/solution1/.autopilot/db/global.setting.tcl 
Execute     source F:/Machine-Learning/vivado_labs/Lab_4/solution1/.autopilot/db/global.setting.tcl 
Execute     source C:/Xilinx/Vivado/2018.2/common/technology/generic/autopilot/common.gen 
Execute       source C:/Xilinx/Vivado/2018.2/common/technology/generic/autopilot/APCoreGen.gen 
Execute     source C:/Xilinx/Vivado/2018.2/common/technology/generic/autopilot/op.gen 
Execute     source C:/Xilinx/Vivado/2018.2/common/technology/generic/autopilot/op_simcore.gen 
Execute     source C:/Xilinx/Vivado/2018.2/common/technology/generic/autopilot/interface.gen 
Execute     source F:/Machine-Learning/vivado_labs/Lab_4/solution1/.autopilot/db/global.setting.tcl 
Execute     source C:/Xilinx/Vivado/2018.2/common/technology/xilinx/zynq/zynq.gen 
Execute       source C:/Xilinx/Vivado/2018.2/common/technology/xilinx/common/virtex.gen 
Execute         source C:/Xilinx/Vivado/2018.2/common/technology/xilinx/common/xilinx.gen 
Execute           source C:/Xilinx/Vivado/2018.2/common/technology/xilinx/interface/plb46.gen 
Execute           source C:/Xilinx/Vivado/2018.2/common/technology/xilinx/interface/fsl.gen 
Execute           source C:/Xilinx/Vivado/2018.2/common/technology/xilinx/interface/axi4.gen 
Execute           source C:/Xilinx/Vivado/2018.2/common/technology/xilinx/interface/nativeAXI4.gen 
Execute             source C:/Xilinx/Vivado/2018.2/common/technology/xilinx/interface/saxilite.gen 
Execute             source C:/Xilinx/Vivado/2018.2/common/technology/xilinx/interface/maxi.gen 
Execute           source C:/Xilinx/Vivado/2018.2/common/technology/xilinx/scripts/xilinxcoregen.gen 
Execute           source C:/Xilinx/Vivado/2018.2/common/technology/xilinx/interface/XilEDKCoreGen.gen 
Execute           source C:/Xilinx/Vivado/2018.2/common/technology/xilinx/ip/dds_compiler.gen 
Execute           source C:/Xilinx/Vivado/2018.2/common/technology/xilinx/ip/util.gen 
Execute           source C:/Xilinx/Vivado/2018.2/common/technology/xilinx/ip/xfft.gen 
Execute           source C:/Xilinx/Vivado/2018.2/common/technology/xilinx/ip/xfir.gen 
Command         ap_source done; 0.133 sec.
Execute         source C:/Xilinx/Vivado/2018.2/common/technology/xilinx/common/dsp48.gen 
Command       ap_source done; 0.137 sec.
Command     ap_source done; 0.137 sec.
Execute     source C:/Xilinx/Vivado/2018.2/common/technology/xilinx/zynq/zynq_fpv6.gen 
Execute       source C:/Xilinx/Vivado/2018.2/common/technology/xilinx/common/xilinx_fpv6.gen 
Execute     source F:/Machine-Learning/vivado_labs/Lab_4/solution1/.autopilot/db/global.setting.tcl 
Execute     source F:/Machine-Learning/vivado_labs/Lab_4/solution1/.autopilot/db/distPoints_fix.rtl_wrap.cfg.tcl 
Execute     source F:/Machine-Learning/vivado_labs/Lab_4/solution1/.autopilot/db/distPoints_fix.tbgen.tcl 
Execute     is_encrypted F:/Machine-Learning/vivado_labs/Lab_4/test_core.cpp 
Execute     is_encrypted F:/Machine-Learning/vivado_labs/Lab_4/core.cpp 
Execute     source F:/Machine-Learning/vivado_labs/Lab_4/solution1/.autopilot/db/distPoints_fix.tbgen.tcl 
Execute     source F:/Machine-Learning/vivado_labs/Lab_4/solution1/.autopilot/db/distPoints_fix.tbgen.tcl 
INFO: [COSIM 212-47] Using XSIM for RTL simulation.
INFO: [COSIM 212-14] Instrumenting C test bench ...
Execute     get_default_platform 
INFO-FLOW: TB processing: F:/Machine-Learning/vivado_labs/Lab_4/test_core.cpp F:/Machine-Learning/vivado_labs/Lab_4/solution1/./sim/autowrap/testbench/test_core.cpp_pre.cpp
INFO-FLOW: Marker-Pragma convertor: F:/Machine-Learning/vivado_labs/Lab_4/solution1/./sim/autowrap/testbench/test_core.cpp_pre.cpp F:/Machine-Learning/vivado_labs/Lab_4/solution1/./sim/autowrap/testbench/test_core.cpp_pre.cpp.line.cpp ./sim/autowrap/testbench/line.tmp 1
INFO-FLOW: Converting Markers to Pragmas...
INFO-FLOW: Marker-Pragma convertor: ./sim/autowrap/testbench/test_core.cpp_pre.cpp.tb.cpp.line ./sim/autowrap/testbench/test_core.cpp_pre.cpp.tb.cpp ./sim/autowrap/testbench/line.tmp 0
INFO-FLOW: Converting Pragmas to Markers...
Execute     get_default_platform 
INFO-FLOW: TB processing: F:/Machine-Learning/vivado_labs/Lab_4/core.cpp F:/Machine-Learning/vivado_labs/Lab_4/solution1/./sim/autowrap/testbench/core.cpp_pre.cpp
INFO-FLOW: Marker-Pragma convertor: F:/Machine-Learning/vivado_labs/Lab_4/solution1/./sim/autowrap/testbench/core.cpp_pre.cpp F:/Machine-Learning/vivado_labs/Lab_4/solution1/./sim/autowrap/testbench/core.cpp_pre.cpp.line.cpp ./sim/autowrap/testbench/line.tmp 1
INFO-FLOW: Converting Markers to Pragmas...
INFO-FLOW: Marker-Pragma convertor: ./sim/autowrap/testbench/core.cpp_pre.cpp.tb.cpp.line ./sim/autowrap/testbench/core.cpp_pre.cpp.tb.cpp ./sim/autowrap/testbench/line.tmp 0
INFO-FLOW: Converting Pragmas to Markers...
Execute     source F:/Machine-Learning/vivado_labs/Lab_4/solution1/./sim/autowrap/testbench/tb.status.tcl 
Execute     source F:/Machine-Learning/vivado_labs/Lab_4/solution1/.autopilot/db/global.setting.tcl 
Execute     source F:/Machine-Learning/vivado_labs/Lab_4/solution1/.autopilot/db/distPoints_fix.rtl_wrap.cfg.tcl 
Execute     source F:/Machine-Learning/vivado_labs/Lab_4/solution1/.autopilot/db/distPoints_fix.rtl_wrap.cfg.tcl 
Execute     source F:/Machine-Learning/vivado_labs/Lab_4/solution1/.autopilot/db/distPoints_fix.rtl_wrap.cfg.tcl 
Execute     source F:/Machine-Learning/vivado_labs/Lab_4/solution1/.autopilot/db/distPoints_fix.tbgen.tcl 
Execute     source F:/Machine-Learning/vivado_labs/Lab_4/solution1/.autopilot/db/distPoints_fix.tbgen.tcl 
Execute     get_default_platform 
Execute     source .run_sim.tcl 
INFO: [COSIM 212-302] Starting C TB testing ... 
Command     ap_source done; 2.557 sec.
INFO: [COSIM 212-333] Generating C post check test bench ...
Execute     get_default_platform 
INFO: [COSIM 212-12] Generating RTL test bench ...
Execute     source F:/Machine-Learning/vivado_labs/Lab_4/solution1/.autopilot/db/distPoints_fix.tbgen.tcl 
Execute     source F:/Machine-Learning/vivado_labs/Lab_4/solution1/.autopilot/db/distPoints_fix.tbgen.tcl 
Execute     source F:/Machine-Learning/vivado_labs/Lab_4/solution1/.autopilot/db/distPoints_fix.tbgen.tcl 
Execute     source F:/Machine-Learning/vivado_labs/Lab_4/solution1/.autopilot/db/distPoints_fix.tbgen.tcl 
Execute     source ../tv/cdatafile/ref.tcl 
Execute     source F:/Machine-Learning/vivado_labs/Lab_4/solution1/.autopilot/db/distPoints_fix.tbgen.tcl 
Execute     source F:/Machine-Learning/vivado_labs/Lab_4/solution1/.autopilot/db/distPoints_fix.tbgen.tcl 
Execute     source F:/Machine-Learning/vivado_labs/Lab_4/solution1/.autopilot/db/distPoints_fix.tbgen.tcl 
Execute     source F:/Machine-Learning/vivado_labs/Lab_4/solution1/.autopilot/db/distPoints_fix.tbgen.tcl 
Execute     source F:/Machine-Learning/vivado_labs/Lab_4/solution1/.autopilot/db/distPoints_fix.tbgen.tcl 
Execute     source F:/Machine-Learning/vivado_labs/Lab_4/solution1/.autopilot/db/distPoints_fix.tbgen.tcl 
Execute     source F:/Machine-Learning/vivado_labs/Lab_4/solution1/.autopilot/db/distPoints_fix.tbgen.tcl 
Execute     source F:/Machine-Learning/vivado_labs/Lab_4/solution1/.autopilot/db/distPoints_fix.tbgen.tcl 
Execute     source F:/Machine-Learning/vivado_labs/Lab_4/solution1/.autopilot/db/distPoints_fix.tbgen.tcl 
Execute     source F:/Machine-Learning/vivado_labs/Lab_4/solution1/.autopilot/db/distPoints_fix.tbgen.tcl 
Execute     source F:/Machine-Learning/vivado_labs/Lab_4/solution1/.autopilot/db/distPoints_fix.tbgen.tcl 
Execute     source F:/Machine-Learning/vivado_labs/Lab_4/solution1/.autopilot/db/distPoints_fix.tbgen.tcl 
Execute     source F:/Machine-Learning/vivado_labs/Lab_4/solution1/.autopilot/db/distPoints_fix.tbgen.tcl 
Execute     source F:/Machine-Learning/vivado_labs/Lab_4/solution1/.autopilot/db/distPoints_fix.tbgen.tcl 
Execute     source F:/Machine-Learning/vivado_labs/Lab_4/solution1/.autopilot/db/distPoints_fix.tbgen.tcl 
Execute     source F:/Machine-Learning/vivado_labs/Lab_4/solution1/.autopilot/db/distPoints_fix.tbgen.tcl 
Execute     source ../tv/cdatafile/ref.tcl 
Execute     source F:/Machine-Learning/vivado_labs/Lab_4/solution1/.autopilot/db/distPoints_fix.tbgen.tcl 
Execute     source F:/Machine-Learning/vivado_labs/Lab_4/solution1/.autopilot/db/distPoints_fix.tbgen.tcl 
Execute     source F:/Machine-Learning/vivado_labs/Lab_4/solution1/.autopilot/db/distPoints_fix.tbgen.tcl 
Execute     source F:/Machine-Learning/vivado_labs/Lab_4/solution1/.autopilot/db/distPoints_fix.tbgen.tcl 
Execute     source F:/Machine-Learning/vivado_labs/Lab_4/solution1/.autopilot/db/distPoints_fix.tbgen.tcl 
Execute     source F:/Machine-Learning/vivado_labs/Lab_4/solution1/.autopilot/db/distPoints_fix.tbgen.tcl 
Execute     source F:/Machine-Learning/vivado_labs/Lab_4/solution1/.autopilot/db/distPoints_fix.tbgen.tcl 
Execute     source F:/Machine-Learning/vivado_labs/Lab_4/solution1/.autopilot/db/distPoints_fix.tbgen.tcl 
Execute     source F:/Machine-Learning/vivado_labs/Lab_4/solution1/.autopilot/db/distPoints_fix.tbgen.tcl 
Execute     source F:/Machine-Learning/vivado_labs/Lab_4/solution1/.autopilot/db/distPoints_fix.tbgen.tcl 
Execute     source F:/Machine-Learning/vivado_labs/Lab_4/solution1/.autopilot/db/distPoints_fix.tbgen.tcl 
Execute     source .run_sim.tcl 
Execute       source check_sim.tcl 
Execute       source .sim.status.tcl 
INFO: [COSIM 212-323] Starting verilog simulation. 
INFO: [COSIM 212-15] Starting XSIM ...
INFO: [COSIM 212-316] Starting C post checking ...
Command     ap_source done; 25.183 sec.
INFO: [COSIM 212-1000] *** C/RTL co-simulation finished: PASS ***
INFO: [COSIM 212-211] II is measurable only when transaction number is greater than 1 in RTL simulation. Otherwise, they will be marked as all NA. If user wants to calculate them, please make sure there are at least 2 transactions in RTL simulation.
Command   cosim_design done; 119.814 sec.
Command ap_source done; 120.101 sec.
Execute cleanup_all 
