INFO: [XSIM 43-3496] Using init file passed via -initfile option "C:/Xilinx/Vivado/2018.2/data/xsim/ip/xsim_ip.ini".
Vivado Simulator 2018.2
Copyright 1986-1999, 2001-2018 Xilinx, Inc. All Rights Reserved.
Running: C:/Xilinx/Vivado/2018.2/bin/unwrapped/win64.o/xelab.exe xil_defaultlib.apatb_distPoints_fix_top glbl -prj distPoints_fix.prj -L smartconnect_v1_0 -L axi_protocol_checker_v1_1_12 -L axi_protocol_checker_v1_1_13 -L axis_protocol_checker_v1_1_11 -L axis_protocol_checker_v1_1_12 -L xil_defaultlib -L unisims_ver -L xpm --initfile C:/Xilinx/Vivado/2018.2/data/xsim/ip/xsim_ip.ini --lib ieee_proposed=./ieee_proposed -s distPoints_fix 
Multi-threading is on. Using 4 slave threads.
Determining compilation order of HDL files.
INFO: [VRFC 10-2263] Analyzing SystemVerilog file "F:/Machine-Learning/vivado_labs/Lab_4/solution1/sim/verilog/glbl.v" into library work
INFO: [VRFC 10-311] analyzing module glbl
INFO: [VRFC 10-2263] Analyzing SystemVerilog file "F:/Machine-Learning/vivado_labs/Lab_4/solution1/sim/verilog/distPoints_fix.autotb.v" into library xil_defaultlib
INFO: [VRFC 10-311] analyzing module apatb_distPoints_fix_top
INFO: [VRFC 10-2263] Analyzing SystemVerilog file "F:/Machine-Learning/vivado_labs/Lab_4/solution1/sim/verilog/distPoints_fix.v" into library xil_defaultlib
INFO: [VRFC 10-311] analyzing module distPoints_fix
INFO: [VRFC 10-2263] Analyzing SystemVerilog file "F:/Machine-Learning/vivado_labs/Lab_4/solution1/sim/verilog/distPoints_fix_fpcud.v" into library xil_defaultlib
INFO: [VRFC 10-311] analyzing module distPoints_fix_fpcud
INFO: [VRFC 10-2263] Analyzing SystemVerilog file "F:/Machine-Learning/vivado_labs/Lab_4/solution1/sim/verilog/distPoints_fix_fsdEe.v" into library xil_defaultlib
INFO: [VRFC 10-311] analyzing module distPoints_fix_fsdEe
INFO: [VRFC 10-2263] Analyzing SystemVerilog file "F:/Machine-Learning/vivado_labs/Lab_4/solution1/sim/verilog/distPoints_fix_mafYi.v" into library xil_defaultlib
INFO: [VRFC 10-311] analyzing module distPoints_fix_mafYi_DSP48_1
INFO: [VRFC 10-311] analyzing module distPoints_fix_mafYi
INFO: [VRFC 10-2263] Analyzing SystemVerilog file "F:/Machine-Learning/vivado_labs/Lab_4/solution1/sim/verilog/distPoints_fix_mueOg.v" into library xil_defaultlib
INFO: [VRFC 10-311] analyzing module distPoints_fix_mueOg_DSP48_0
INFO: [VRFC 10-311] analyzing module distPoints_fix_mueOg
INFO: [VRFC 10-2263] Analyzing SystemVerilog file "F:/Machine-Learning/vivado_labs/Lab_4/solution1/sim/verilog/distPoints_fix_uibkb.v" into library xil_defaultlib
INFO: [VRFC 10-311] analyzing module distPoints_fix_uibkb
INFO: [VRFC 10-163] Analyzing VHDL file "F:/Machine-Learning/vivado_labs/Lab_4/solution1/sim/verilog/ip/xil_defaultlib/distPoints_fix_ap_fpext_0_no_dsp_32.vhd" into library xil_defaultlib
INFO: [VRFC 10-307] analyzing entity distPoints_fix_ap_fpext_0_no_dsp_32
INFO: [VRFC 10-163] Analyzing VHDL file "F:/Machine-Learning/vivado_labs/Lab_4/solution1/sim/verilog/ip/xil_defaultlib/distPoints_fix_ap_fsqrt_10_no_dsp_32.vhd" into library xil_defaultlib
INFO: [VRFC 10-307] analyzing entity distPoints_fix_ap_fsqrt_10_no_dsp_32
INFO: [VRFC 10-163] Analyzing VHDL file "F:/Machine-Learning/vivado_labs/Lab_4/solution1/sim/verilog/ip/xil_defaultlib/distPoints_fix_ap_uitofp_4_no_dsp_32.vhd" into library xil_defaultlib
INFO: [VRFC 10-307] analyzing entity distPoints_fix_ap_uitofp_4_no_dsp_32
Starting static elaboration
WARNING: [VRFC 10-1303] range is empty (null range) [/wrk/2018.2/continuous/2018_06_14_2258646/packages/customer/vivado/data/ip/xilinx/mult_gen_v12_0/hdl/mult_gen_v12_0_vh_rfs.vhd:2255]
WARNING: [VRFC 10-1303] range is empty (null range) [/wrk/2018.2/continuous/2018_06_14_2258646/packages/customer/vivado/data/ip/xilinx/mult_gen_v12_0/hdl/mult_gen_v12_0_vh_rfs.vhd:2240]
WARNING: [VRFC 10-1303] range is empty (null range) [/wrk/2018.2/continuous/2018_06_14_2258646/packages/customer/vivado/data/ip/xilinx/floating_point_v7_1/hdl/floating_point_v7_1_vh_rfs.vhd:90362]
WARNING: [VRFC 10-1303] range is empty (null range) [/wrk/2018.2/continuous/2018_06_14_2258646/packages/customer/vivado/data/ip/xilinx/xbip_pipe_v3_0/hdl/xbip_pipe_v3_0_vh_rfs.vhd:375]
WARNING: [VRFC 10-1303] range is empty (null range) [/wrk/2018.2/continuous/2018_06_14_2258646/packages/customer/vivado/data/ip/xilinx/xbip_pipe_v3_0/hdl/xbip_pipe_v3_0_vh_rfs.vhd:375]
WARNING: [VRFC 10-1303] range is empty (null range) [/wrk/2018.2/continuous/2018_06_14_2258646/packages/customer/vivado/data/ip/xilinx/xbip_pipe_v3_0/hdl/xbip_pipe_v3_0_vh_rfs.vhd:375]
WARNING: [VRFC 10-1303] range is empty (null range) [/wrk/2018.2/continuous/2018_06_14_2258646/packages/customer/vivado/data/ip/xilinx/xbip_pipe_v3_0/hdl/xbip_pipe_v3_0_vh_rfs.vhd:375]
WARNING: [VRFC 10-1303] range is empty (null range) [/wrk/2018.2/continuous/2018_06_14_2258646/packages/customer/vivado/data/ip/xilinx/xbip_pipe_v3_0/hdl/xbip_pipe_v3_0_vh_rfs.vhd:375]
WARNING: [VRFC 10-1303] range is empty (null range) [/wrk/2018.2/continuous/2018_06_14_2258646/packages/customer/vivado/data/ip/xilinx/xbip_pipe_v3_0/hdl/xbip_pipe_v3_0_vh_rfs.vhd:375]
WARNING: [VRFC 10-1303] range is empty (null range) [/wrk/2018.2/continuous/2018_06_14_2258646/packages/customer/vivado/data/ip/xilinx/floating_point_v7_1/hdl/floating_point_v7_1_vh_rfs.vhd:30530]
WARNING: [VRFC 10-1303] range is empty (null range) [/wrk/2018.2/continuous/2018_06_14_2258646/packages/customer/vivado/data/ip/xilinx/floating_point_v7_1/hdl/floating_point_v7_1_vh_rfs.vhd:13629]
WARNING: [VRFC 10-982] library name floating_point_v7_1_6 of instantiated unit conflicts with visible identifier [ip/xil_defaultlib/distPoints_fix_ap_uitofp_4_no_dsp_32.vhd:190]
WARNING: [VRFC 10-1303] range is empty (null range) [/wrk/2018.2/continuous/2018_06_14_2258646/packages/customer/vivado/data/ip/xilinx/floating_point_v7_1/hdl/floating_point_v7_1_vh_rfs.vhd:90362]
WARNING: [VRFC 10-1303] range is empty (null range) [/wrk/2018.2/continuous/2018_06_14_2258646/packages/customer/vivado/data/ip/xilinx/floating_point_v7_1/hdl/floating_point_v7_1_vh_rfs.vhd:12604]
WARNING: [VRFC 10-1303] range is empty (null range) [/wrk/2018.2/continuous/2018_06_14_2258646/packages/customer/vivado/data/ip/xilinx/floating_point_v7_1/hdl/floating_point_v7_1_vh_rfs.vhd:12604]
WARNING: [VRFC 10-1303] range is empty (null range) [/wrk/2018.2/continuous/2018_06_14_2258646/packages/customer/vivado/data/ip/xilinx/floating_point_v7_1/hdl/floating_point_v7_1_vh_rfs.vhd:12604]
WARNING: [VRFC 10-1303] range is empty (null range) [/wrk/2018.2/continuous/2018_06_14_2258646/packages/customer/vivado/data/ip/xilinx/floating_point_v7_1/hdl/floating_point_v7_1_vh_rfs.vhd:12604]
WARNING: [VRFC 10-1303] range is empty (null range) [/wrk/2018.2/continuous/2018_06_14_2258646/packages/customer/vivado/data/ip/xilinx/floating_point_v7_1/hdl/floating_point_v7_1_vh_rfs.vhd:12604]
WARNING: [VRFC 10-1303] range is empty (null range) [/wrk/2018.2/continuous/2018_06_14_2258646/packages/customer/vivado/data/ip/xilinx/floating_point_v7_1/hdl/floating_point_v7_1_vh_rfs.vhd:13629]
WARNING: [VRFC 10-982] library name floating_point_v7_1_6 of instantiated unit conflicts with visible identifier [ip/xil_defaultlib/distPoints_fix_ap_fpext_0_no_dsp_32.vhd:184]
WARNING: [VRFC 10-1303] range is empty (null range) [/wrk/2018.2/continuous/2018_06_14_2258646/packages/customer/vivado/data/ip/xilinx/floating_point_v7_1/hdl/floating_point_v7_1_vh_rfs.vhd:90362]
WARNING: [VRFC 10-1303] range is empty (null range) [/wrk/2018.2/continuous/2018_06_14_2258646/packages/customer/vivado/data/ip/xilinx/xbip_pipe_v3_0/hdl/xbip_pipe_v3_0_vh_rfs.vhd:375]
WARNING: [VRFC 10-1303] range is empty (null range) [/wrk/2018.2/continuous/2018_06_14_2258646/packages/customer/vivado/data/ip/xilinx/xbip_pipe_v3_0/hdl/xbip_pipe_v3_0_vh_rfs.vhd:375]
WARNING: [VRFC 10-1303] range is empty (null range) [/wrk/2018.2/continuous/2018_06_14_2258646/packages/customer/vivado/data/ip/xilinx/xbip_pipe_v3_0/hdl/xbip_pipe_v3_0_vh_rfs.vhd:375]
WARNING: [VRFC 10-1303] range is empty (null range) [/wrk/2018.2/continuous/2018_06_14_2258646/packages/customer/vivado/data/ip/xilinx/xbip_pipe_v3_0/hdl/xbip_pipe_v3_0_vh_rfs.vhd:375]
WARNING: [VRFC 10-1303] range is empty (null range) [/wrk/2018.2/continuous/2018_06_14_2258646/packages/customer/vivado/data/ip/xilinx/xbip_pipe_v3_0/hdl/xbip_pipe_v3_0_vh_rfs.vhd:375]
WARNING: [VRFC 10-1303] range is empty (null range) [/wrk/2018.2/continuous/2018_06_14_2258646/packages/customer/vivado/data/ip/xilinx/xbip_pipe_v3_0/hdl/xbip_pipe_v3_0_vh_rfs.vhd:375]
WARNING: [VRFC 10-1303] range is empty (null range) [/wrk/2018.2/continuous/2018_06_14_2258646/packages/customer/vivado/data/ip/xilinx/xbip_pipe_v3_0/hdl/xbip_pipe_v3_0_vh_rfs.vhd:375]
WARNING: [VRFC 10-1303] range is empty (null range) [/wrk/2018.2/continuous/2018_06_14_2258646/packages/customer/vivado/data/ip/xilinx/xbip_pipe_v3_0/hdl/xbip_pipe_v3_0_vh_rfs.vhd:375]
WARNING: [VRFC 10-1303] range is empty (null range) [/wrk/2018.2/continuous/2018_06_14_2258646/packages/customer/vivado/data/ip/xilinx/xbip_pipe_v3_0/hdl/xbip_pipe_v3_0_vh_rfs.vhd:375]
WARNING: [VRFC 10-1303] range is empty (null range) [/wrk/2018.2/continuous/2018_06_14_2258646/packages/customer/vivado/data/ip/xilinx/xbip_pipe_v3_0/hdl/xbip_pipe_v3_0_vh_rfs.vhd:375]
WARNING: [VRFC 10-1303] range is empty (null range) [/wrk/2018.2/continuous/2018_06_14_2258646/packages/customer/vivado/data/ip/xilinx/xbip_pipe_v3_0/hdl/xbip_pipe_v3_0_vh_rfs.vhd:375]
WARNING: [VRFC 10-1303] range is empty (null range) [/wrk/2018.2/continuous/2018_06_14_2258646/packages/customer/vivado/data/ip/xilinx/xbip_pipe_v3_0/hdl/xbip_pipe_v3_0_vh_rfs.vhd:375]
WARNING: [VRFC 10-1303] range is empty (null range) [/wrk/2018.2/continuous/2018_06_14_2258646/packages/customer/vivado/data/ip/xilinx/xbip_pipe_v3_0/hdl/xbip_pipe_v3_0_vh_rfs.vhd:375]
WARNING: [VRFC 10-1303] range is empty (null range) [/wrk/2018.2/continuous/2018_06_14_2258646/packages/customer/vivado/data/ip/xilinx/xbip_pipe_v3_0/hdl/xbip_pipe_v3_0_vh_rfs.vhd:375]
WARNING: [VRFC 10-1303] range is empty (null range) [/wrk/2018.2/continuous/2018_06_14_2258646/packages/customer/vivado/data/ip/xilinx/xbip_pipe_v3_0/hdl/xbip_pipe_v3_0_vh_rfs.vhd:375]
WARNING: [VRFC 10-1303] range is empty (null range) [/wrk/2018.2/continuous/2018_06_14_2258646/packages/customer/vivado/data/ip/xilinx/xbip_pipe_v3_0/hdl/xbip_pipe_v3_0_vh_rfs.vhd:375]
WARNING: [VRFC 10-1303] range is empty (null range) [/wrk/2018.2/continuous/2018_06_14_2258646/packages/customer/vivado/data/ip/xilinx/xbip_pipe_v3_0/hdl/xbip_pipe_v3_0_vh_rfs.vhd:375]
WARNING: [VRFC 10-1303] range is empty (null range) [/wrk/2018.2/continuous/2018_06_14_2258646/packages/customer/vivado/data/ip/xilinx/floating_point_v7_1/hdl/floating_point_v7_1_vh_rfs.vhd:13629]
WARNING: [VRFC 10-982] library name floating_point_v7_1_6 of instantiated unit conflicts with visible identifier [ip/xil_defaultlib/distPoints_fix_ap_fsqrt_10_no_dsp_32.vhd:190]
Completed static elaboration
Starting simulation data flow analysis
Completed simulation data flow analysis
Time Resolution for simulation is 1ps
Compiling package std.standard
Compiling package std.textio
Compiling package ieee.std_logic_1164
Compiling package ieee.numeric_std
Compiling package floating_point_v7_1_6.floating_point_v7_1_6_viv_comp
Compiling package xbip_utils_v3_0_9.xbip_utils_v3_0_9_pkg
Compiling package axi_utils_v2_0_5.axi_utils_v2_0_5_pkg
Compiling package floating_point_v7_1_6.floating_point_v7_1_6_consts
Compiling package ieee.math_real
Compiling package floating_point_v7_1_6.floating_point_v7_1_6_exp_table_...
Compiling package mult_gen_v12_0_14.mult_gen_v12_0_14_pkg
Compiling package ieee.std_logic_arith
Compiling package ieee.std_logic_signed
Compiling package floating_point_v7_1_6.floating_point_v7_1_6_pkg
Compiling package floating_point_v7_1_6.flt_utils
Compiling package floating_point_v7_1_6.vt2mutils
Compiling package floating_point_v7_1_6.vt2mcomps
Compiling package unisim.vcomponents
Compiling package xbip_pipe_v3_0_5.xbip_pipe_v3_0_5_viv_comp
Compiling package ieee.vital_timing
Compiling package ieee.vital_primitives
Compiling package unisim.vpkg
Compiling architecture muxcy_v of entity unisim.MUXCY [muxcy_default]
Compiling architecture xorcy_v of entity unisim.XORCY [xorcy_default]
Compiling architecture synth of entity xbip_pipe_v3_0_5.xbip_pipe_v3_0_5_viv [\xbip_pipe_v3_0_5_viv(c_has_ce=1...]
Compiling architecture rtl of entity floating_point_v7_1_6.delay [\delay(width=64,length=0)\]
Compiling architecture struct of entity floating_point_v7_1_6.carry_chain [\carry_chain(c_xdevicefamily="zy...]
Compiling architecture synth of entity xbip_pipe_v3_0_5.xbip_pipe_v3_0_5_viv [\xbip_pipe_v3_0_5_viv(c_has_ce=1...]
Compiling architecture rtl of entity floating_point_v7_1_6.delay [\delay(width=16,length=0,fast_in...]
Compiling architecture synth of entity xbip_pipe_v3_0_5.xbip_pipe_v3_0_5_viv [\xbip_pipe_v3_0_5_viv(c_latency=...]
Compiling architecture rtl of entity floating_point_v7_1_6.delay [delay_default]
Compiling architecture synth of entity xbip_pipe_v3_0_5.xbip_pipe_v3_0_5_viv [\xbip_pipe_v3_0_5_viv(c_latency=...]
Compiling architecture rtl of entity floating_point_v7_1_6.delay [\delay(width=4,fast_input=true)\]
Compiling architecture rtl of entity floating_point_v7_1_6.norm_zero_det [\norm_zero_det(data_width=39,nor...]
Compiling architecture synth of entity xbip_pipe_v3_0_5.xbip_pipe_v3_0_5_viv [\xbip_pipe_v3_0_5_viv(c_latency=...]
Compiling architecture rtl of entity floating_point_v7_1_6.delay [\delay(width=64)\]
Compiling architecture rtl of entity floating_point_v7_1_6.mux4 [\mux4(c_xdevicefamily="zynq",wid...]
Compiling architecture synth of entity xbip_pipe_v3_0_5.xbip_pipe_v3_0_5_viv [\xbip_pipe_v3_0_5_viv(c_has_ce=1...]
Compiling architecture rtl of entity floating_point_v7_1_6.delay [\delay(width=4,length=0,fast_inp...]
Compiling architecture rtl of entity floating_point_v7_1_6.mux4 [\mux4(c_xdevicefamily="zynq",wid...]
Compiling architecture synth of entity xbip_pipe_v3_0_5.xbip_pipe_v3_0_5_viv [\xbip_pipe_v3_0_5_viv(c_latency=...]
Compiling architecture rtl of entity floating_point_v7_1_6.delay [\delay(width=2,length=2)\]
Compiling architecture synth of entity xbip_pipe_v3_0_5.xbip_pipe_v3_0_5_viv [\xbip_pipe_v3_0_5_viv(c_latency=...]
Compiling architecture rtl of entity floating_point_v7_1_6.delay [\delay(width=2,fast_input=true)\]
Compiling architecture rtl of entity floating_point_v7_1_6.mux4 [\mux4(c_xdevicefamily="zynq",wid...]
Compiling architecture synth of entity xbip_pipe_v3_0_5.xbip_pipe_v3_0_5_viv [\xbip_pipe_v3_0_5_viv(c_latency=...]
Compiling architecture rtl of entity floating_point_v7_1_6.delay [\delay(fast_input=true)\]
Compiling architecture rtl of entity floating_point_v7_1_6.mux4 [\mux4(c_xdevicefamily="zynq",wid...]
Compiling architecture synth of entity xbip_pipe_v3_0_5.xbip_pipe_v3_0_5_viv [\xbip_pipe_v3_0_5_viv(c_latency=...]
Compiling architecture rtl of entity floating_point_v7_1_6.delay [\delay(width=2)\]
Compiling architecture fdre_v of entity unisim.FDRE [fdre_default]
Compiling architecture fde_v of entity unisim.FDE [fde_default]
Compiling architecture synth of entity xbip_pipe_v3_0_5.xbip_pipe_v3_0_5_viv [\xbip_pipe_v3_0_5_viv(c_has_ce=1...]
Compiling architecture rtl of entity floating_point_v7_1_6.delay [\delay(length=0)\]
Compiling architecture synth of entity xbip_pipe_v3_0_5.xbip_pipe_v3_0_5_viv [\xbip_pipe_v3_0_5_viv(c_has_ce=1...]
Compiling architecture rtl of entity floating_point_v7_1_6.delay [\delay(width=8,length=0,fast_inp...]
Compiling architecture struct of entity floating_point_v7_1_6.carry_chain [\carry_chain(c_xdevicefamily="zy...]
Compiling architecture rtl of entity floating_point_v7_1_6.lead_zero_encode [\lead_zero_encode(c_xdevicefamil...]
Compiling architecture rtl of entity floating_point_v7_1_6.shift_msb_first [\shift_msb_first(a_width=64,resu...]
Compiling architecture synth of entity xbip_pipe_v3_0_5.xbip_pipe_v3_0_5_viv [\xbip_pipe_v3_0_5_viv(c_has_ce=1...]
Compiling architecture rtl of entity floating_point_v7_1_6.delay [\delay(width=8,length=0)\]
Compiling architecture synth of entity xbip_pipe_v3_0_5.xbip_pipe_v3_0_5_viv [\xbip_pipe_v3_0_5_viv(c_has_ce=1...]
Compiling architecture rtl of entity floating_point_v7_1_6.delay [\delay(width=12,length=0)\]
Compiling architecture struct of entity floating_point_v7_1_6.carry_chain [\carry_chain(c_xdevicefamily="zy...]
Compiling architecture struct of entity floating_point_v7_1_6.carry_chain [\carry_chain(c_xdevicefamily="zy...]
Compiling architecture synth of entity xbip_pipe_v3_0_5.xbip_pipe_v3_0_5_viv [\xbip_pipe_v3_0_5_viv(c_has_ce=1...]
Compiling architecture rtl of entity floating_point_v7_1_6.delay [\delay(width=14,length=0)\]
Compiling architecture synth of entity xbip_pipe_v3_0_5.xbip_pipe_v3_0_5_viv [\xbip_pipe_v3_0_5_viv(c_has_ce=1...]
Compiling architecture rtl of entity floating_point_v7_1_6.delay [\delay(width=25,length=0)\]
Compiling architecture synth of entity xbip_pipe_v3_0_5.xbip_pipe_v3_0_5_viv [\xbip_pipe_v3_0_5_viv(c_has_ce=1...]
Compiling architecture rtl of entity floating_point_v7_1_6.delay [\delay(width=3,length=0)\]
Compiling architecture synth of entity xbip_pipe_v3_0_5.xbip_pipe_v3_0_5_viv [\xbip_pipe_v3_0_5_viv(c_has_ce=1...]
Compiling architecture rtl of entity floating_point_v7_1_6.delay [\delay(width=2,length=0)\]
Compiling architecture synth of entity xbip_pipe_v3_0_5.xbip_pipe_v3_0_5_viv [\xbip_pipe_v3_0_5_viv(c_has_ce=1...]
Compiling architecture rtl of entity floating_point_v7_1_6.delay [\delay(width=2,length=0,fast_inp...]
Compiling architecture struct of entity floating_point_v7_1_6.carry_chain [\carry_chain(c_xdevicefamily="zy...]
Compiling architecture rtl of entity floating_point_v7_1_6.flt_round_bit [\flt_round_bit(c_xdevicefamily="...]
Compiling architecture rtl of entity floating_point_v7_1_6.renorm_and_round_logic [\renorm_and_round_logic(c_xdevic...]
Compiling architecture synth of entity xbip_pipe_v3_0_5.xbip_pipe_v3_0_5_viv [\xbip_pipe_v3_0_5_viv(c_latency=...]
Compiling architecture rtl of entity floating_point_v7_1_6.delay [\delay(length=3)\]
Compiling architecture synth of entity xbip_pipe_v3_0_5.xbip_pipe_v3_0_5_viv [\xbip_pipe_v3_0_5_viv(c_latency=...]
Compiling architecture rtl of entity floating_point_v7_1_6.delay [\delay(length=2)\]
Compiling architecture synth of entity floating_point_v7_1_6.fix_to_flt_conv_exp [\fix_to_flt_conv_exp(c_xdevicefa...]
Compiling architecture synth of entity floating_point_v7_1_6.flt_dec_op [\flt_dec_op(c_xdevicefamily="zyn...]
Compiling architecture struct of entity floating_point_v7_1_6.fix_to_flt_conv [\fix_to_flt_conv(c_xdevicefamily...]
Compiling architecture synth of entity xbip_pipe_v3_0_5.xbip_pipe_v3_0_5_viv [\xbip_pipe_v3_0_5_viv(c_latency=...]
Compiling architecture synth of entity xbip_pipe_v3_0_5.xbip_pipe_v3_0_5_viv [\xbip_pipe_v3_0_5_viv(c_has_ce=1...]
Compiling architecture rtl of entity floating_point_v7_1_6.delay [\delay(width=32,length=0)\]
Compiling architecture xilinx of entity floating_point_v7_1_6.floating_point_v7_1_6_viv [\floating_point_v7_1_6_viv(c_xde...]
Compiling architecture xilinx of entity floating_point_v7_1_6.floating_point_v7_1_6 [\floating_point_v7_1_6(c_xdevice...]
Compiling architecture distpoints_fix_ap_uitofp_4_no_dsp_32_arch of entity xil_defaultlib.distPoints_fix_ap_uitofp_4_no_dsp_32 [distpoints_fix_ap_uitofp_4_no_ds...]
Compiling module xil_defaultlib.distPoints_fix_uibkb
Compiling architecture synth of entity xbip_pipe_v3_0_5.xbip_pipe_v3_0_5_viv [\xbip_pipe_v3_0_5_viv(c_has_ce=1...]
Compiling architecture rtl of entity floating_point_v7_1_6.delay [\delay(width=23,length=0)\]
Compiling architecture synth of entity xbip_pipe_v3_0_5.xbip_pipe_v3_0_5_viv [\xbip_pipe_v3_0_5_viv(c_has_ce=1...]
Compiling architecture rtl of entity floating_point_v7_1_6.delay [\delay(width=4,length=0)\]
Compiling architecture struct of entity floating_point_v7_1_6.carry_chain [\carry_chain(c_xdevicefamily="ki...]
Compiling architecture synth of entity floating_point_v7_1_6.compare_eq_im [\compare_eq_im(c_xdevicefamily="...]
Compiling architecture rtl of entity floating_point_v7_1_6.delay [\delay(length=0,fast_input=true)...]
Compiling architecture rtl of entity floating_point_v7_1_6.special_detect [\special_detect(a_fw=24,op_delay...]
Compiling architecture rtl of entity floating_point_v7_1_6.flt_to_flt_conv_exp [\flt_to_flt_conv_exp(r_w=64,r_ew...]
Compiling architecture synth of entity floating_point_v7_1_6.flt_dec_op [\flt_dec_op(c_xdevicefamily="zyn...]
Compiling architecture rtl of entity floating_point_v7_1_6.flt_to_flt_conv [\flt_to_flt_conv(c_xdevicefamily...]
Compiling architecture synth of entity xbip_pipe_v3_0_5.xbip_pipe_v3_0_5_viv [\xbip_pipe_v3_0_5_viv(c_has_ce=1...]
Compiling architecture xilinx of entity floating_point_v7_1_6.floating_point_v7_1_6_viv [\floating_point_v7_1_6_viv(c_xde...]
Compiling architecture xilinx of entity floating_point_v7_1_6.floating_point_v7_1_6 [\floating_point_v7_1_6(c_xdevice...]
Compiling architecture distpoints_fix_ap_fpext_0_no_dsp_32_arch of entity xil_defaultlib.distPoints_fix_ap_fpext_0_no_dsp_32 [distpoints_fix_ap_fpext_0_no_dsp...]
Compiling module xil_defaultlib.distPoints_fix_fpcud(ID=1)
Compiling architecture synth of entity xbip_pipe_v3_0_5.xbip_pipe_v3_0_5_viv [\xbip_pipe_v3_0_5_viv(c_has_ce=1...]
Compiling architecture rtl of entity floating_point_v7_1_6.delay [\delay(width=26,length=0)\]
Compiling architecture synth of entity xbip_pipe_v3_0_5.xbip_pipe_v3_0_5_viv [\xbip_pipe_v3_0_5_viv(c_has_ce=1...]
Compiling architecture rtl of entity floating_point_v7_1_6.delay [\delay(width=5,length=0,fast_inp...]
Compiling architecture struct of entity floating_point_v7_1_6.carry_chain [\carry_chain(c_xdevicefamily="zy...]
Compiling architecture synth of entity floating_point_v7_1_6.flt_sqrt_mant_addsub [\flt_sqrt_mant_addsub(c_xdevicef...]
Compiling architecture synth of entity xbip_pipe_v3_0_5.xbip_pipe_v3_0_5_viv [\xbip_pipe_v3_0_5_viv(c_has_ce=1...]
Compiling architecture rtl of entity floating_point_v7_1_6.delay [\delay(width=24,length=0)\]
Compiling architecture synth of entity xbip_pipe_v3_0_5.xbip_pipe_v3_0_5_viv [\xbip_pipe_v3_0_5_viv(c_has_ce=1...]
Compiling architecture rtl of entity floating_point_v7_1_6.delay [\delay(width=6,length=0,fast_inp...]
Compiling architecture struct of entity floating_point_v7_1_6.carry_chain [\carry_chain(c_xdevicefamily="zy...]
Compiling architecture synth of entity floating_point_v7_1_6.flt_sqrt_mant_addsub [\flt_sqrt_mant_addsub(c_xdevicef...]
Compiling architecture synth of entity xbip_pipe_v3_0_5.xbip_pipe_v3_0_5_viv [\xbip_pipe_v3_0_5_viv(c_latency=...]
Compiling architecture rtl of entity floating_point_v7_1_6.delay [\delay(width=22)\]
Compiling architecture synth of entity xbip_pipe_v3_0_5.xbip_pipe_v3_0_5_viv [\xbip_pipe_v3_0_5_viv(c_has_ce=1...]
Compiling architecture rtl of entity floating_point_v7_1_6.delay [\delay(width=6,length=0)\]
Compiling architecture synth of entity xbip_pipe_v3_0_5.xbip_pipe_v3_0_5_viv [\xbip_pipe_v3_0_5_viv(c_latency=...]
Compiling architecture rtl of entity floating_point_v7_1_6.delay [\delay(width=7,fast_input=true)\]
Compiling architecture struct of entity floating_point_v7_1_6.carry_chain [\carry_chain(c_xdevicefamily="zy...]
Compiling architecture synth of entity floating_point_v7_1_6.flt_sqrt_mant_addsub [\flt_sqrt_mant_addsub(c_xdevicef...]
Compiling architecture synth of entity xbip_pipe_v3_0_5.xbip_pipe_v3_0_5_viv [\xbip_pipe_v3_0_5_viv(c_latency=...]
Compiling architecture rtl of entity floating_point_v7_1_6.delay [\delay(width=4)\]
Compiling architecture synth of entity xbip_pipe_v3_0_5.xbip_pipe_v3_0_5_viv [\xbip_pipe_v3_0_5_viv(c_has_ce=1...]
Compiling architecture rtl of entity floating_point_v7_1_6.delay [\delay(width=20,length=0)\]
Compiling architecture struct of entity floating_point_v7_1_6.carry_chain [\carry_chain(c_xdevicefamily="zy...]
Compiling architecture synth of entity floating_point_v7_1_6.flt_sqrt_mant_addsub [\flt_sqrt_mant_addsub(c_xdevicef...]
Compiling architecture synth of entity xbip_pipe_v3_0_5.xbip_pipe_v3_0_5_viv [\xbip_pipe_v3_0_5_viv(c_has_ce=1...]
Compiling architecture rtl of entity floating_point_v7_1_6.delay [\delay(width=5,length=0)\]
Compiling architecture synth of entity xbip_pipe_v3_0_5.xbip_pipe_v3_0_5_viv [\xbip_pipe_v3_0_5_viv(c_has_ce=1...]
Compiling architecture rtl of entity floating_point_v7_1_6.delay [\delay(width=18,length=0)\]
Compiling architecture synth of entity xbip_pipe_v3_0_5.xbip_pipe_v3_0_5_viv [\xbip_pipe_v3_0_5_viv(c_has_ce=1...]
Compiling architecture rtl of entity floating_point_v7_1_6.delay [\delay(width=9,length=0,fast_inp...]
Compiling architecture struct of entity floating_point_v7_1_6.carry_chain [\carry_chain(c_xdevicefamily="zy...]
Compiling architecture synth of entity floating_point_v7_1_6.flt_sqrt_mant_addsub [\flt_sqrt_mant_addsub(c_xdevicef...]
Compiling architecture synth of entity xbip_pipe_v3_0_5.xbip_pipe_v3_0_5_viv [\xbip_pipe_v3_0_5_viv(c_latency=...]
Compiling architecture rtl of entity floating_point_v7_1_6.delay [\delay(width=16)\]
Compiling architecture synth of entity xbip_pipe_v3_0_5.xbip_pipe_v3_0_5_viv [\xbip_pipe_v3_0_5_viv(c_has_ce=1...]
Compiling architecture rtl of entity floating_point_v7_1_6.delay [\delay(width=9,length=0)\]
Compiling architecture synth of entity xbip_pipe_v3_0_5.xbip_pipe_v3_0_5_viv [\xbip_pipe_v3_0_5_viv(c_latency=...]
Compiling architecture rtl of entity floating_point_v7_1_6.delay [\delay(width=10,fast_input=true)...]
Compiling architecture struct of entity floating_point_v7_1_6.carry_chain [\carry_chain(c_xdevicefamily="zy...]
Compiling architecture synth of entity floating_point_v7_1_6.flt_sqrt_mant_addsub [\flt_sqrt_mant_addsub(c_xdevicef...]
Compiling architecture synth of entity xbip_pipe_v3_0_5.xbip_pipe_v3_0_5_viv [\xbip_pipe_v3_0_5_viv(c_latency=...]
Compiling architecture rtl of entity floating_point_v7_1_6.delay [\delay(width=7)\]
Compiling architecture synth of entity xbip_pipe_v3_0_5.xbip_pipe_v3_0_5_viv [\xbip_pipe_v3_0_5_viv(c_has_ce=1...]
Compiling architecture rtl of entity floating_point_v7_1_6.delay [\delay(width=11,length=0,fast_in...]
Compiling architecture struct of entity floating_point_v7_1_6.carry_chain [\carry_chain(c_xdevicefamily="zy...]
Compiling architecture synth of entity floating_point_v7_1_6.flt_sqrt_mant_addsub [\flt_sqrt_mant_addsub(c_xdevicef...]
Compiling architecture synth of entity xbip_pipe_v3_0_5.xbip_pipe_v3_0_5_viv [\xbip_pipe_v3_0_5_viv(c_has_ce=1...]
Compiling architecture rtl of entity floating_point_v7_1_6.delay [\delay(width=12,length=0,fast_in...]
Compiling architecture struct of entity floating_point_v7_1_6.carry_chain [\carry_chain(c_xdevicefamily="zy...]
Compiling architecture synth of entity floating_point_v7_1_6.flt_sqrt_mant_addsub [\flt_sqrt_mant_addsub(c_xdevicef...]
Compiling architecture synth of entity xbip_pipe_v3_0_5.xbip_pipe_v3_0_5_viv [\xbip_pipe_v3_0_5_viv(c_latency=...]
Compiling architecture rtl of entity floating_point_v7_1_6.delay [\delay(width=10)\]
Compiling architecture synth of entity xbip_pipe_v3_0_5.xbip_pipe_v3_0_5_viv [\xbip_pipe_v3_0_5_viv(c_latency=...]
Compiling architecture rtl of entity floating_point_v7_1_6.delay [\delay(width=13,fast_input=true)...]
Compiling architecture struct of entity floating_point_v7_1_6.carry_chain [\carry_chain(c_xdevicefamily="zy...]
Compiling architecture synth of entity floating_point_v7_1_6.flt_sqrt_mant_addsub [\flt_sqrt_mant_addsub(c_xdevicef...]
Compiling architecture synth of entity xbip_pipe_v3_0_5.xbip_pipe_v3_0_5_viv [\xbip_pipe_v3_0_5_viv(c_has_ce=1...]
Compiling architecture rtl of entity floating_point_v7_1_6.delay [\delay(width=14,length=0,fast_in...]
Compiling architecture struct of entity floating_point_v7_1_6.carry_chain [\carry_chain(c_xdevicefamily="zy...]
Compiling architecture synth of entity floating_point_v7_1_6.flt_sqrt_mant_addsub [\flt_sqrt_mant_addsub(c_xdevicef...]
Compiling architecture synth of entity xbip_pipe_v3_0_5.xbip_pipe_v3_0_5_viv [\xbip_pipe_v3_0_5_viv(c_has_ce=1...]
Compiling architecture rtl of entity floating_point_v7_1_6.delay [\delay(width=11,length=0)\]
Compiling architecture synth of entity xbip_pipe_v3_0_5.xbip_pipe_v3_0_5_viv [\xbip_pipe_v3_0_5_viv(c_has_ce=1...]
Compiling architecture rtl of entity floating_point_v7_1_6.delay [\delay(width=15,length=0,fast_in...]
Compiling architecture struct of entity floating_point_v7_1_6.carry_chain [\carry_chain(c_xdevicefamily="zy...]
Compiling architecture synth of entity floating_point_v7_1_6.flt_sqrt_mant_addsub [\flt_sqrt_mant_addsub(c_xdevicef...]
Compiling architecture synth of entity xbip_pipe_v3_0_5.xbip_pipe_v3_0_5_viv [\xbip_pipe_v3_0_5_viv(c_has_ce=1...]
Compiling architecture rtl of entity floating_point_v7_1_6.delay [\delay(width=15,length=0)\]
Compiling architecture synth of entity xbip_pipe_v3_0_5.xbip_pipe_v3_0_5_viv [\xbip_pipe_v3_0_5_viv(c_latency=...]
Compiling architecture rtl of entity floating_point_v7_1_6.delay [\delay(width=16,fast_input=true)...]
Compiling architecture struct of entity floating_point_v7_1_6.carry_chain [\carry_chain(c_xdevicefamily="zy...]
Compiling architecture synth of entity floating_point_v7_1_6.flt_sqrt_mant_addsub [\flt_sqrt_mant_addsub(c_xdevicef...]
Compiling architecture synth of entity xbip_pipe_v3_0_5.xbip_pipe_v3_0_5_viv [\xbip_pipe_v3_0_5_viv(c_latency=...]
Compiling architecture rtl of entity floating_point_v7_1_6.delay [\delay(width=13)\]
Compiling architecture synth of entity xbip_pipe_v3_0_5.xbip_pipe_v3_0_5_viv [\xbip_pipe_v3_0_5_viv(c_has_ce=1...]
Compiling architecture rtl of entity floating_point_v7_1_6.delay [\delay(width=17,length=0,fast_in...]
Compiling architecture struct of entity floating_point_v7_1_6.carry_chain [\carry_chain(c_xdevicefamily="zy...]
Compiling architecture synth of entity floating_point_v7_1_6.flt_sqrt_mant_addsub [\flt_sqrt_mant_addsub(c_xdevicef...]
Compiling architecture synth of entity xbip_pipe_v3_0_5.xbip_pipe_v3_0_5_viv [\xbip_pipe_v3_0_5_viv(c_has_ce=1...]
Compiling architecture rtl of entity floating_point_v7_1_6.delay [\delay(width=18,length=0,fast_in...]
Compiling architecture struct of entity floating_point_v7_1_6.carry_chain [\carry_chain(c_xdevicefamily="zy...]
Compiling architecture synth of entity floating_point_v7_1_6.flt_sqrt_mant_addsub [\flt_sqrt_mant_addsub(c_xdevicef...]
Compiling architecture synth of entity xbip_pipe_v3_0_5.xbip_pipe_v3_0_5_viv [\xbip_pipe_v3_0_5_viv(c_latency=...]
Compiling architecture rtl of entity floating_point_v7_1_6.delay [\delay(width=19,fast_input=true)...]
Compiling architecture struct of entity floating_point_v7_1_6.carry_chain [\carry_chain(c_xdevicefamily="zy...]
Compiling architecture synth of entity floating_point_v7_1_6.flt_sqrt_mant_addsub [\flt_sqrt_mant_addsub(c_xdevicef...]
Compiling architecture synth of entity xbip_pipe_v3_0_5.xbip_pipe_v3_0_5_viv [\xbip_pipe_v3_0_5_viv(c_has_ce=1...]
Compiling architecture rtl of entity floating_point_v7_1_6.delay [\delay(width=20,length=0,fast_in...]
Compiling architecture struct of entity floating_point_v7_1_6.carry_chain [\carry_chain(c_xdevicefamily="zy...]
Compiling architecture synth of entity floating_point_v7_1_6.flt_sqrt_mant_addsub [\flt_sqrt_mant_addsub(c_xdevicef...]
Compiling architecture synth of entity xbip_pipe_v3_0_5.xbip_pipe_v3_0_5_viv [\xbip_pipe_v3_0_5_viv(c_has_ce=1...]
Compiling architecture rtl of entity floating_point_v7_1_6.delay [\delay(width=17,length=0)\]
Compiling architecture synth of entity xbip_pipe_v3_0_5.xbip_pipe_v3_0_5_viv [\xbip_pipe_v3_0_5_viv(c_has_ce=1...]
Compiling architecture rtl of entity floating_point_v7_1_6.delay [\delay(width=21,length=0,fast_in...]
Compiling architecture struct of entity floating_point_v7_1_6.carry_chain [\carry_chain(c_xdevicefamily="zy...]
Compiling architecture synth of entity floating_point_v7_1_6.flt_sqrt_mant_addsub [\flt_sqrt_mant_addsub(c_xdevicef...]
Compiling architecture synth of entity xbip_pipe_v3_0_5.xbip_pipe_v3_0_5_viv [\xbip_pipe_v3_0_5_viv(c_has_ce=1...]
Compiling architecture rtl of entity floating_point_v7_1_6.delay [\delay(width=21,length=0)\]
Compiling architecture synth of entity xbip_pipe_v3_0_5.xbip_pipe_v3_0_5_viv [\xbip_pipe_v3_0_5_viv(c_latency=...]
Compiling architecture rtl of entity floating_point_v7_1_6.delay [\delay(width=22,fast_input=true)...]
Compiling architecture struct of entity floating_point_v7_1_6.carry_chain [\carry_chain(c_xdevicefamily="zy...]
Compiling architecture synth of entity floating_point_v7_1_6.flt_sqrt_mant_addsub [\flt_sqrt_mant_addsub(c_xdevicef...]
Compiling architecture synth of entity xbip_pipe_v3_0_5.xbip_pipe_v3_0_5_viv [\xbip_pipe_v3_0_5_viv(c_latency=...]
Compiling architecture rtl of entity floating_point_v7_1_6.delay [\delay(width=19)\]
Compiling architecture synth of entity xbip_pipe_v3_0_5.xbip_pipe_v3_0_5_viv [\xbip_pipe_v3_0_5_viv(c_has_ce=1...]
Compiling architecture rtl of entity floating_point_v7_1_6.delay [\delay(width=23,length=0,fast_in...]
Compiling architecture struct of entity floating_point_v7_1_6.carry_chain [\carry_chain(c_xdevicefamily="zy...]
Compiling architecture synth of entity floating_point_v7_1_6.flt_sqrt_mant_addsub [\flt_sqrt_mant_addsub(c_xdevicef...]
Compiling architecture synth of entity xbip_pipe_v3_0_5.xbip_pipe_v3_0_5_viv [\xbip_pipe_v3_0_5_viv(c_has_ce=1...]
Compiling architecture rtl of entity floating_point_v7_1_6.delay [\delay(width=24,length=0,fast_in...]
Compiling architecture struct of entity floating_point_v7_1_6.carry_chain [\carry_chain(c_xdevicefamily="zy...]
Compiling architecture synth of entity floating_point_v7_1_6.flt_sqrt_mant_addsub [\flt_sqrt_mant_addsub(c_xdevicef...]
Compiling architecture synth of entity xbip_pipe_v3_0_5.xbip_pipe_v3_0_5_viv [\xbip_pipe_v3_0_5_viv(c_latency=...]
Compiling architecture rtl of entity floating_point_v7_1_6.delay [\delay(width=25,fast_input=true)...]
Compiling architecture struct of entity floating_point_v7_1_6.carry_chain [\carry_chain(c_xdevicefamily="zy...]
Compiling architecture synth of entity floating_point_v7_1_6.flt_sqrt_mant_addsub [\flt_sqrt_mant_addsub(c_xdevicef...]
Compiling architecture synth of entity xbip_pipe_v3_0_5.xbip_pipe_v3_0_5_viv [\xbip_pipe_v3_0_5_viv(c_has_ce=1...]
Compiling architecture rtl of entity floating_point_v7_1_6.delay [\delay(width=26,length=0,fast_in...]
Compiling architecture struct of entity floating_point_v7_1_6.carry_chain [\carry_chain(c_xdevicefamily="zy...]
Compiling architecture synth of entity floating_point_v7_1_6.flt_sqrt_mant_addsub [\flt_sqrt_mant_addsub(c_xdevicef...]
Compiling architecture synth of entity xbip_pipe_v3_0_5.xbip_pipe_v3_0_5_viv [\xbip_pipe_v3_0_5_viv(c_has_ce=1...]
Compiling architecture rtl of entity floating_point_v7_1_6.delay [\delay(width=27,length=0,fast_in...]
Compiling architecture struct of entity floating_point_v7_1_6.carry_chain [\carry_chain(c_xdevicefamily="zy...]
Compiling architecture synth of entity floating_point_v7_1_6.flt_sqrt_mant_addsub [\flt_sqrt_mant_addsub(c_xdevicef...]
Compiling architecture synth of entity xbip_pipe_v3_0_5.xbip_pipe_v3_0_5_viv [\xbip_pipe_v3_0_5_viv(c_has_ce=1...]
Compiling architecture rtl of entity floating_point_v7_1_6.delay [\delay(width=27,length=0)\]
Compiling architecture synth of entity xbip_pipe_v3_0_5.xbip_pipe_v3_0_5_viv [\xbip_pipe_v3_0_5_viv(c_latency=...]
Compiling architecture rtl of entity floating_point_v7_1_6.delay [\delay(width=28,fast_input=true)...]
Compiling architecture struct of entity floating_point_v7_1_6.carry_chain [\carry_chain(c_xdevicefamily="zy...]
Compiling architecture synth of entity floating_point_v7_1_6.flt_sqrt_mant_addsub [\flt_sqrt_mant_addsub(c_xdevicef...]
Compiling architecture synth of entity xbip_pipe_v3_0_5.xbip_pipe_v3_0_5_viv [\xbip_pipe_v3_0_5_viv(c_latency=...]
Compiling architecture rtl of entity floating_point_v7_1_6.delay [\delay(width=25)\]
Compiling architecture synth of entity xbip_pipe_v3_0_5.xbip_pipe_v3_0_5_viv [\xbip_pipe_v3_0_5_viv(c_has_ce=1...]
Compiling architecture rtl of entity floating_point_v7_1_6.delay [\delay(width=29,length=0,fast_in...]
Compiling architecture struct of entity floating_point_v7_1_6.carry_chain [\carry_chain(c_xdevicefamily="zy...]
Compiling architecture synth of entity floating_point_v7_1_6.flt_sqrt_mant_addsub [\flt_sqrt_mant_addsub(c_xdevicef...]
Compiling architecture synth of entity xbip_pipe_v3_0_5.xbip_pipe_v3_0_5_viv [\xbip_pipe_v3_0_5_viv(c_latency=...]
Compiling architecture rtl of entity floating_point_v7_1_6.delay [\delay(width=26)\]
Compiling architecture synth of entity floating_point_v7_1_6.flt_sqrt_mant [\flt_sqrt_mant(c_xdevicefamily="...]
Compiling architecture synth of entity xbip_pipe_v3_0_5.xbip_pipe_v3_0_5_viv [\xbip_pipe_v3_0_5_viv(c_latency=...]
Compiling architecture rtl of entity floating_point_v7_1_6.delay [\delay(width=8,length=9,fast_inp...]
Compiling architecture rtl of entity floating_point_v7_1_6.special_detect [\special_detect(c_xdevicefamily=...]
Compiling architecture synth of entity xbip_pipe_v3_0_5.xbip_pipe_v3_0_5_viv [\xbip_pipe_v3_0_5_viv(c_latency=...]
Compiling architecture rtl of entity floating_point_v7_1_6.delay [\delay(width=2,length=9,fast_inp...]
Compiling architecture synth of entity xbip_pipe_v3_0_5.xbip_pipe_v3_0_5_viv [\xbip_pipe_v3_0_5_viv(c_latency=...]
Compiling architecture rtl of entity floating_point_v7_1_6.delay [\delay(length=9,fast_input=true)...]
Compiling architecture rtl of entity floating_point_v7_1_6.flt_sqrt_exp [\flt_sqrt_exp(c_xdevicefamily="n...]
Compiling architecture struct of entity floating_point_v7_1_6.carry_chain [\carry_chain(c_xdevicefamily="zy...]
Compiling architecture synth of entity xbip_pipe_v3_0_5.xbip_pipe_v3_0_5_viv [\xbip_pipe_v3_0_5_viv(c_has_ce=1...]
Compiling architecture rtl of entity floating_point_v7_1_6.delay [\delay(width=25,length=0,fast_in...]
Compiling architecture struct of entity floating_point_v7_1_6.carry_chain [\carry_chain(c_xdevicefamily="zy...]
Compiling architecture rtl of entity floating_point_v7_1_6.flt_round_bit [\flt_round_bit(c_xdevicefamily="...]
Compiling architecture rtl of entity floating_point_v7_1_6.renorm_and_round_logic [\renorm_and_round_logic(c_xdevic...]
Compiling architecture virtex of entity floating_point_v7_1_6.flt_sqrt [\flt_sqrt(c_xdevicefamily="zynq"...]
Compiling architecture synth of entity xbip_pipe_v3_0_5.xbip_pipe_v3_0_5_viv [\xbip_pipe_v3_0_5_viv(c_latency=...]
Compiling architecture xilinx of entity floating_point_v7_1_6.floating_point_v7_1_6_viv [\floating_point_v7_1_6_viv(c_xde...]
Compiling architecture xilinx of entity floating_point_v7_1_6.floating_point_v7_1_6 [\floating_point_v7_1_6(c_xdevice...]
Compiling architecture distpoints_fix_ap_fsqrt_10_no_dsp_32_arch of entity xil_defaultlib.distPoints_fix_ap_fsqrt_10_no_dsp_32 [distpoints_fix_ap_fsqrt_10_no_ds...]
Compiling module xil_defaultlib.distPoints_fix_fsdEe(ID=1)
Compiling module xil_defaultlib.distPoints_fix_mueOg_DSP48_0
Compiling module xil_defaultlib.distPoints_fix_mueOg(ID=1,NUM_ST...
Compiling module xil_defaultlib.distPoints_fix_mafYi_DSP48_1
Compiling module xil_defaultlib.distPoints_fix_mafYi(ID=1,NUM_ST...
Compiling module xil_defaultlib.distPoints_fix
Compiling module xil_defaultlib.apatb_distPoints_fix_top
Compiling module work.glbl
Built simulation snapshot distPoints_fix
