#-----------------------------------------------------------
# xsim v2018.2 (64-bit)
# SW Build 2258646 on Thu Jun 14 20:03:12 MDT 2018
# IP Build 2256618 on Thu Jun 14 22:10:49 MDT 2018
# Start of session at: Sun Jul  9 17:30:12 2023
# Process ID: 2056
# Current directory: F:/Machine-Learning/vivado_labs/Lab_4/solution1/sim/verilog
# Command line: xsim.exe -mode tcl -source {xsim.dir/distPoints_fix/xsim_script.tcl}
# Log file: F:/Machine-Learning/vivado_labs/Lab_4/solution1/sim/verilog/xsim.log
# Journal file: F:/Machine-Learning/vivado_labs/Lab_4/solution1/sim/verilog\xsim.jou
#-----------------------------------------------------------
source xsim.dir/distPoints_fix/xsim_script.tcl
# xsim {distPoints_fix} -autoloadwcfg -tclbatch {distPoints_fix.tcl}
Vivado Simulator 2018.2
Time resolution is 1 ps
source distPoints_fix.tcl
## run all
Note: 
******************************************************
  renorm_and_round_logic.vhd :
    FULL_MANT_RND1_DEL is using fast_input
    which will be faster, but create more FFs.
******************************************************
Time: 0 ps  Iteration: 0
////////////////////////////////////////////////////////////////////////////////////
// Inter-Transaction Progress: Completed Transaction / Total Transaction
// Intra-Transaction Progress: Measured Latency / Latency Estimation * 100%
//
// RTL Simulation : "Inter-Transaction Progress" ["Intra-Transaction Progress"] @ "Simulation Time"
////////////////////////////////////////////////////////////////////////////////////
// RTL Simulation : 0 / 1 [0.00%] @ "125000"
// RTL Simulation : 1 / 1 [100.00%] @ "395000"
////////////////////////////////////////////////////////////////////////////////////
$finish called at time : 435 ns : File "F:/Machine-Learning/vivado_labs/Lab_4/solution1/sim/verilog/distPoints_fix.autotb.v" Line 443
## quit
INFO: [Common 17-206] Exiting xsim at Sun Jul  9 17:30:18 2023...
