

================================================================
== Vivado HLS Report for 'gravity'
================================================================
* Date:           Sun Jul  9 17:38:25 2023

* Version:        2018.2 (Build 2258646 on Thu Jun 14 20:25:20 MDT 2018)
* Project:        Lab_5
* Solution:       solution1
* Product family: zynq
* Target device:  xc7z020clg484-1


================================================================
== Performance Estimates
================================================================
+ Timing (ns): 
    * Summary: 
    +--------+-------+----------+------------+
    |  Clock | Target| Estimated| Uncertainty|
    +--------+-------+----------+------------+
    |ap_clk  |  10.00|     8.256|        1.25|
    +--------+-------+----------+------------+

+ Latency (clock cycles): 
    * Summary: 
    +-----+-----+-----+-----+---------+
    |  Latency  |  Interval | Pipeline|
    | min | max | min | max |   Type  |
    +-----+-----+-----+-----+---------+
    |   24|   24|   24|   24|   none  |
    +-----+-----+-----+-----+---------+

    + Detail: 
        * Instance: 
        N/A

        * Loop: 
        N/A



================================================================
== Utilization Estimates
================================================================
* Summary: 
+-----------------+---------+-------+--------+-------+
|       Name      | BRAM_18K| DSP48E|   FF   |  LUT  |
+-----------------+---------+-------+--------+-------+
|DSP              |        -|      -|       -|      -|
|Expression       |        -|      -|       -|      -|
|FIFO             |        -|      -|       -|      -|
|Instance         |        0|      5|    1291|   2001|
|Memory           |        -|      -|       -|      -|
|Multiplexer      |        -|      -|       -|    151|
|Register         |        -|      -|     121|      -|
+-----------------+---------+-------+--------+-------+
|Total            |        0|      5|    1412|   2152|
+-----------------+---------+-------+--------+-------+
|Available        |      280|    220|  106400|  53200|
+-----------------+---------+-------+--------+-------+
|Utilization (%)  |        0|      2|       1|      4|
+-----------------+---------+-------+--------+-------+

+ Detail: 
    * Instance: 
    +-------------------------+----------------------+---------+-------+-----+-----+
    |         Instance        |        Module        | BRAM_18K| DSP48E|  FF | LUT |
    +-------------------------+----------------------+---------+-------+-----+-----+
    |gravity_CRTLS_s_axi_U    |gravity_CRTLS_s_axi   |        0|      0|  182|  296|
    |gravity_fadd_32nsbkb_U1  |gravity_fadd_32nsbkb  |        0|      2|  205|  390|
    |gravity_fdiv_32nsdEe_U3  |gravity_fdiv_32nsdEe  |        0|      0|  761|  994|
    |gravity_fmul_32nscud_U2  |gravity_fmul_32nscud  |        0|      3|  143|  321|
    +-------------------------+----------------------+---------+-------+-----+-----+
    |Total                    |                      |        0|      5| 1291| 2001|
    +-------------------------+----------------------+---------+-------+-----+-----+

    * DSP48: 
    N/A

    * Memory: 
    N/A

    * FIFO: 
    N/A

    * Expression: 
    N/A

    * Multiplexer: 
    +--------------+-----+-----------+-----+-----------+
    |     Name     | LUT | Input Size| Bits| Total Bits|
    +--------------+-----+-----------+-----+-----------+
    |ap_NS_fsm     |  121|         26|    1|         26|
    |grp_fu_52_p0  |   15|          3|   32|         96|
    |grp_fu_52_p1  |   15|          3|   32|         96|
    +--------------+-----+-----------+-----+-----------+
    |Total         |  151|         32|   65|        218|
    +--------------+-----+-----------+-----+-----------+

    * Register: 
    +--------------------+----+----+-----+-----------+
    |        Name        | FF | LUT| Bits| Const Bits|
    +--------------------+----+----+-----+-----------+
    |ap_CS_fsm           |  25|   0|   25|          0|
    |dist_square_reg_88  |  32|   0|   32|          0|
    |tmp_3_reg_82        |  32|   0|   32|          0|
    |tmp_4_reg_77        |  32|   0|   32|          0|
    +--------------------+----+----+-----+-----------+
    |Total               | 121|   0|  121|          0|
    +--------------------+----+----+-----+-----------+



================================================================
== Interface
================================================================
* Summary: 
+---------------------+-----+-----+------------+--------------+--------------+
|      RTL Ports      | Dir | Bits|  Protocol  | Source Object|    C Type    |
+---------------------+-----+-----+------------+--------------+--------------+
|s_axi_CRTLS_AWVALID  |  in |    1|    s_axi   |     CRTLS    |    scalar    |
|s_axi_CRTLS_AWREADY  | out |    1|    s_axi   |     CRTLS    |    scalar    |
|s_axi_CRTLS_AWADDR   |  in |    6|    s_axi   |     CRTLS    |    scalar    |
|s_axi_CRTLS_WVALID   |  in |    1|    s_axi   |     CRTLS    |    scalar    |
|s_axi_CRTLS_WREADY   | out |    1|    s_axi   |     CRTLS    |    scalar    |
|s_axi_CRTLS_WDATA    |  in |   32|    s_axi   |     CRTLS    |    scalar    |
|s_axi_CRTLS_WSTRB    |  in |    4|    s_axi   |     CRTLS    |    scalar    |
|s_axi_CRTLS_ARVALID  |  in |    1|    s_axi   |     CRTLS    |    scalar    |
|s_axi_CRTLS_ARREADY  | out |    1|    s_axi   |     CRTLS    |    scalar    |
|s_axi_CRTLS_ARADDR   |  in |    6|    s_axi   |     CRTLS    |    scalar    |
|s_axi_CRTLS_RVALID   | out |    1|    s_axi   |     CRTLS    |    scalar    |
|s_axi_CRTLS_RREADY   |  in |    1|    s_axi   |     CRTLS    |    scalar    |
|s_axi_CRTLS_RDATA    | out |   32|    s_axi   |     CRTLS    |    scalar    |
|s_axi_CRTLS_RRESP    | out |    2|    s_axi   |     CRTLS    |    scalar    |
|s_axi_CRTLS_BVALID   | out |    1|    s_axi   |     CRTLS    |    scalar    |
|s_axi_CRTLS_BREADY   |  in |    1|    s_axi   |     CRTLS    |    scalar    |
|s_axi_CRTLS_BRESP    | out |    2|    s_axi   |     CRTLS    |    scalar    |
|ap_clk               |  in |    1| ap_ctrl_hs |    gravity   | return value |
|ap_rst_n             |  in |    1| ap_ctrl_hs |    gravity   | return value |
|interrupt            | out |    1| ap_ctrl_hs |    gravity   | return value |
+---------------------+-----+-----+------------+--------------+--------------+

============================================================
+ Verbose Summary: Synthesis Manager
============================================================
InlineROM: 1
ExposeGlobal: 0
============================================================
+ Verbose Summary: CDFG Model
============================================================
IsTopModel: 1
ResetActiveHigh: 1
IsCombinational: 2
IsDatapathOnly: 2
HasWiredReturn: 1
HasMFsm: 0
HasVarLatency: 1
IsPipeline: 0
IsRtlPipelined: 0
IsInstanceOverlapped: 0
IsDontTouch: 0
HasImplIP: 0
IsGatedGlobalClock: 0


============================================================
+ Verbose Summary: Schedule
============================================================
* Number of FSM states : 25
* Pipeline : 0
* Dataflow Pipeline: 0

* FSM state transitions: 
1 --> 
	2  / true
2 --> 
	3  / true
3 --> 
	4  / true
4 --> 
	5  / true
5 --> 
	6  / true
6 --> 
	7  / true
7 --> 
	8  / true
8 --> 
	9  / true
9 --> 
	10  / true
10 --> 
	11  / true
11 --> 
	12  / true
12 --> 
	13  / true
13 --> 
	14  / true
14 --> 
	15  / true
15 --> 
	16  / true
16 --> 
	17  / true
17 --> 
	18  / true
18 --> 
	19  / true
19 --> 
	20  / true
20 --> 
	21  / true
21 --> 
	22  / true
22 --> 
	23  / true
23 --> 
	24  / true
24 --> 
	25  / true
25 --> 

* FSM state operations: 

State 1 <SV = 0> <Delay = 8.25>
ST_1 : Operation 26 [1/1] (1.00ns)   --->   "%distance_read = call float @_ssdm_op_Read.s_axilite.float(float %distance) nounwind"   --->   Operation 26 'read' 'distance_read' <Predicate = true> <Delay = 1.00> <Core = "s_axilite">   --->   Core 10 's_axilite' <Latency = 0> <II = 1> <Delay = 1.00> <Adapter> <Opcode : 'read' 'write'>
ST_1 : Operation 27 [1/1] (1.00ns)   --->   "%m2_read = call float @_ssdm_op_Read.s_axilite.float(float %m2) nounwind"   --->   Operation 27 'read' 'm2_read' <Predicate = true> <Delay = 1.00> <Core = "s_axilite">   --->   Core 10 's_axilite' <Latency = 0> <II = 1> <Delay = 1.00> <Adapter> <Opcode : 'read' 'write'>
ST_1 : Operation 28 [1/1] (1.00ns)   --->   "%m1_read = call float @_ssdm_op_Read.s_axilite.float(float %m1) nounwind"   --->   Operation 28 'read' 'm1_read' <Predicate = true> <Delay = 1.00> <Core = "s_axilite">   --->   Core 10 's_axilite' <Latency = 0> <II = 1> <Delay = 1.00> <Adapter> <Opcode : 'read' 'write'>
ST_1 : Operation 29 [5/5] (7.25ns)   --->   "%tmp_3 = fadd float %distance_read, 0x3F1A36E2E0000000" [Lab_5/core.cpp:7]   --->   Operation 29 'fadd' 'tmp_3' <Predicate = true> <Delay = 7.25> <Core = "FAddSub">   --->   Core 99 'FAddSub' <Latency = 4> <II = 1> <Delay = 7.25> <FuncUnit> <Opcode : 'fadd' 'fsub'> <InPorts = 2> <OutPorts = 1>
ST_1 : Operation 30 [4/4] (5.70ns)   --->   "%tmp_4 = fmul float %m1_read, %m2_read" [Lab_5/core.cpp:8]   --->   Operation 30 'fmul' 'tmp_4' <Predicate = true> <Delay = 5.70> <Core = "FMul">   --->   Core 100 'FMul' <Latency = 3> <II = 1> <Delay = 5.70> <FuncUnit> <Opcode : 'fmul'> <InPorts = 2> <OutPorts = 1>

State 2 <SV = 1> <Delay = 7.25>
ST_2 : Operation 31 [4/5] (7.25ns)   --->   "%tmp_3 = fadd float %distance_read, 0x3F1A36E2E0000000" [Lab_5/core.cpp:7]   --->   Operation 31 'fadd' 'tmp_3' <Predicate = true> <Delay = 7.25> <Core = "FAddSub">   --->   Core 99 'FAddSub' <Latency = 4> <II = 1> <Delay = 7.25> <FuncUnit> <Opcode : 'fadd' 'fsub'> <InPorts = 2> <OutPorts = 1>
ST_2 : Operation 32 [3/4] (5.70ns)   --->   "%tmp_4 = fmul float %m1_read, %m2_read" [Lab_5/core.cpp:8]   --->   Operation 32 'fmul' 'tmp_4' <Predicate = true> <Delay = 5.70> <Core = "FMul">   --->   Core 100 'FMul' <Latency = 3> <II = 1> <Delay = 5.70> <FuncUnit> <Opcode : 'fmul'> <InPorts = 2> <OutPorts = 1>

State 3 <SV = 2> <Delay = 7.25>
ST_3 : Operation 33 [3/5] (7.25ns)   --->   "%tmp_3 = fadd float %distance_read, 0x3F1A36E2E0000000" [Lab_5/core.cpp:7]   --->   Operation 33 'fadd' 'tmp_3' <Predicate = true> <Delay = 7.25> <Core = "FAddSub">   --->   Core 99 'FAddSub' <Latency = 4> <II = 1> <Delay = 7.25> <FuncUnit> <Opcode : 'fadd' 'fsub'> <InPorts = 2> <OutPorts = 1>
ST_3 : Operation 34 [2/4] (5.70ns)   --->   "%tmp_4 = fmul float %m1_read, %m2_read" [Lab_5/core.cpp:8]   --->   Operation 34 'fmul' 'tmp_4' <Predicate = true> <Delay = 5.70> <Core = "FMul">   --->   Core 100 'FMul' <Latency = 3> <II = 1> <Delay = 5.70> <FuncUnit> <Opcode : 'fmul'> <InPorts = 2> <OutPorts = 1>

State 4 <SV = 3> <Delay = 7.25>
ST_4 : Operation 35 [2/5] (7.25ns)   --->   "%tmp_3 = fadd float %distance_read, 0x3F1A36E2E0000000" [Lab_5/core.cpp:7]   --->   Operation 35 'fadd' 'tmp_3' <Predicate = true> <Delay = 7.25> <Core = "FAddSub">   --->   Core 99 'FAddSub' <Latency = 4> <II = 1> <Delay = 7.25> <FuncUnit> <Opcode : 'fadd' 'fsub'> <InPorts = 2> <OutPorts = 1>
ST_4 : Operation 36 [1/4] (5.70ns)   --->   "%tmp_4 = fmul float %m1_read, %m2_read" [Lab_5/core.cpp:8]   --->   Operation 36 'fmul' 'tmp_4' <Predicate = true> <Delay = 5.70> <Core = "FMul">   --->   Core 100 'FMul' <Latency = 3> <II = 1> <Delay = 5.70> <FuncUnit> <Opcode : 'fmul'> <InPorts = 2> <OutPorts = 1>

State 5 <SV = 4> <Delay = 7.25>
ST_5 : Operation 37 [1/5] (7.25ns)   --->   "%tmp_3 = fadd float %distance_read, 0x3F1A36E2E0000000" [Lab_5/core.cpp:7]   --->   Operation 37 'fadd' 'tmp_3' <Predicate = true> <Delay = 7.25> <Core = "FAddSub">   --->   Core 99 'FAddSub' <Latency = 4> <II = 1> <Delay = 7.25> <FuncUnit> <Opcode : 'fadd' 'fsub'> <InPorts = 2> <OutPorts = 1>

State 6 <SV = 5> <Delay = 5.70>
ST_6 : Operation 38 [4/4] (5.70ns)   --->   "%dist_square = fmul float %tmp_3, %tmp_3" [Lab_5/core.cpp:7]   --->   Operation 38 'fmul' 'dist_square' <Predicate = true> <Delay = 5.70> <Core = "FMul">   --->   Core 100 'FMul' <Latency = 3> <II = 1> <Delay = 5.70> <FuncUnit> <Opcode : 'fmul'> <InPorts = 2> <OutPorts = 1>

State 7 <SV = 6> <Delay = 5.70>
ST_7 : Operation 39 [3/4] (5.70ns)   --->   "%dist_square = fmul float %tmp_3, %tmp_3" [Lab_5/core.cpp:7]   --->   Operation 39 'fmul' 'dist_square' <Predicate = true> <Delay = 5.70> <Core = "FMul">   --->   Core 100 'FMul' <Latency = 3> <II = 1> <Delay = 5.70> <FuncUnit> <Opcode : 'fmul'> <InPorts = 2> <OutPorts = 1>

State 8 <SV = 7> <Delay = 5.70>
ST_8 : Operation 40 [2/4] (5.70ns)   --->   "%dist_square = fmul float %tmp_3, %tmp_3" [Lab_5/core.cpp:7]   --->   Operation 40 'fmul' 'dist_square' <Predicate = true> <Delay = 5.70> <Core = "FMul">   --->   Core 100 'FMul' <Latency = 3> <II = 1> <Delay = 5.70> <FuncUnit> <Opcode : 'fmul'> <InPorts = 2> <OutPorts = 1>

State 9 <SV = 8> <Delay = 5.70>
ST_9 : Operation 41 [1/4] (5.70ns)   --->   "%dist_square = fmul float %tmp_3, %tmp_3" [Lab_5/core.cpp:7]   --->   Operation 41 'fmul' 'dist_square' <Predicate = true> <Delay = 5.70> <Core = "FMul">   --->   Core 100 'FMul' <Latency = 3> <II = 1> <Delay = 5.70> <FuncUnit> <Opcode : 'fmul'> <InPorts = 2> <OutPorts = 1>

State 10 <SV = 9> <Delay = 6.07>
ST_10 : Operation 42 [16/16] (6.07ns)   --->   "%force = fdiv float %tmp_4, %dist_square" [Lab_5/core.cpp:8]   --->   Operation 42 'fdiv' 'force' <Predicate = true> <Delay = 6.07> <Core = "FDiv">   --->   Core 101 'FDiv' <Latency = 15> <II = 1> <Delay = 6.07> <FuncUnit> <Opcode : 'fdiv' 'frem'> <InPorts = 2> <OutPorts = 1>

State 11 <SV = 10> <Delay = 6.07>
ST_11 : Operation 43 [15/16] (6.07ns)   --->   "%force = fdiv float %tmp_4, %dist_square" [Lab_5/core.cpp:8]   --->   Operation 43 'fdiv' 'force' <Predicate = true> <Delay = 6.07> <Core = "FDiv">   --->   Core 101 'FDiv' <Latency = 15> <II = 1> <Delay = 6.07> <FuncUnit> <Opcode : 'fdiv' 'frem'> <InPorts = 2> <OutPorts = 1>

State 12 <SV = 11> <Delay = 6.07>
ST_12 : Operation 44 [14/16] (6.07ns)   --->   "%force = fdiv float %tmp_4, %dist_square" [Lab_5/core.cpp:8]   --->   Operation 44 'fdiv' 'force' <Predicate = true> <Delay = 6.07> <Core = "FDiv">   --->   Core 101 'FDiv' <Latency = 15> <II = 1> <Delay = 6.07> <FuncUnit> <Opcode : 'fdiv' 'frem'> <InPorts = 2> <OutPorts = 1>

State 13 <SV = 12> <Delay = 6.07>
ST_13 : Operation 45 [13/16] (6.07ns)   --->   "%force = fdiv float %tmp_4, %dist_square" [Lab_5/core.cpp:8]   --->   Operation 45 'fdiv' 'force' <Predicate = true> <Delay = 6.07> <Core = "FDiv">   --->   Core 101 'FDiv' <Latency = 15> <II = 1> <Delay = 6.07> <FuncUnit> <Opcode : 'fdiv' 'frem'> <InPorts = 2> <OutPorts = 1>

State 14 <SV = 13> <Delay = 6.07>
ST_14 : Operation 46 [12/16] (6.07ns)   --->   "%force = fdiv float %tmp_4, %dist_square" [Lab_5/core.cpp:8]   --->   Operation 46 'fdiv' 'force' <Predicate = true> <Delay = 6.07> <Core = "FDiv">   --->   Core 101 'FDiv' <Latency = 15> <II = 1> <Delay = 6.07> <FuncUnit> <Opcode : 'fdiv' 'frem'> <InPorts = 2> <OutPorts = 1>

State 15 <SV = 14> <Delay = 6.07>
ST_15 : Operation 47 [11/16] (6.07ns)   --->   "%force = fdiv float %tmp_4, %dist_square" [Lab_5/core.cpp:8]   --->   Operation 47 'fdiv' 'force' <Predicate = true> <Delay = 6.07> <Core = "FDiv">   --->   Core 101 'FDiv' <Latency = 15> <II = 1> <Delay = 6.07> <FuncUnit> <Opcode : 'fdiv' 'frem'> <InPorts = 2> <OutPorts = 1>

State 16 <SV = 15> <Delay = 6.07>
ST_16 : Operation 48 [10/16] (6.07ns)   --->   "%force = fdiv float %tmp_4, %dist_square" [Lab_5/core.cpp:8]   --->   Operation 48 'fdiv' 'force' <Predicate = true> <Delay = 6.07> <Core = "FDiv">   --->   Core 101 'FDiv' <Latency = 15> <II = 1> <Delay = 6.07> <FuncUnit> <Opcode : 'fdiv' 'frem'> <InPorts = 2> <OutPorts = 1>

State 17 <SV = 16> <Delay = 6.07>
ST_17 : Operation 49 [9/16] (6.07ns)   --->   "%force = fdiv float %tmp_4, %dist_square" [Lab_5/core.cpp:8]   --->   Operation 49 'fdiv' 'force' <Predicate = true> <Delay = 6.07> <Core = "FDiv">   --->   Core 101 'FDiv' <Latency = 15> <II = 1> <Delay = 6.07> <FuncUnit> <Opcode : 'fdiv' 'frem'> <InPorts = 2> <OutPorts = 1>

State 18 <SV = 17> <Delay = 6.07>
ST_18 : Operation 50 [8/16] (6.07ns)   --->   "%force = fdiv float %tmp_4, %dist_square" [Lab_5/core.cpp:8]   --->   Operation 50 'fdiv' 'force' <Predicate = true> <Delay = 6.07> <Core = "FDiv">   --->   Core 101 'FDiv' <Latency = 15> <II = 1> <Delay = 6.07> <FuncUnit> <Opcode : 'fdiv' 'frem'> <InPorts = 2> <OutPorts = 1>

State 19 <SV = 18> <Delay = 6.07>
ST_19 : Operation 51 [7/16] (6.07ns)   --->   "%force = fdiv float %tmp_4, %dist_square" [Lab_5/core.cpp:8]   --->   Operation 51 'fdiv' 'force' <Predicate = true> <Delay = 6.07> <Core = "FDiv">   --->   Core 101 'FDiv' <Latency = 15> <II = 1> <Delay = 6.07> <FuncUnit> <Opcode : 'fdiv' 'frem'> <InPorts = 2> <OutPorts = 1>

State 20 <SV = 19> <Delay = 6.07>
ST_20 : Operation 52 [6/16] (6.07ns)   --->   "%force = fdiv float %tmp_4, %dist_square" [Lab_5/core.cpp:8]   --->   Operation 52 'fdiv' 'force' <Predicate = true> <Delay = 6.07> <Core = "FDiv">   --->   Core 101 'FDiv' <Latency = 15> <II = 1> <Delay = 6.07> <FuncUnit> <Opcode : 'fdiv' 'frem'> <InPorts = 2> <OutPorts = 1>

State 21 <SV = 20> <Delay = 6.07>
ST_21 : Operation 53 [5/16] (6.07ns)   --->   "%force = fdiv float %tmp_4, %dist_square" [Lab_5/core.cpp:8]   --->   Operation 53 'fdiv' 'force' <Predicate = true> <Delay = 6.07> <Core = "FDiv">   --->   Core 101 'FDiv' <Latency = 15> <II = 1> <Delay = 6.07> <FuncUnit> <Opcode : 'fdiv' 'frem'> <InPorts = 2> <OutPorts = 1>

State 22 <SV = 21> <Delay = 6.07>
ST_22 : Operation 54 [4/16] (6.07ns)   --->   "%force = fdiv float %tmp_4, %dist_square" [Lab_5/core.cpp:8]   --->   Operation 54 'fdiv' 'force' <Predicate = true> <Delay = 6.07> <Core = "FDiv">   --->   Core 101 'FDiv' <Latency = 15> <II = 1> <Delay = 6.07> <FuncUnit> <Opcode : 'fdiv' 'frem'> <InPorts = 2> <OutPorts = 1>

State 23 <SV = 22> <Delay = 6.07>
ST_23 : Operation 55 [3/16] (6.07ns)   --->   "%force = fdiv float %tmp_4, %dist_square" [Lab_5/core.cpp:8]   --->   Operation 55 'fdiv' 'force' <Predicate = true> <Delay = 6.07> <Core = "FDiv">   --->   Core 101 'FDiv' <Latency = 15> <II = 1> <Delay = 6.07> <FuncUnit> <Opcode : 'fdiv' 'frem'> <InPorts = 2> <OutPorts = 1>

State 24 <SV = 23> <Delay = 6.07>
ST_24 : Operation 56 [2/16] (6.07ns)   --->   "%force = fdiv float %tmp_4, %dist_square" [Lab_5/core.cpp:8]   --->   Operation 56 'fdiv' 'force' <Predicate = true> <Delay = 6.07> <Core = "FDiv">   --->   Core 101 'FDiv' <Latency = 15> <II = 1> <Delay = 6.07> <FuncUnit> <Opcode : 'fdiv' 'frem'> <InPorts = 2> <OutPorts = 1>

State 25 <SV = 24> <Delay = 6.07>
ST_25 : Operation 57 [1/1] (0.00ns)   --->   "call void (...)* @_ssdm_op_SpecBitsMap(float %m1) nounwind, !map !7"   --->   Operation 57 'specbitsmap' <Predicate = true> <Delay = 0.00>
ST_25 : Operation 58 [1/1] (0.00ns)   --->   "call void (...)* @_ssdm_op_SpecBitsMap(float %m2) nounwind, !map !13"   --->   Operation 58 'specbitsmap' <Predicate = true> <Delay = 0.00>
ST_25 : Operation 59 [1/1] (0.00ns)   --->   "call void (...)* @_ssdm_op_SpecBitsMap(float %distance) nounwind, !map !17"   --->   Operation 59 'specbitsmap' <Predicate = true> <Delay = 0.00>
ST_25 : Operation 60 [1/1] (0.00ns)   --->   "call void (...)* @_ssdm_op_SpecBitsMap(float 0.000000e+00) nounwind, !map !21"   --->   Operation 60 'specbitsmap' <Predicate = true> <Delay = 0.00>
ST_25 : Operation 61 [1/1] (0.00ns)   --->   "call void (...)* @_ssdm_op_SpecTopModule([8 x i8]* @gravity_str) nounwind"   --->   Operation 61 'spectopmodule' <Predicate = true> <Delay = 0.00>
ST_25 : Operation 62 [1/1] (0.00ns)   --->   "call void (...)* @_ssdm_op_SpecInterface(i32 0, [10 x i8]* @p_str, i32 0, i32 0, [1 x i8]* @p_str1, i32 0, i32 0, [6 x i8]* @p_str2, [1 x i8]* @p_str1, [1 x i8]* @p_str1, i32 0, i32 0, i32 0, i32 0, [1 x i8]* @p_str1, [1 x i8]* @p_str1) nounwind" [Lab_5/core.cpp:2]   --->   Operation 62 'specinterface' <Predicate = true> <Delay = 0.00>
ST_25 : Operation 63 [1/1] (0.00ns)   --->   "call void (...)* @_ssdm_op_SpecInterface(float %m1, [10 x i8]* @p_str, i32 0, i32 0, [1 x i8]* @p_str1, i32 0, i32 0, [6 x i8]* @p_str2, [1 x i8]* @p_str1, [1 x i8]* @p_str1, i32 0, i32 0, i32 0, i32 0, [1 x i8]* @p_str1, [1 x i8]* @p_str1) nounwind" [Lab_5/core.cpp:3]   --->   Operation 63 'specinterface' <Predicate = true> <Delay = 0.00>
ST_25 : Operation 64 [1/1] (0.00ns)   --->   "call void (...)* @_ssdm_op_SpecInterface(float %m2, [10 x i8]* @p_str, i32 0, i32 0, [1 x i8]* @p_str1, i32 0, i32 0, [6 x i8]* @p_str2, [1 x i8]* @p_str1, [1 x i8]* @p_str1, i32 0, i32 0, i32 0, i32 0, [1 x i8]* @p_str1, [1 x i8]* @p_str1) nounwind" [Lab_5/core.cpp:4]   --->   Operation 64 'specinterface' <Predicate = true> <Delay = 0.00>
ST_25 : Operation 65 [1/1] (0.00ns)   --->   "call void (...)* @_ssdm_op_SpecInterface(float %distance, [10 x i8]* @p_str, i32 0, i32 0, [1 x i8]* @p_str1, i32 0, i32 0, [6 x i8]* @p_str2, [1 x i8]* @p_str1, [1 x i8]* @p_str1, i32 0, i32 0, i32 0, i32 0, [1 x i8]* @p_str1, [1 x i8]* @p_str1) nounwind" [Lab_5/core.cpp:5]   --->   Operation 65 'specinterface' <Predicate = true> <Delay = 0.00>
ST_25 : Operation 66 [1/16] (6.07ns)   --->   "%force = fdiv float %tmp_4, %dist_square" [Lab_5/core.cpp:8]   --->   Operation 66 'fdiv' 'force' <Predicate = true> <Delay = 6.07> <Core = "FDiv">   --->   Core 101 'FDiv' <Latency = 15> <II = 1> <Delay = 6.07> <FuncUnit> <Opcode : 'fdiv' 'frem'> <InPorts = 2> <OutPorts = 1>
ST_25 : Operation 67 [1/1] (0.00ns)   --->   "ret float %force" [Lab_5/core.cpp:9]   --->   Operation 67 'ret' <Predicate = true> <Delay = 0.00>


============================================================
+ Verbose Summary: Binding
============================================================
STG Binding: 
---------------- STG Properties BEGIN ----------------
- Is combinational: 0
- Is one-state seq: 0
- Is datapath-only: 0
- Is pipelined: 0
- Is top level: 1
Port [ Return ] is wired: 1; IO mode=ap_ctrl_hs:ce=0
Port [ m1]:  wired=1; compound=0; hidden=0; nouse=0; global=0; static=0; extern=0; dir=0; type=0; pingpong=0; private_global=0; IO mode=ap_none:ce=0
Port [ m2]:  wired=1; compound=0; hidden=0; nouse=0; global=0; static=0; extern=0; dir=0; type=0; pingpong=0; private_global=0; IO mode=ap_none:ce=0
Port [ distance]:  wired=1; compound=0; hidden=0; nouse=0; global=0; static=0; extern=0; dir=0; type=0; pingpong=0; private_global=0; IO mode=ap_none:ce=0
---------------- STG Properties END ------------------

---------------- Datapath Model BEGIN ----------------

<LifeTime>
<method=bitvector/>
distance_read (read         ) [ 00111100000000000000000000]
m2_read       (read         ) [ 00111000000000000000000000]
m1_read       (read         ) [ 00111000000000000000000000]
tmp_4         (fmul         ) [ 00000111111111111111111111]
tmp_3         (fadd         ) [ 00000011110000000000000000]
dist_square   (fmul         ) [ 00000000001111111111111111]
StgValue_57   (specbitsmap  ) [ 00000000000000000000000000]
StgValue_58   (specbitsmap  ) [ 00000000000000000000000000]
StgValue_59   (specbitsmap  ) [ 00000000000000000000000000]
StgValue_60   (specbitsmap  ) [ 00000000000000000000000000]
StgValue_61   (spectopmodule) [ 00000000000000000000000000]
StgValue_62   (specinterface) [ 00000000000000000000000000]
StgValue_63   (specinterface) [ 00000000000000000000000000]
StgValue_64   (specinterface) [ 00000000000000000000000000]
StgValue_65   (specinterface) [ 00000000000000000000000000]
force         (fdiv         ) [ 00000000000000000000000000]
StgValue_67   (ret          ) [ 00000000000000000000000000]
</LifeTime>

<model>

<comp_list>
<comp id="0" class="1000" name="m1">
<pin_list>
<pin id="1" dir="1" index="0" bw="1" slack="0"/>
</pin_list>
<bind>
<StgValue><ssdm name="m1"/></StgValue>
</bind>
</comp>

<comp id="2" class="1000" name="m2">
<pin_list>
<pin id="3" dir="1" index="0" bw="1" slack="0"/>
</pin_list>
<bind>
<StgValue><ssdm name="m2"/></StgValue>
</bind>
</comp>

<comp id="4" class="1000" name="distance">
<pin_list>
<pin id="5" dir="1" index="0" bw="1" slack="0"/>
</pin_list>
<bind>
<StgValue><ssdm name="distance"/></StgValue>
</bind>
</comp>

<comp id="6" class="1001" name="const_6">
<pin_list>
<pin id="7" dir="1" index="0" bw="1" slack="0"/>
</pin_list>
<bind>
<StgValue><ssdm name="_ssdm_op_Read.s_axilite.float"/></StgValue>
</bind>
</comp>

<comp id="8" class="1001" name="const_8">
<pin_list>
<pin id="9" dir="1" index="0" bw="1" slack="0"/>
</pin_list>
<bind>
<StgValue><ssdm name=""/></StgValue>
</bind>
</comp>

<comp id="10" class="1001" name="const_10">
<pin_list>
<pin id="11" dir="1" index="0" bw="1" slack="2147483647"/>
</pin_list>
<bind>
<StgValue><ssdm name="_ssdm_op_SpecBitsMap"/></StgValue>
</bind>
</comp>

<comp id="12" class="1001" name="const_12">
<pin_list>
<pin id="13" dir="1" index="0" bw="1" slack="2147483647"/>
</pin_list>
<bind>
<StgValue><ssdm name=""/></StgValue>
</bind>
</comp>

<comp id="14" class="1001" name="const_14">
<pin_list>
<pin id="15" dir="1" index="0" bw="1" slack="2147483647"/>
</pin_list>
<bind>
<StgValue><ssdm name="_ssdm_op_SpecTopModule"/></StgValue>
</bind>
</comp>

<comp id="16" class="1001" name="const_16">
<pin_list>
<pin id="17" dir="1" index="0" bw="1" slack="2147483647"/>
</pin_list>
<bind>
<StgValue><ssdm name="gravity_str"/></StgValue>
</bind>
</comp>

<comp id="18" class="1001" name="const_18">
<pin_list>
<pin id="19" dir="1" index="0" bw="1" slack="2147483647"/>
</pin_list>
<bind>
<StgValue><ssdm name="_ssdm_op_SpecInterface"/></StgValue>
</bind>
</comp>

<comp id="20" class="1001" name="const_20">
<pin_list>
<pin id="21" dir="1" index="0" bw="1" slack="2147483647"/>
</pin_list>
<bind>
<StgValue><ssdm name=""/></StgValue>
</bind>
</comp>

<comp id="22" class="1001" name="const_22">
<pin_list>
<pin id="23" dir="1" index="0" bw="1" slack="2147483647"/>
</pin_list>
<bind>
<StgValue><ssdm name="p_str"/></StgValue>
</bind>
</comp>

<comp id="24" class="1001" name="const_24">
<pin_list>
<pin id="25" dir="1" index="0" bw="1" slack="2147483647"/>
</pin_list>
<bind>
<StgValue><ssdm name="p_str1"/></StgValue>
</bind>
</comp>

<comp id="26" class="1001" name="const_26">
<pin_list>
<pin id="27" dir="1" index="0" bw="1" slack="2147483647"/>
</pin_list>
<bind>
<StgValue><ssdm name="p_str2"/></StgValue>
</bind>
</comp>

<comp id="28" class="1004" name="distance_read_read_fu_28">
<pin_list>
<pin id="29" dir="0" index="0" bw="32" slack="0"/>
<pin id="30" dir="0" index="1" bw="32" slack="0"/>
<pin id="31" dir="1" index="2" bw="32" slack="0"/>
</pin_list>
<bind>
<opcode="read(1150) " fcode="read"/>
<opset="distance_read/1 "/>
</bind>
</comp>

<comp id="34" class="1004" name="m2_read_read_fu_34">
<pin_list>
<pin id="35" dir="0" index="0" bw="32" slack="0"/>
<pin id="36" dir="0" index="1" bw="32" slack="0"/>
<pin id="37" dir="1" index="2" bw="32" slack="0"/>
</pin_list>
<bind>
<opcode="read(1150) " fcode="read"/>
<opset="m2_read/1 "/>
</bind>
</comp>

<comp id="40" class="1004" name="m1_read_read_fu_40">
<pin_list>
<pin id="41" dir="0" index="0" bw="32" slack="0"/>
<pin id="42" dir="0" index="1" bw="32" slack="0"/>
<pin id="43" dir="1" index="2" bw="32" slack="0"/>
</pin_list>
<bind>
<opcode="read(1150) " fcode="read"/>
<opset="m1_read/1 "/>
</bind>
</comp>

<comp id="46" class="1004" name="grp_fu_46">
<pin_list>
<pin id="47" dir="0" index="0" bw="32" slack="0"/>
<pin id="48" dir="0" index="1" bw="32" slack="0"/>
<pin id="49" dir="1" index="2" bw="32" slack="1"/>
</pin_list>
<bind>
<opcode="fadd(9) " fcode="fadd"/>
<opset="tmp_3/1 "/>
</bind>
</comp>

<comp id="52" class="1004" name="grp_fu_52">
<pin_list>
<pin id="53" dir="0" index="0" bw="32" slack="0"/>
<pin id="54" dir="0" index="1" bw="32" slack="0"/>
<pin id="55" dir="1" index="2" bw="32" slack="1"/>
</pin_list>
<bind>
<opcode="fmul(13) " fcode="fmul"/>
<opset="tmp_4/1 dist_square/6 "/>
</bind>
</comp>

<comp id="58" class="1004" name="grp_fu_58">
<pin_list>
<pin id="59" dir="0" index="0" bw="32" slack="6"/>
<pin id="60" dir="0" index="1" bw="32" slack="1"/>
<pin id="61" dir="1" index="2" bw="32" slack="2147483647"/>
</pin_list>
<bind>
<opcode="fdiv(16) " fcode="fdiv"/>
<opset="force/10 "/>
</bind>
</comp>

<comp id="62" class="1005" name="distance_read_reg_62">
<pin_list>
<pin id="63" dir="0" index="0" bw="32" slack="1"/>
<pin id="64" dir="1" index="1" bw="32" slack="1"/>
</pin_list>
<bind>
<opset="distance_read "/>
</bind>
</comp>

<comp id="67" class="1005" name="m2_read_reg_67">
<pin_list>
<pin id="68" dir="0" index="0" bw="32" slack="1"/>
<pin id="69" dir="1" index="1" bw="32" slack="1"/>
</pin_list>
<bind>
<opset="m2_read "/>
</bind>
</comp>

<comp id="72" class="1005" name="m1_read_reg_72">
<pin_list>
<pin id="73" dir="0" index="0" bw="32" slack="1"/>
<pin id="74" dir="1" index="1" bw="32" slack="1"/>
</pin_list>
<bind>
<opset="m1_read "/>
</bind>
</comp>

<comp id="77" class="1005" name="tmp_4_reg_77">
<pin_list>
<pin id="78" dir="0" index="0" bw="32" slack="6"/>
<pin id="79" dir="1" index="1" bw="32" slack="6"/>
</pin_list>
<bind>
<opset="tmp_4 "/>
</bind>
</comp>

<comp id="82" class="1005" name="tmp_3_reg_82">
<pin_list>
<pin id="83" dir="0" index="0" bw="32" slack="1"/>
<pin id="84" dir="1" index="1" bw="32" slack="1"/>
</pin_list>
<bind>
<opset="tmp_3 "/>
</bind>
</comp>

<comp id="88" class="1005" name="dist_square_reg_88">
<pin_list>
<pin id="89" dir="0" index="0" bw="32" slack="1"/>
<pin id="90" dir="1" index="1" bw="32" slack="1"/>
</pin_list>
<bind>
<opset="dist_square "/>
</bind>
</comp>

</comp_list>

<net_list>
<net id="32"><net_src comp="6" pin="0"/><net_sink comp="28" pin=0"/></net>

<net id="33"><net_src comp="4" pin="0"/><net_sink comp="28" pin=1"/></net>

<net id="38"><net_src comp="6" pin="0"/><net_sink comp="34" pin=0"/></net>

<net id="39"><net_src comp="2" pin="0"/><net_sink comp="34" pin=1"/></net>

<net id="44"><net_src comp="6" pin="0"/><net_sink comp="40" pin=0"/></net>

<net id="45"><net_src comp="0" pin="0"/><net_sink comp="40" pin=1"/></net>

<net id="50"><net_src comp="28" pin="2"/><net_sink comp="46" pin=0"/></net>

<net id="51"><net_src comp="8" pin="0"/><net_sink comp="46" pin=1"/></net>

<net id="56"><net_src comp="40" pin="2"/><net_sink comp="52" pin=0"/></net>

<net id="57"><net_src comp="34" pin="2"/><net_sink comp="52" pin=1"/></net>

<net id="65"><net_src comp="28" pin="2"/><net_sink comp="62" pin=0"/></net>

<net id="66"><net_src comp="62" pin="1"/><net_sink comp="46" pin=0"/></net>

<net id="70"><net_src comp="34" pin="2"/><net_sink comp="67" pin=0"/></net>

<net id="71"><net_src comp="67" pin="1"/><net_sink comp="52" pin=1"/></net>

<net id="75"><net_src comp="40" pin="2"/><net_sink comp="72" pin=0"/></net>

<net id="76"><net_src comp="72" pin="1"/><net_sink comp="52" pin=0"/></net>

<net id="80"><net_src comp="52" pin="2"/><net_sink comp="77" pin=0"/></net>

<net id="81"><net_src comp="77" pin="1"/><net_sink comp="58" pin=0"/></net>

<net id="85"><net_src comp="46" pin="2"/><net_sink comp="82" pin=0"/></net>

<net id="86"><net_src comp="82" pin="1"/><net_sink comp="52" pin=0"/></net>

<net id="87"><net_src comp="82" pin="1"/><net_sink comp="52" pin=1"/></net>

<net id="91"><net_src comp="52" pin="2"/><net_sink comp="88" pin=0"/></net>

<net id="92"><net_src comp="88" pin="1"/><net_sink comp="58" pin=1"/></net>

</net_list>

</model> 
---------------- Datapath Model END ------------------

* FSMD analyzer results:
  - Output states:
 - Input state : 
	Port: gravity : m1 | {1 }
	Port: gravity : m2 | {1 }
	Port: gravity : distance | {1 }
  - Chain level:
	State 1
	State 2
	State 3
	State 4
	State 5
	State 6
	State 7
	State 8
	State 9
	State 10
	State 11
	State 12
	State 13
	State 14
	State 15
	State 16
	State 17
	State 18
	State 19
	State 20
	State 21
	State 22
	State 23
	State 24
	State 25
		StgValue_67 : 1


============================================================
+ Verbose Summary: Datapath Resource usage 
============================================================

* Functional unit list:
|----------|--------------------------|---------|---------|---------|
| Operation|      Functional Unit     |  DSP48E |    FF   |   LUT   |
|----------|--------------------------|---------|---------|---------|
|   fdiv   |         grp_fu_58        |    0    |   761   |   994   |
|----------|--------------------------|---------|---------|---------|
|   fadd   |         grp_fu_46        |    2    |   205   |   390   |
|----------|--------------------------|---------|---------|---------|
|   fmul   |         grp_fu_52        |    3    |   143   |   321   |
|----------|--------------------------|---------|---------|---------|
|          | distance_read_read_fu_28 |    0    |    0    |    0    |
|   read   |    m2_read_read_fu_34    |    0    |    0    |    0    |
|          |    m1_read_read_fu_40    |    0    |    0    |    0    |
|----------|--------------------------|---------|---------|---------|
|   Total  |                          |    5    |   1109  |   1705  |
|----------|--------------------------|---------|---------|---------|

Memories:
N/A

* Register list:
+--------------------+--------+
|                    |   FF   |
+--------------------+--------+
| dist_square_reg_88 |   32   |
|distance_read_reg_62|   32   |
|   m1_read_reg_72   |   32   |
|   m2_read_reg_67   |   32   |
|    tmp_3_reg_82    |   32   |
|    tmp_4_reg_77    |   32   |
+--------------------+--------+
|        Total       |   192  |
+--------------------+--------+

* Multiplexer (MUX) list: 
|-----------|------|------|------|--------||---------||---------|
|    Comp   |  Pin | Size |  BW  | S x BW ||  Delay  ||   LUT   |
|-----------|------|------|------|--------||---------||---------|
| grp_fu_46 |  p0  |   2  |  32  |   64   ||    9    |
| grp_fu_52 |  p0  |   3  |  32  |   96   ||    15   |
| grp_fu_52 |  p1  |   3  |  32  |   96   ||    15   |
|-----------|------|------|------|--------||---------||---------|
|   Total   |      |      |      |   256  ||  5.3985 ||    39   |
|-----------|------|------|------|--------||---------||---------|



* Summary:
+-----------+--------+--------+--------+--------+
|           | DSP48E |  Delay |   FF   |   LUT  |
+-----------+--------+--------+--------+--------+
|  Function |    5   |    -   |  1109  |  1705  |
|   Memory  |    -   |    -   |    -   |    -   |
|Multiplexer|    -   |    5   |    -   |   39   |
|  Register |    -   |    -   |   192  |    -   |
+-----------+--------+--------+--------+--------+
|   Total   |    5   |    5   |  1301  |  1744  |
+-----------+--------+--------+--------+--------+
