

================================================================
== Vivado HLS Report for 'scaled_fixed2ieee'
================================================================
* Date:           Sun Jul  9 18:34:23 2023

* Version:        2018.2 (Build 2258646 on Thu Jun 14 20:25:20 MDT 2018)
* Project:        Lab_6
* Solution:       solution1
* Product family: zynq
* Target device:  xc7z020clg484-1


================================================================
== Performance Estimates
================================================================
+ Timing (ns): 
    * Summary: 
    +--------+-------+----------+------------+
    |  Clock | Target| Estimated| Uncertainty|
    +--------+-------+----------+------------+
    |ap_clk  |  10.00|     8.368|        1.25|
    +--------+-------+----------+------------+

+ Latency (clock cycles): 
    * Summary: 
    +-----+-----+-----+-----+---------+
    |  Latency  |  Interval | Pipeline|
    | min | max | min | max |   Type  |
    +-----+-----+-----+-----+---------+
    |    6|   10|    6|   10|   none  |
    +-----+-----+-----+-----+---------+

    + Detail: 
        * Instance: 
        N/A

        * Loop: 
        +----------+-----+-----+----------+-----------+-----------+-------+----------+
        |          |  Latency  | Iteration|  Initiation Interval  |  Trip |          |
        | Loop Name| min | max |  Latency |  achieved |   target  | Count | Pipelined|
        +----------+-----+-----+----------+-----------+-----------+-------+----------+
        |- Loop 1  |    2|    2|         1|          -|          -|      2|    no    |
        |- Loop 2  |    2|    5|         2|          -|          -| 1 ~ 2 |    no    |
        +----------+-----+-----+----------+-----------+-----------+-------+----------+

============================================================
+ Verbose Summary: Synthesis Manager
============================================================
InlineROM: 1
ExposeGlobal: 0
============================================================
+ Verbose Summary: CDFG Model
============================================================
IsTopModel: 0
ResetActiveHigh: 1
IsCombinational: 0
IsDatapathOnly: 0
HasWiredReturn: 1
HasMFsm: 0
HasVarLatency: 1
IsPipeline: 0
IsRtlPipelined: 0
IsInstanceOverlapped: 0
IsDontTouch: 0
HasImplIP: 0
IsGatedGlobalClock: 0


============================================================
+ Verbose Summary: Schedule
============================================================
* Number of FSM states : 4
* Pipeline : 0
* Dataflow Pipeline: 0

* FSM state transitions: 
1 --> 
	2  / true
2 --> 
	2  / (!exitcond)
	3  / (exitcond)
3 --> 
	4  / true
4 --> 
	3  / (!tmp_12 & tmp_s)

* FSM state operations: 

State 1 <SV = 0> <Delay = 1.76>
ST_1 : Operation 5 [1/1] (0.00ns)   --->   "%prescale_read = call i9 @_ssdm_op_Read.ap_auto.i9(i9 %prescale)"   --->   Operation 5 'read' 'prescale_read' <Predicate = true> <Delay = 0.00>
ST_1 : Operation 6 [1/1] (0.00ns)   --->   "%in_V_read = call i29 @_ssdm_op_Read.ap_auto.i29(i29 %in_V)"   --->   Operation 6 'read' 'in_V_read' <Predicate = true> <Delay = 0.00>
ST_1 : Operation 7 [1/1] (0.00ns)   --->   "%p_Result_1 = call i16 @_ssdm_op_PartSelect.i16.i29.i32.i32(i29 %in_V_read, i32 13, i32 28)" [r:/builds/2018.2/continuous/2018_06_14_2258646/src/products/hls/src/technology/autopilot/header_files\utils/x_hls_float_utils.h:296]   --->   Operation 7 'partselect' 'p_Result_1' <Predicate = true> <Delay = 0.00>
ST_1 : Operation 8 [1/1] (0.00ns)   --->   "%tmp = call i17 @_ssdm_op_BitConcatenate.i17.i16.i1(i16 %p_Result_1, i1 true)" [r:/builds/2018.2/continuous/2018_06_14_2258646/src/products/hls/src/technology/autopilot/header_files\utils/x_hls_float_utils.h:297]   --->   Operation 8 'bitconcatenate' 'tmp' <Predicate = true> <Delay = 0.00>
ST_1 : Operation 9 [1/1] (0.00ns)   --->   "%out_bits_0_V = call i32 @_ssdm_op_PartSet.i32.i32.i17.i32.i32(i32 undef, i17 %tmp, i32 15, i32 31)" [r:/builds/2018.2/continuous/2018_06_14_2258646/src/products/hls/src/technology/autopilot/header_files\utils/x_hls_float_utils.h:297]   --->   Operation 9 'partset' 'out_bits_0_V' <Predicate = true> <Delay = 0.00>
ST_1 : Operation 10 [1/1] (0.00ns)   --->   "%tmp_2 = trunc i29 %in_V_read to i13" [r:/builds/2018.2/continuous/2018_06_14_2258646/src/products/hls/src/technology/autopilot/header_files\utils/x_hls_float_utils.h:300]   --->   Operation 10 'trunc' 'tmp_2' <Predicate = true> <Delay = 0.00>
ST_1 : Operation 11 [1/1] (0.00ns)   --->   "%tmp_4 = call i14 @_ssdm_op_BitConcatenate.i14.i13.i1(i13 %tmp_2, i1 true)" [r:/builds/2018.2/continuous/2018_06_14_2258646/src/products/hls/src/technology/autopilot/header_files\utils/x_hls_float_utils.h:301]   --->   Operation 11 'bitconcatenate' 'tmp_4' <Predicate = true> <Delay = 0.00>
ST_1 : Operation 12 [1/1] (0.00ns)   --->   "%p_Result_s = call i32 @_ssdm_op_PartSet.i32.i32.i14.i32.i32(i32 undef, i14 %tmp_4, i32 18, i32 31)" [r:/builds/2018.2/continuous/2018_06_14_2258646/src/products/hls/src/technology/autopilot/header_files\utils/x_hls_float_utils.h:301]   --->   Operation 12 'partset' 'p_Result_s' <Predicate = true> <Delay = 0.00>
ST_1 : Operation 13 [1/1] (1.76ns)   --->   "br label %0" [r:/builds/2018.2/continuous/2018_06_14_2258646/src/products/hls/src/technology/autopilot/header_files\utils/x_hls_float_utils.h:305]   --->   Operation 13 'br' <Predicate = true> <Delay = 1.76>

State 2 <SV = 1> <Delay = 4.79>
ST_2 : Operation 14 [1/1] (0.00ns)   --->   "%c_0_s = phi i32 [ undef, %.preheader.preheader ], [ %c_1_1, %1 ]"   --->   Operation 14 'phi' 'c_0_s' <Predicate = true> <Delay = 0.00>
ST_2 : Operation 15 [1/1] (0.00ns)   --->   "%c_1_s = phi i32 [ undef, %.preheader.preheader ], [ %c_1_2, %1 ]"   --->   Operation 15 'phi' 'c_1_s' <Predicate = true> <Delay = 0.00>
ST_2 : Operation 16 [1/1] (0.00ns)   --->   "%i1 = phi i2 [ 0, %.preheader.preheader ], [ %i, %1 ]"   --->   Operation 16 'phi' 'i1' <Predicate = true> <Delay = 0.00>
ST_2 : Operation 17 [1/1] (0.95ns)   --->   "%exitcond = icmp eq i2 %i1, -2" [r:/builds/2018.2/continuous/2018_06_14_2258646/src/products/hls/src/technology/autopilot/header_files\utils/x_hls_float_utils.h:305]   --->   Operation 17 'icmp' 'exitcond' <Predicate = true> <Delay = 0.95> <Core = "Cmp">   --->   Core 25 'Cmp' <Latency = 0> <II = 1> <Delay = 2.46> <FuncUnit> <Opcode : 'icmp'> <InPorts = 2> <OutPorts = 1>
ST_2 : Operation 18 [1/1] (0.00ns)   --->   "%empty = call i32 (...)* @_ssdm_op_SpecLoopTripCount(i64 2, i64 2, i64 2)"   --->   Operation 18 'speclooptripcount' 'empty' <Predicate = true> <Delay = 0.00>
ST_2 : Operation 19 [1/1] (1.56ns)   --->   "%i = add i2 %i1, 1" [r:/builds/2018.2/continuous/2018_06_14_2258646/src/products/hls/src/technology/autopilot/header_files\utils/x_hls_float_utils.h:305]   --->   Operation 19 'add' 'i' <Predicate = true> <Delay = 1.56> <Core = "AddSub">   --->   Core 14 'AddSub' <Latency = 0> <II = 1> <Delay = 2.55> <FuncUnit> <Opcode : 'add' 'sub'> <InPorts = 2> <OutPorts = 1>
ST_2 : Operation 20 [1/1] (0.00ns)   --->   "br i1 %exitcond, label %.preheader3.preheader, label %1" [r:/builds/2018.2/continuous/2018_06_14_2258646/src/products/hls/src/technology/autopilot/header_files\utils/x_hls_float_utils.h:305]   --->   Operation 20 'br' <Predicate = true> <Delay = 0.00>
ST_2 : Operation 21 [1/1] (0.00ns)   --->   "%tmp_3 = trunc i2 %i1 to i1" [r:/builds/2018.2/continuous/2018_06_14_2258646/src/products/hls/src/technology/autopilot/header_files\utils/x_hls_float_utils.h:305]   --->   Operation 21 'trunc' 'tmp_3' <Predicate = (!exitcond)> <Delay = 0.00>
ST_2 : Operation 22 [1/1] (0.00ns)   --->   "%tmp_10 = call i32 @_ssdm_op_PartSelect.i32.i32.i32.i32(i32 %p_Result_s, i32 31, i32 0)" [r:/builds/2018.2/continuous/2018_06_14_2258646/src/products/hls/hls_lib/hlsmath/include/FloatingPoint/hls_normalize.h:109->r:/builds/2018.2/continuous/2018_06_14_2258646/src/products/hls/src/technology/autopilot/header_files\utils/x_hls_float_utils.h:306]   --->   Operation 22 'partselect' 'tmp_10' <Predicate = (!exitcond)> <Delay = 0.00>
ST_2 : Operation 23 [1/1] (0.00ns)   --->   "%tmp_11 = call i32 @_ssdm_op_PartSelect.i32.i32.i32.i32(i32 %out_bits_0_V, i32 31, i32 0)" [r:/builds/2018.2/continuous/2018_06_14_2258646/src/products/hls/hls_lib/hlsmath/include/FloatingPoint/hls_normalize.h:109->r:/builds/2018.2/continuous/2018_06_14_2258646/src/products/hls/src/technology/autopilot/header_files\utils/x_hls_float_utils.h:306]   --->   Operation 23 'partselect' 'tmp_11' <Predicate = (!exitcond)> <Delay = 0.00>
ST_2 : Operation 24 [1/1] (0.69ns)   --->   "%p_Result_2 = select i1 %tmp_3, i32 %tmp_10, i32 %tmp_11" [r:/builds/2018.2/continuous/2018_06_14_2258646/src/products/hls/src/technology/autopilot/header_files\utils/x_hls_float_utils.h:306]   --->   Operation 24 'select' 'p_Result_2' <Predicate = (!exitcond)> <Delay = 0.69> <Core = "Sel">   --->   Core 26 'Sel' <Latency = 0> <II = 1> <Delay = 1.24> <FuncUnit> <Opcode : 'select'> <InPorts = 3> <OutPorts = 1>
ST_2 : Operation 25 [1/1] (3.39ns)   --->   "%c_0 = call i32 @llvm.cttz.i32(i32 %p_Result_2, i1 true) nounwind" [r:/builds/2018.2/continuous/2018_06_14_2258646/src/products/hls/hls_lib/hlsmath/include/FloatingPoint/hls_normalize.h:109->r:/builds/2018.2/continuous/2018_06_14_2258646/src/products/hls/src/technology/autopilot/header_files\utils/x_hls_float_utils.h:306]   --->   Operation 25 'cttz' 'c_0' <Predicate = (!exitcond)> <Delay = 3.39> <Core = "CTTZ">   --->   Core 60 'CTTZ' <Latency = 0> <II = 1> <Delay = 3.39> <FuncUnit> <Opcode : 'cttz'> <InPorts = 1> <OutPorts = 1>
ST_2 : Operation 26 [1/1] (0.69ns)   --->   "%c_1_1 = select i1 %tmp_3, i32 %c_0_s, i32 %c_0" [r:/builds/2018.2/continuous/2018_06_14_2258646/src/products/hls/src/technology/autopilot/header_files\utils/x_hls_float_utils.h:306]   --->   Operation 26 'select' 'c_1_1' <Predicate = (!exitcond)> <Delay = 0.69> <Core = "Sel">   --->   Core 26 'Sel' <Latency = 0> <II = 1> <Delay = 1.24> <FuncUnit> <Opcode : 'select'> <InPorts = 3> <OutPorts = 1>
ST_2 : Operation 27 [1/1] (0.69ns)   --->   "%c_1_2 = select i1 %tmp_3, i32 %c_0, i32 %c_1_s" [r:/builds/2018.2/continuous/2018_06_14_2258646/src/products/hls/src/technology/autopilot/header_files\utils/x_hls_float_utils.h:306]   --->   Operation 27 'select' 'c_1_2' <Predicate = (!exitcond)> <Delay = 0.69> <Core = "Sel">   --->   Core 26 'Sel' <Latency = 0> <II = 1> <Delay = 1.24> <FuncUnit> <Opcode : 'select'> <InPorts = 3> <OutPorts = 1>
ST_2 : Operation 28 [1/1] (0.00ns)   --->   "br label %0" [r:/builds/2018.2/continuous/2018_06_14_2258646/src/products/hls/src/technology/autopilot/header_files\utils/x_hls_float_utils.h:305]   --->   Operation 28 'br' <Predicate = (!exitcond)> <Delay = 0.00>
ST_2 : Operation 29 [1/1] (1.76ns)   --->   "br label %.preheader3" [r:/builds/2018.2/continuous/2018_06_14_2258646/src/products/hls/src/technology/autopilot/header_files\utils/x_hls_float_utils.h:312]   --->   Operation 29 'br' <Predicate = (exitcond)> <Delay = 1.76>

State 3 <SV = 2> <Delay = 8.36>
ST_3 : Operation 30 [1/1] (0.00ns)   --->   "%in_shift = phi i29 [ %in_shift_V, %"operator<<.exit" ], [ %in_V_read, %.preheader3.preheader ]"   --->   Operation 30 'phi' 'in_shift' <Predicate = true> <Delay = 0.00>
ST_3 : Operation 31 [1/1] (0.00ns)   --->   "%shift = phi i32 [ %shift_2, %"operator<<.exit" ], [ 0, %.preheader3.preheader ]"   --->   Operation 31 'phi' 'shift' <Predicate = true> <Delay = 0.00>
ST_3 : Operation 32 [1/1] (0.00ns)   --->   "%i2 = phi i2 [ %i_1, %"operator<<.exit" ], [ 0, %.preheader3.preheader ]"   --->   Operation 32 'phi' 'i2' <Predicate = true> <Delay = 0.00>
ST_3 : Operation 33 [1/1] (0.00ns)   --->   "%tmp_12 = call i1 @_ssdm_op_BitSelect.i1.i2.i32(i2 %i2, i32 1)" [r:/builds/2018.2/continuous/2018_06_14_2258646/src/products/hls/src/technology/autopilot/header_files\utils/x_hls_float_utils.h:312]   --->   Operation 33 'bitselect' 'tmp_12' <Predicate = true> <Delay = 0.00>
ST_3 : Operation 34 [1/1] (0.00ns)   --->   "%empty_25 = call i32 (...)* @_ssdm_op_SpecLoopTripCount(i64 1, i64 2, i64 1)"   --->   Operation 34 'speclooptripcount' 'empty_25' <Predicate = true> <Delay = 0.00>
ST_3 : Operation 35 [1/1] (1.56ns)   --->   "%i_1 = add i2 %i2, 1" [r:/builds/2018.2/continuous/2018_06_14_2258646/src/products/hls/src/technology/autopilot/header_files\utils/x_hls_float_utils.h:312]   --->   Operation 35 'add' 'i_1' <Predicate = true> <Delay = 1.56> <Core = "AddSub">   --->   Core 14 'AddSub' <Latency = 0> <II = 1> <Delay = 2.55> <FuncUnit> <Opcode : 'add' 'sub'> <InPorts = 2> <OutPorts = 1>
ST_3 : Operation 36 [1/1] (1.76ns)   --->   "br i1 %tmp_12, label %.loopexit_ifconv, label %"operator<<.exit"" [r:/builds/2018.2/continuous/2018_06_14_2258646/src/products/hls/src/technology/autopilot/header_files\utils/x_hls_float_utils.h:312]   --->   Operation 36 'br' <Predicate = true> <Delay = 1.76>
ST_3 : Operation 37 [1/1] (0.00ns)   --->   "%tmp_13 = trunc i2 %i2 to i1" [r:/builds/2018.2/continuous/2018_06_14_2258646/src/products/hls/src/technology/autopilot/header_files\utils/x_hls_float_utils.h:312]   --->   Operation 37 'trunc' 'tmp_13' <Predicate = (!tmp_12)> <Delay = 0.00>
ST_3 : Operation 38 [1/1] (0.69ns)   --->   "%sh_assign = select i1 %tmp_13, i32 %c_1_s, i32 %c_0_s" [r:/builds/2018.2/continuous/2018_06_14_2258646/src/products/hls/src/technology/autopilot/header_files\utils/x_hls_float_utils.h:313]   --->   Operation 38 'select' 'sh_assign' <Predicate = (!tmp_12)> <Delay = 0.69> <Core = "Sel">   --->   Core 26 'Sel' <Latency = 0> <II = 1> <Delay = 1.24> <FuncUnit> <Opcode : 'select'> <InPorts = 3> <OutPorts = 1>
ST_3 : Operation 39 [1/1] (2.55ns)   --->   "%shift_2 = add nsw i32 %shift, %sh_assign" [r:/builds/2018.2/continuous/2018_06_14_2258646/src/products/hls/src/technology/autopilot/header_files\utils/x_hls_float_utils.h:313]   --->   Operation 39 'add' 'shift_2' <Predicate = (!tmp_12)> <Delay = 2.55> <Core = "AddSub">   --->   Core 14 'AddSub' <Latency = 0> <II = 1> <Delay = 2.55> <FuncUnit> <Opcode : 'add' 'sub'> <InPorts = 2> <OutPorts = 1>
ST_3 : Operation 40 [1/1] (0.00ns)   --->   "%isNeg = call i1 @_ssdm_op_BitSelect.i1.i32.i32(i32 %sh_assign, i32 31)" [r:/builds/2018.2/continuous/2018_06_14_2258646/src/products/hls/src/technology/autopilot/header_files\utils/x_hls_float_utils.h:314]   --->   Operation 40 'bitselect' 'isNeg' <Predicate = (!tmp_12)> <Delay = 0.00>
ST_3 : Operation 41 [1/1] (2.55ns)   --->   "%tmp_5 = sub nsw i32 0, %sh_assign" [r:/builds/2018.2/continuous/2018_06_14_2258646/src/products/hls/src/technology/autopilot/header_files\utils/x_hls_float_utils.h:314]   --->   Operation 41 'sub' 'tmp_5' <Predicate = (!tmp_12)> <Delay = 2.55> <Core = "AddSub">   --->   Core 14 'AddSub' <Latency = 0> <II = 1> <Delay = 2.55> <FuncUnit> <Opcode : 'add' 'sub'> <InPorts = 2> <OutPorts = 1>
ST_3 : Operation 42 [1/1] (0.69ns)   --->   "%sh_assign_1 = select i1 %isNeg, i32 %tmp_5, i32 %sh_assign" [r:/builds/2018.2/continuous/2018_06_14_2258646/src/products/hls/src/technology/autopilot/header_files\utils/x_hls_float_utils.h:314]   --->   Operation 42 'select' 'sh_assign_1' <Predicate = (!tmp_12)> <Delay = 0.69> <Core = "Sel">   --->   Core 26 'Sel' <Latency = 0> <II = 1> <Delay = 1.24> <FuncUnit> <Opcode : 'select'> <InPorts = 3> <OutPorts = 1>
ST_3 : Operation 43 [1/1] (0.00ns)   --->   "%tmp_6 = zext i29 %in_shift to i32" [r:/builds/2018.2/continuous/2018_06_14_2258646/src/products/hls/src/technology/autopilot/header_files\utils/x_hls_float_utils.h:314]   --->   Operation 43 'zext' 'tmp_6' <Predicate = (!tmp_12)> <Delay = 0.00>
ST_3 : Operation 44 [1/1] (0.00ns) (grouped into LUT with out node in_shift_V)   --->   "%tmp_9 = shl i32 %tmp_6, %sh_assign_1" [r:/builds/2018.2/continuous/2018_06_14_2258646/src/products/hls/src/technology/autopilot/header_files\utils/x_hls_float_utils.h:314]   --->   Operation 44 'shl' 'tmp_9' <Predicate = (!tmp_12)> <Delay = 0.00> <Core = "Shift">   --->   Core 28 'Shift' <Latency = 0> <II = 1> <Delay = 4.42> <FuncUnit> <Opcode : 'shl' 'lshr' 'ashr'> <InPorts = 2> <OutPorts = 1>
ST_3 : Operation 45 [1/1] (0.00ns) (grouped into LUT with out node in_shift_V)   --->   "%tmp_7 = lshr i32 %tmp_6, %sh_assign_1" [r:/builds/2018.2/continuous/2018_06_14_2258646/src/products/hls/src/technology/autopilot/header_files\utils/x_hls_float_utils.h:314]   --->   Operation 45 'lshr' 'tmp_7' <Predicate = (!tmp_12)> <Delay = 0.00> <Core = "Shift">   --->   Core 28 'Shift' <Latency = 0> <II = 1> <Delay = 4.42> <FuncUnit> <Opcode : 'shl' 'lshr' 'ashr'> <InPorts = 2> <OutPorts = 1>
ST_3 : Operation 46 [1/1] (0.00ns) (grouped into LUT with out node in_shift_V)   --->   "%tmp_15 = trunc i32 %tmp_7 to i29" [r:/builds/2018.2/continuous/2018_06_14_2258646/src/products/hls/src/technology/autopilot/header_files\utils/x_hls_float_utils.h:314]   --->   Operation 46 'trunc' 'tmp_15' <Predicate = (!tmp_12)> <Delay = 0.00>
ST_3 : Operation 47 [1/1] (0.00ns) (grouped into LUT with out node in_shift_V)   --->   "%tmp_16 = trunc i32 %tmp_9 to i29" [r:/builds/2018.2/continuous/2018_06_14_2258646/src/products/hls/src/technology/autopilot/header_files\utils/x_hls_float_utils.h:314]   --->   Operation 47 'trunc' 'tmp_16' <Predicate = (!tmp_12)> <Delay = 0.00>
ST_3 : Operation 48 [1/1] (4.42ns) (out node of the LUT)   --->   "%in_shift_V = select i1 %isNeg, i29 %tmp_15, i29 %tmp_16" [r:/builds/2018.2/continuous/2018_06_14_2258646/src/products/hls/src/technology/autopilot/header_files\utils/x_hls_float_utils.h:314]   --->   Operation 48 'select' 'in_shift_V' <Predicate = (!tmp_12)> <Delay = 4.42> <Core = "Sel">   --->   Core 26 'Sel' <Latency = 0> <II = 1> <Delay = 1.24> <FuncUnit> <Opcode : 'select'> <InPorts = 3> <OutPorts = 1>
ST_3 : Operation 49 [1/1] (2.47ns)   --->   "%tmp_s = icmp eq i32 %sh_assign, 16" [r:/builds/2018.2/continuous/2018_06_14_2258646/src/products/hls/src/technology/autopilot/header_files\utils/x_hls_float_utils.h:315]   --->   Operation 49 'icmp' 'tmp_s' <Predicate = (!tmp_12)> <Delay = 2.47> <Core = "Cmp">   --->   Core 25 'Cmp' <Latency = 0> <II = 1> <Delay = 2.46> <FuncUnit> <Opcode : 'icmp'> <InPorts = 2> <OutPorts = 1>

State 4 <SV = 3> <Delay = 6.60>
ST_4 : Operation 50 [1/1] (1.76ns)   --->   "br i1 %tmp_s, label %.preheader3, label %.loopexit_ifconv" [r:/builds/2018.2/continuous/2018_06_14_2258646/src/products/hls/src/technology/autopilot/header_files\utils/x_hls_float_utils.h:315]   --->   Operation 50 'br' <Predicate = (!tmp_12)> <Delay = 1.76>
ST_4 : Operation 51 [1/1] (0.00ns) (grouped into LUT with out node p_Val2_1)   --->   "%p_Val2_s = phi i29 [ %in_shift, %.preheader3 ], [ %in_shift_V, %"operator<<.exit" ]"   --->   Operation 51 'phi' 'p_Val2_s' <Predicate = (tmp_12) | (!tmp_s)> <Delay = 0.00>
ST_4 : Operation 52 [1/1] (0.00ns) (grouped into LUT with out node newexp)   --->   "%shift_1 = phi i32 [ %shift, %.preheader3 ], [ %shift_2, %"operator<<.exit" ]"   --->   Operation 52 'phi' 'shift_1' <Predicate = (tmp_12) | (!tmp_s)> <Delay = 0.00>
ST_4 : Operation 53 [1/1] (1.82ns)   --->   "%tmp_1 = sub i9 127, %prescale_read" [r:/builds/2018.2/continuous/2018_06_14_2258646/src/products/hls/src/technology/autopilot/header_files\utils/x_hls_float_utils.h:323]   --->   Operation 53 'sub' 'tmp_1' <Predicate = (tmp_12) | (!tmp_s)> <Delay = 1.82> <Core = "AddSub">   --->   Core 14 'AddSub' <Latency = 0> <II = 1> <Delay = 2.55> <FuncUnit> <Opcode : 'add' 'sub'> <InPorts = 2> <OutPorts = 1>
ST_4 : Operation 54 [1/1] (0.00ns) (grouped into LUT with out node newexp)   --->   "%tmp_1_cast = sext i9 %tmp_1 to i32" [r:/builds/2018.2/continuous/2018_06_14_2258646/src/products/hls/src/technology/autopilot/header_files\utils/x_hls_float_utils.h:323]   --->   Operation 54 'sext' 'tmp_1_cast' <Predicate = (tmp_12) | (!tmp_s)> <Delay = 0.00>
ST_4 : Operation 55 [1/1] (2.55ns) (out node of the LUT)   --->   "%newexp = sub i32 %tmp_1_cast, %shift_1" [r:/builds/2018.2/continuous/2018_06_14_2258646/src/products/hls/src/technology/autopilot/header_files\utils/x_hls_float_utils.h:323]   --->   Operation 55 'sub' 'newexp' <Predicate = (tmp_12) | (!tmp_s)> <Delay = 2.55> <Core = "AddSub">   --->   Core 14 'AddSub' <Latency = 0> <II = 1> <Delay = 2.55> <FuncUnit> <Opcode : 'add' 'sub'> <InPorts = 2> <OutPorts = 1>
ST_4 : Operation 56 [1/1] (0.00ns)   --->   "%tmp_18 = call i1 @_ssdm_op_BitSelect.i1.i32.i32(i32 %newexp, i32 31)" [r:/builds/2018.2/continuous/2018_06_14_2258646/src/products/hls/src/technology/autopilot/header_files\utils/x_hls_float_utils.h:329]   --->   Operation 56 'bitselect' 'tmp_18' <Predicate = (tmp_12) | (!tmp_s)> <Delay = 0.00>
ST_4 : Operation 57 [1/1] (2.46ns)   --->   "%tmp_8 = icmp eq i29 %in_V_read, 0" [r:/builds/2018.2/continuous/2018_06_14_2258646/src/products/hls/src/technology/autopilot/header_files\utils/x_hls_float_utils.h:329]   --->   Operation 57 'icmp' 'tmp_8' <Predicate = (tmp_12) | (!tmp_s)> <Delay = 2.46> <Core = "Cmp">   --->   Core 25 'Cmp' <Latency = 0> <II = 1> <Delay = 2.46> <FuncUnit> <Opcode : 'icmp'> <InPorts = 2> <OutPorts = 1>
ST_4 : Operation 58 [1/1] (0.97ns)   --->   "%or_cond = or i1 %tmp_18, %tmp_8" [r:/builds/2018.2/continuous/2018_06_14_2258646/src/products/hls/src/technology/autopilot/header_files\utils/x_hls_float_utils.h:329]   --->   Operation 58 'or' 'or_cond' <Predicate = (tmp_12) | (!tmp_s)> <Delay = 0.97> <Core = "LogicGate">   --->   Core 27 'LogicGate' <Latency = 0> <II = 1> <Delay = 0.97> <FuncUnit> <Opcode : 'and' 'or' 'xor'> <InPorts = 2> <OutPorts = 1>
ST_4 : Operation 59 [1/1] (0.00ns)   --->   "%tmp_19 = trunc i32 %newexp to i8" [r:/builds/2018.2/continuous/2018_06_14_2258646/src/products/hls/src/technology/autopilot/header_files\utils/x_hls_float_utils.h:323]   --->   Operation 59 'trunc' 'tmp_19' <Predicate = (tmp_12) | (!tmp_s)> <Delay = 0.00>
ST_4 : Operation 60 [1/1] (0.00ns) (grouped into LUT with out node p_Val2_1)   --->   "%phitmp2 = call i23 @_ssdm_op_PartSelect.i23.i29.i32.i32(i29 %p_Val2_s, i32 5, i32 27)" [r:/builds/2018.2/continuous/2018_06_14_2258646/src/products/hls/src/technology/autopilot/header_files\utils/x_hls_float_utils.h:314]   --->   Operation 60 'partselect' 'phitmp2' <Predicate = (tmp_12) | (!tmp_s)> <Delay = 0.00>
ST_4 : Operation 61 [1/1] (0.69ns) (out node of the LUT)   --->   "%p_Val2_1 = select i1 %or_cond, i23 0, i23 %phitmp2" [r:/builds/2018.2/continuous/2018_06_14_2258646/src/products/hls/src/technology/autopilot/header_files\utils/x_hls_utils.h:322->r:/builds/2018.2/continuous/2018_06_14_2258646/src/products/hls/src/technology/autopilot/header_files\utils/x_hls_float_utils.h:339]   --->   Operation 61 'select' 'p_Val2_1' <Predicate = (tmp_12) | (!tmp_s)> <Delay = 0.69> <Core = "Sel">   --->   Core 26 'Sel' <Latency = 0> <II = 1> <Delay = 1.24> <FuncUnit> <Opcode : 'select'> <InPorts = 3> <OutPorts = 1>
ST_4 : Operation 62 [1/1] (1.24ns)   --->   "%out_exp_V = select i1 %or_cond, i8 0, i8 %tmp_19" [r:/builds/2018.2/continuous/2018_06_14_2258646/src/products/hls/src/technology/autopilot/header_files\utils/x_hls_float_utils.h:340]   --->   Operation 62 'select' 'out_exp_V' <Predicate = (tmp_12) | (!tmp_s)> <Delay = 1.24> <Core = "Sel">   --->   Core 26 'Sel' <Latency = 0> <II = 1> <Delay = 1.24> <FuncUnit> <Opcode : 'select'> <InPorts = 3> <OutPorts = 1>
ST_4 : Operation 63 [1/1] (0.00ns)   --->   "%p_Result_3 = call i32 @_ssdm_op_BitConcatenate.i32.i1.i8.i23(i1 false, i8 %out_exp_V, i23 %p_Val2_1)" [r:/builds/2018.2/continuous/2018_06_14_2258646/src/products/hls/src/technology/autopilot/header_files\utils/x_hls_utils.h:298->r:/builds/2018.2/continuous/2018_06_14_2258646/src/products/hls/src/technology/autopilot/header_files\utils/x_hls_utils.h:311->r:/builds/2018.2/continuous/2018_06_14_2258646/src/products/hls/src/technology/autopilot/header_files\utils/x_hls_utils.h:332->r:/builds/2018.2/continuous/2018_06_14_2258646/src/products/hls/src/technology/autopilot/header_files\utils/x_hls_float_utils.h:341]   --->   Operation 63 'bitconcatenate' 'p_Result_3' <Predicate = (tmp_12) | (!tmp_s)> <Delay = 0.00>
ST_4 : Operation 64 [1/1] (0.00ns)   --->   "%result_write_assign = bitcast i32 %p_Result_3 to float" [r:/builds/2018.2/continuous/2018_06_14_2258646/src/products/hls/src/technology/autopilot/header_files\utils/x_hls_utils.h:311->r:/builds/2018.2/continuous/2018_06_14_2258646/src/products/hls/src/technology/autopilot/header_files\utils/x_hls_utils.h:332->r:/builds/2018.2/continuous/2018_06_14_2258646/src/products/hls/src/technology/autopilot/header_files\utils/x_hls_float_utils.h:341]   --->   Operation 64 'bitcast' 'result_write_assign' <Predicate = (tmp_12) | (!tmp_s)> <Delay = 0.00>
ST_4 : Operation 65 [1/1] (0.00ns)   --->   "ret float %result_write_assign" [r:/builds/2018.2/continuous/2018_06_14_2258646/src/products/hls/src/technology/autopilot/header_files\utils/x_hls_float_utils.h:342]   --->   Operation 65 'ret' <Predicate = (tmp_12) | (!tmp_s)> <Delay = 0.00>


============================================================
+ Verbose Summary: Binding
============================================================
STG Binding: 
---------------- STG Properties BEGIN ----------------
- Is combinational: 0
- Is one-state seq: 0
- Is datapath-only: 0
- Is pipelined: 0
- Is top level: 0
Port [ Return ] is wired: 1; IO mode=ap_ctrl_hs:ce=0
Port [ in_V]:  wired=1; compound=0; hidden=0; nouse=0; global=0; static=0; extern=0; dir=0; type=0; pingpong=0; private_global=0; IO mode=ap_none:ce=0
Port [ prescale]:  wired=1; compound=0; hidden=0; nouse=0; global=0; static=0; extern=0; dir=0; type=0; pingpong=0; private_global=0; IO mode=ap_none:ce=0
---------------- STG Properties END ------------------

---------------- Datapath Model BEGIN ----------------

<LifeTime>
<method=bitvector/>
prescale_read       (read             ) [ 00111]
in_V_read           (read             ) [ 00111]
p_Result_1          (partselect       ) [ 00000]
tmp                 (bitconcatenate   ) [ 00000]
out_bits_0_V        (partset          ) [ 00100]
tmp_2               (trunc            ) [ 00000]
tmp_4               (bitconcatenate   ) [ 00000]
p_Result_s          (partset          ) [ 00100]
StgValue_13         (br               ) [ 01100]
c_0_s               (phi              ) [ 00111]
c_1_s               (phi              ) [ 00111]
i1                  (phi              ) [ 00100]
exitcond            (icmp             ) [ 00100]
empty               (speclooptripcount) [ 00000]
i                   (add              ) [ 01100]
StgValue_20         (br               ) [ 00000]
tmp_3               (trunc            ) [ 00000]
tmp_10              (partselect       ) [ 00000]
tmp_11              (partselect       ) [ 00000]
p_Result_2          (select           ) [ 00000]
c_0                 (cttz             ) [ 00000]
c_1_1               (select           ) [ 01100]
c_1_2               (select           ) [ 01100]
StgValue_28         (br               ) [ 01100]
StgValue_29         (br               ) [ 00111]
in_shift            (phi              ) [ 00011]
shift               (phi              ) [ 00011]
i2                  (phi              ) [ 00010]
tmp_12              (bitselect        ) [ 00011]
empty_25            (speclooptripcount) [ 00000]
i_1                 (add              ) [ 00111]
StgValue_36         (br               ) [ 00011]
tmp_13              (trunc            ) [ 00000]
sh_assign           (select           ) [ 00000]
shift_2             (add              ) [ 00111]
isNeg               (bitselect        ) [ 00000]
tmp_5               (sub              ) [ 00000]
sh_assign_1         (select           ) [ 00000]
tmp_6               (zext             ) [ 00000]
tmp_9               (shl              ) [ 00000]
tmp_7               (lshr             ) [ 00000]
tmp_15              (trunc            ) [ 00000]
tmp_16              (trunc            ) [ 00000]
in_shift_V          (select           ) [ 00111]
tmp_s               (icmp             ) [ 00001]
StgValue_50         (br               ) [ 00111]
p_Val2_s            (phi              ) [ 00001]
shift_1             (phi              ) [ 00001]
tmp_1               (sub              ) [ 00000]
tmp_1_cast          (sext             ) [ 00000]
newexp              (sub              ) [ 00000]
tmp_18              (bitselect        ) [ 00000]
tmp_8               (icmp             ) [ 00000]
or_cond             (or               ) [ 00000]
tmp_19              (trunc            ) [ 00000]
phitmp2             (partselect       ) [ 00000]
p_Val2_1            (select           ) [ 00000]
out_exp_V           (select           ) [ 00000]
p_Result_3          (bitconcatenate   ) [ 00000]
result_write_assign (bitcast          ) [ 00000]
StgValue_65         (ret              ) [ 00000]
</LifeTime>

<model>

<comp_list>
<comp id="0" class="1000" name="in_V">
<pin_list>
<pin id="1" dir="1" index="0" bw="1" slack="0"/>
</pin_list>
<bind>
<StgValue><ssdm name="in_V"/></StgValue>
</bind>
</comp>

<comp id="2" class="1000" name="prescale">
<pin_list>
<pin id="3" dir="1" index="0" bw="1" slack="0"/>
</pin_list>
<bind>
<StgValue><ssdm name="prescale"/></StgValue>
</bind>
</comp>

<comp id="4" class="1001" name="const_4">
<pin_list>
<pin id="5" dir="1" index="0" bw="1" slack="0"/>
</pin_list>
<bind>
<StgValue><ssdm name="_ssdm_op_Read.ap_auto.i9"/></StgValue>
</bind>
</comp>

<comp id="6" class="1001" name="const_6">
<pin_list>
<pin id="7" dir="1" index="0" bw="1" slack="0"/>
</pin_list>
<bind>
<StgValue><ssdm name="_ssdm_op_Read.ap_auto.i29"/></StgValue>
</bind>
</comp>

<comp id="8" class="1001" name="const_8">
<pin_list>
<pin id="9" dir="1" index="0" bw="1" slack="0"/>
</pin_list>
<bind>
<StgValue><ssdm name="_ssdm_op_PartSelect.i16.i29.i32.i32"/></StgValue>
</bind>
</comp>

<comp id="10" class="1001" name="const_10">
<pin_list>
<pin id="11" dir="1" index="0" bw="1" slack="0"/>
</pin_list>
<bind>
<StgValue><ssdm name=""/></StgValue>
</bind>
</comp>

<comp id="12" class="1001" name="const_12">
<pin_list>
<pin id="13" dir="1" index="0" bw="1" slack="0"/>
</pin_list>
<bind>
<StgValue><ssdm name=""/></StgValue>
</bind>
</comp>

<comp id="14" class="1001" name="const_14">
<pin_list>
<pin id="15" dir="1" index="0" bw="1" slack="0"/>
</pin_list>
<bind>
<StgValue><ssdm name="_ssdm_op_BitConcatenate.i17.i16.i1"/></StgValue>
</bind>
</comp>

<comp id="16" class="1001" name="const_16">
<pin_list>
<pin id="17" dir="1" index="0" bw="1" slack="0"/>
</pin_list>
<bind>
<StgValue><ssdm name=""/></StgValue>
</bind>
</comp>

<comp id="18" class="1001" name="const_18">
<pin_list>
<pin id="19" dir="1" index="0" bw="1" slack="0"/>
</pin_list>
<bind>
<StgValue><ssdm name="_ssdm_op_PartSet.i32.i32.i17.i32.i32"/></StgValue>
</bind>
</comp>

<comp id="20" class="1001" name="const_20">
<pin_list>
<pin id="21" dir="1" index="0" bw="1" slack="0"/>
</pin_list>
<bind>
<StgValue><ssdm name=""/></StgValue>
</bind>
</comp>

<comp id="22" class="1001" name="const_22">
<pin_list>
<pin id="23" dir="1" index="0" bw="1" slack="0"/>
</pin_list>
<bind>
<StgValue><ssdm name=""/></StgValue>
</bind>
</comp>

<comp id="24" class="1001" name="const_24">
<pin_list>
<pin id="25" dir="1" index="0" bw="1" slack="0"/>
</pin_list>
<bind>
<StgValue><ssdm name=""/></StgValue>
</bind>
</comp>

<comp id="26" class="1001" name="const_26">
<pin_list>
<pin id="27" dir="1" index="0" bw="1" slack="0"/>
</pin_list>
<bind>
<StgValue><ssdm name="_ssdm_op_BitConcatenate.i14.i13.i1"/></StgValue>
</bind>
</comp>

<comp id="28" class="1001" name="const_28">
<pin_list>
<pin id="29" dir="1" index="0" bw="1" slack="0"/>
</pin_list>
<bind>
<StgValue><ssdm name="_ssdm_op_PartSet.i32.i32.i14.i32.i32"/></StgValue>
</bind>
</comp>

<comp id="30" class="1001" name="const_30">
<pin_list>
<pin id="31" dir="1" index="0" bw="1" slack="0"/>
</pin_list>
<bind>
<StgValue><ssdm name=""/></StgValue>
</bind>
</comp>

<comp id="32" class="1001" name="const_32">
<pin_list>
<pin id="33" dir="1" index="0" bw="1" slack="1"/>
</pin_list>
<bind>
<StgValue><ssdm name=""/></StgValue>
</bind>
</comp>

<comp id="34" class="1001" name="const_34">
<pin_list>
<pin id="35" dir="1" index="0" bw="1" slack="0"/>
</pin_list>
<bind>
<StgValue><ssdm name=""/></StgValue>
</bind>
</comp>

<comp id="36" class="1001" name="const_36">
<pin_list>
<pin id="37" dir="1" index="0" bw="1" slack="2147483647"/>
</pin_list>
<bind>
<StgValue><ssdm name="_ssdm_op_SpecLoopTripCount"/></StgValue>
</bind>
</comp>

<comp id="38" class="1001" name="const_38">
<pin_list>
<pin id="39" dir="1" index="0" bw="1" slack="2147483647"/>
</pin_list>
<bind>
<StgValue><ssdm name=""/></StgValue>
</bind>
</comp>

<comp id="40" class="1001" name="const_40">
<pin_list>
<pin id="41" dir="1" index="0" bw="1" slack="0"/>
</pin_list>
<bind>
<StgValue><ssdm name=""/></StgValue>
</bind>
</comp>

<comp id="42" class="1001" name="const_42">
<pin_list>
<pin id="43" dir="1" index="0" bw="1" slack="0"/>
</pin_list>
<bind>
<StgValue><ssdm name="_ssdm_op_PartSelect.i32.i32.i32.i32"/></StgValue>
</bind>
</comp>

<comp id="44" class="1001" name="const_44">
<pin_list>
<pin id="45" dir="1" index="0" bw="1" slack="0"/>
</pin_list>
<bind>
<StgValue><ssdm name=""/></StgValue>
</bind>
</comp>

<comp id="46" class="1001" name="const_46">
<pin_list>
<pin id="47" dir="1" index="0" bw="1" slack="0"/>
</pin_list>
<bind>
<StgValue><ssdm name="llvm.cttz.i32"/></StgValue>
</bind>
</comp>

<comp id="48" class="1001" name="const_48">
<pin_list>
<pin id="49" dir="1" index="0" bw="1" slack="0"/>
</pin_list>
<bind>
<StgValue><ssdm name="_ssdm_op_BitSelect.i1.i2.i32"/></StgValue>
</bind>
</comp>

<comp id="50" class="1001" name="const_50">
<pin_list>
<pin id="51" dir="1" index="0" bw="1" slack="0"/>
</pin_list>
<bind>
<StgValue><ssdm name=""/></StgValue>
</bind>
</comp>

<comp id="52" class="1001" name="const_52">
<pin_list>
<pin id="53" dir="1" index="0" bw="1" slack="2147483647"/>
</pin_list>
<bind>
<StgValue><ssdm name=""/></StgValue>
</bind>
</comp>

<comp id="54" class="1001" name="const_54">
<pin_list>
<pin id="55" dir="1" index="0" bw="1" slack="0"/>
</pin_list>
<bind>
<StgValue><ssdm name="_ssdm_op_BitSelect.i1.i32.i32"/></StgValue>
</bind>
</comp>

<comp id="56" class="1001" name="const_56">
<pin_list>
<pin id="57" dir="1" index="0" bw="1" slack="0"/>
</pin_list>
<bind>
<StgValue><ssdm name=""/></StgValue>
</bind>
</comp>

<comp id="58" class="1001" name="const_58">
<pin_list>
<pin id="59" dir="1" index="0" bw="1" slack="0"/>
</pin_list>
<bind>
<StgValue><ssdm name=""/></StgValue>
</bind>
</comp>

<comp id="60" class="1001" name="const_60">
<pin_list>
<pin id="61" dir="1" index="0" bw="1" slack="0"/>
</pin_list>
<bind>
<StgValue><ssdm name=""/></StgValue>
</bind>
</comp>

<comp id="62" class="1001" name="const_62">
<pin_list>
<pin id="63" dir="1" index="0" bw="1" slack="0"/>
</pin_list>
<bind>
<StgValue><ssdm name="_ssdm_op_PartSelect.i23.i29.i32.i32"/></StgValue>
</bind>
</comp>

<comp id="64" class="1001" name="const_64">
<pin_list>
<pin id="65" dir="1" index="0" bw="1" slack="0"/>
</pin_list>
<bind>
<StgValue><ssdm name=""/></StgValue>
</bind>
</comp>

<comp id="66" class="1001" name="const_66">
<pin_list>
<pin id="67" dir="1" index="0" bw="1" slack="0"/>
</pin_list>
<bind>
<StgValue><ssdm name=""/></StgValue>
</bind>
</comp>

<comp id="68" class="1001" name="const_68">
<pin_list>
<pin id="69" dir="1" index="0" bw="1" slack="0"/>
</pin_list>
<bind>
<StgValue><ssdm name=""/></StgValue>
</bind>
</comp>

<comp id="70" class="1001" name="const_70">
<pin_list>
<pin id="71" dir="1" index="0" bw="1" slack="0"/>
</pin_list>
<bind>
<StgValue><ssdm name=""/></StgValue>
</bind>
</comp>

<comp id="72" class="1001" name="const_72">
<pin_list>
<pin id="73" dir="1" index="0" bw="1" slack="0"/>
</pin_list>
<bind>
<StgValue><ssdm name="_ssdm_op_BitConcatenate.i32.i1.i8.i23"/></StgValue>
</bind>
</comp>

<comp id="74" class="1001" name="const_74">
<pin_list>
<pin id="75" dir="1" index="0" bw="1" slack="0"/>
</pin_list>
<bind>
<StgValue><ssdm name=""/></StgValue>
</bind>
</comp>

<comp id="76" class="1004" name="prescale_read_read_fu_76">
<pin_list>
<pin id="77" dir="0" index="0" bw="9" slack="0"/>
<pin id="78" dir="0" index="1" bw="9" slack="0"/>
<pin id="79" dir="1" index="2" bw="9" slack="3"/>
</pin_list>
<bind>
<opcode="read(1150) " fcode="read"/>
<opset="prescale_read/1 "/>
</bind>
</comp>

<comp id="82" class="1004" name="in_V_read_read_fu_82">
<pin_list>
<pin id="83" dir="0" index="0" bw="29" slack="0"/>
<pin id="84" dir="0" index="1" bw="29" slack="0"/>
<pin id="85" dir="1" index="2" bw="29" slack="0"/>
</pin_list>
<bind>
<opcode="read(1150) " fcode="read"/>
<opset="in_V_read/1 "/>
</bind>
</comp>

<comp id="88" class="1005" name="c_0_s_reg_88">
<pin_list>
<pin id="89" dir="0" index="0" bw="32" slack="1"/>
<pin id="90" dir="1" index="1" bw="32" slack="1"/>
</pin_list>
<bind>
<opset="c_0_s (phireg) "/>
</bind>
</comp>

<comp id="92" class="1004" name="c_0_s_phi_fu_92">
<pin_list>
<pin id="93" dir="0" index="0" bw="1" slack="1"/>
<pin id="94" dir="0" index="1" bw="0" slack="2147483647"/>
<pin id="95" dir="0" index="2" bw="32" slack="0"/>
<pin id="96" dir="0" index="3" bw="0" slack="2147483647"/>
<pin id="97" dir="1" index="4" bw="32" slack="0"/>
</pin_list>
<bind>
<opcode="phi(47) " fcode="phi"/>
<opset="c_0_s/2 "/>
</bind>
</comp>

<comp id="100" class="1005" name="c_1_s_reg_100">
<pin_list>
<pin id="101" dir="0" index="0" bw="32" slack="1"/>
<pin id="102" dir="1" index="1" bw="32" slack="1"/>
</pin_list>
<bind>
<opset="c_1_s (phireg) "/>
</bind>
</comp>

<comp id="104" class="1004" name="c_1_s_phi_fu_104">
<pin_list>
<pin id="105" dir="0" index="0" bw="1" slack="1"/>
<pin id="106" dir="0" index="1" bw="0" slack="2147483647"/>
<pin id="107" dir="0" index="2" bw="32" slack="0"/>
<pin id="108" dir="0" index="3" bw="0" slack="2147483647"/>
<pin id="109" dir="1" index="4" bw="32" slack="0"/>
</pin_list>
<bind>
<opcode="phi(47) " fcode="phi"/>
<opset="c_1_s/2 "/>
</bind>
</comp>

<comp id="112" class="1005" name="i1_reg_112">
<pin_list>
<pin id="113" dir="0" index="0" bw="2" slack="1"/>
<pin id="114" dir="1" index="1" bw="2" slack="1"/>
</pin_list>
<bind>
<opset="i1 (phireg) "/>
</bind>
</comp>

<comp id="116" class="1004" name="i1_phi_fu_116">
<pin_list>
<pin id="117" dir="0" index="0" bw="1" slack="1"/>
<pin id="118" dir="0" index="1" bw="0" slack="2147483647"/>
<pin id="119" dir="0" index="2" bw="2" slack="0"/>
<pin id="120" dir="0" index="3" bw="0" slack="2147483647"/>
<pin id="121" dir="1" index="4" bw="2" slack="0"/>
</pin_list>
<bind>
<opcode="phi(47) " fcode="phi"/>
<opset="i1/2 "/>
</bind>
</comp>

<comp id="123" class="1005" name="in_shift_reg_123">
<pin_list>
<pin id="124" dir="0" index="0" bw="29" slack="1"/>
<pin id="125" dir="1" index="1" bw="29" slack="1"/>
</pin_list>
<bind>
<opset="in_shift (phireg) "/>
</bind>
</comp>

<comp id="126" class="1004" name="in_shift_phi_fu_126">
<pin_list>
<pin id="127" dir="0" index="0" bw="29" slack="0"/>
<pin id="128" dir="0" index="1" bw="0" slack="2147483647"/>
<pin id="129" dir="0" index="2" bw="29" slack="2"/>
<pin id="130" dir="0" index="3" bw="0" slack="2147483647"/>
<pin id="131" dir="1" index="4" bw="29" slack="0"/>
</pin_list>
<bind>
<opcode="phi(47) " fcode="phi"/>
<opset="in_shift/3 "/>
</bind>
</comp>

<comp id="133" class="1005" name="shift_reg_133">
<pin_list>
<pin id="134" dir="0" index="0" bw="32" slack="1"/>
<pin id="135" dir="1" index="1" bw="32" slack="1"/>
</pin_list>
<bind>
<opset="shift (phireg) "/>
</bind>
</comp>

<comp id="137" class="1004" name="shift_phi_fu_137">
<pin_list>
<pin id="138" dir="0" index="0" bw="32" slack="0"/>
<pin id="139" dir="0" index="1" bw="0" slack="2147483647"/>
<pin id="140" dir="0" index="2" bw="1" slack="1"/>
<pin id="141" dir="0" index="3" bw="0" slack="2147483647"/>
<pin id="142" dir="1" index="4" bw="32" slack="0"/>
</pin_list>
<bind>
<opcode="phi(47) " fcode="phi"/>
<opset="shift/3 "/>
</bind>
</comp>

<comp id="145" class="1005" name="i2_reg_145">
<pin_list>
<pin id="146" dir="0" index="0" bw="2" slack="1"/>
<pin id="147" dir="1" index="1" bw="2" slack="1"/>
</pin_list>
<bind>
<opset="i2 (phireg) "/>
</bind>
</comp>

<comp id="149" class="1004" name="i2_phi_fu_149">
<pin_list>
<pin id="150" dir="0" index="0" bw="2" slack="0"/>
<pin id="151" dir="0" index="1" bw="0" slack="2147483647"/>
<pin id="152" dir="0" index="2" bw="1" slack="1"/>
<pin id="153" dir="0" index="3" bw="0" slack="2147483647"/>
<pin id="154" dir="1" index="4" bw="2" slack="0"/>
</pin_list>
<bind>
<opcode="phi(47) " fcode="phi"/>
<opset="i2/3 "/>
</bind>
</comp>

<comp id="156" class="1005" name="p_Val2_s_reg_156">
<pin_list>
<pin id="157" dir="0" index="0" bw="29" slack="2147483647"/>
<pin id="158" dir="1" index="1" bw="29" slack="2147483647"/>
</pin_list>
<bind>
<opset="p_Val2_s (phireg) "/>
</bind>
</comp>

<comp id="159" class="1004" name="p_Val2_s_phi_fu_159">
<pin_list>
<pin id="160" dir="0" index="0" bw="29" slack="1"/>
<pin id="161" dir="0" index="1" bw="0" slack="2147483647"/>
<pin id="162" dir="0" index="2" bw="29" slack="1"/>
<pin id="163" dir="0" index="3" bw="0" slack="2147483647"/>
<pin id="164" dir="1" index="4" bw="29" slack="0"/>
</pin_list>
<bind>
<opcode="phi(47) " fcode="phi"/>
<opset="p_Val2_s/4 "/>
</bind>
</comp>

<comp id="166" class="1005" name="shift_1_reg_166">
<pin_list>
<pin id="167" dir="0" index="0" bw="32" slack="2147483647"/>
<pin id="168" dir="1" index="1" bw="32" slack="2147483647"/>
</pin_list>
<bind>
<opset="shift_1 (phireg) "/>
</bind>
</comp>

<comp id="169" class="1004" name="shift_1_phi_fu_169">
<pin_list>
<pin id="170" dir="0" index="0" bw="32" slack="1"/>
<pin id="171" dir="0" index="1" bw="0" slack="2147483647"/>
<pin id="172" dir="0" index="2" bw="32" slack="1"/>
<pin id="173" dir="0" index="3" bw="0" slack="2147483647"/>
<pin id="174" dir="1" index="4" bw="32" slack="0"/>
</pin_list>
<bind>
<opcode="phi(47) " fcode="phi"/>
<opset="shift_1/4 "/>
</bind>
</comp>

<comp id="176" class="1004" name="p_Result_1_fu_176">
<pin_list>
<pin id="177" dir="0" index="0" bw="16" slack="0"/>
<pin id="178" dir="0" index="1" bw="29" slack="0"/>
<pin id="179" dir="0" index="2" bw="5" slack="0"/>
<pin id="180" dir="0" index="3" bw="6" slack="0"/>
<pin id="181" dir="1" index="4" bw="16" slack="0"/>
</pin_list>
<bind>
<opcode="partselect(1002) " fcode="partselect"/>
<opset="p_Result_1/1 "/>
</bind>
</comp>

<comp id="186" class="1004" name="tmp_fu_186">
<pin_list>
<pin id="187" dir="0" index="0" bw="17" slack="0"/>
<pin id="188" dir="0" index="1" bw="16" slack="0"/>
<pin id="189" dir="0" index="2" bw="1" slack="0"/>
<pin id="190" dir="1" index="3" bw="17" slack="0"/>
</pin_list>
<bind>
<opcode="bitconcatenate(1004) " fcode="bitconcatenate"/>
<opset="tmp/1 "/>
</bind>
</comp>

<comp id="194" class="1004" name="out_bits_0_V_fu_194">
<pin_list>
<pin id="195" dir="0" index="0" bw="32" slack="0"/>
<pin id="196" dir="0" index="1" bw="1" slack="0"/>
<pin id="197" dir="0" index="2" bw="17" slack="0"/>
<pin id="198" dir="0" index="3" bw="5" slack="0"/>
<pin id="199" dir="0" index="4" bw="6" slack="0"/>
<pin id="200" dir="1" index="5" bw="32" slack="1"/>
</pin_list>
<bind>
<opcode="partset(1003) " fcode="partset"/>
<opset="out_bits_0_V/1 "/>
</bind>
</comp>

<comp id="206" class="1004" name="tmp_2_fu_206">
<pin_list>
<pin id="207" dir="0" index="0" bw="29" slack="0"/>
<pin id="208" dir="1" index="1" bw="13" slack="0"/>
</pin_list>
<bind>
<opcode="trunc(33) " fcode="trunc"/>
<opset="tmp_2/1 "/>
</bind>
</comp>

<comp id="210" class="1004" name="tmp_4_fu_210">
<pin_list>
<pin id="211" dir="0" index="0" bw="14" slack="0"/>
<pin id="212" dir="0" index="1" bw="13" slack="0"/>
<pin id="213" dir="0" index="2" bw="1" slack="0"/>
<pin id="214" dir="1" index="3" bw="14" slack="0"/>
</pin_list>
<bind>
<opcode="bitconcatenate(1004) " fcode="bitconcatenate"/>
<opset="tmp_4/1 "/>
</bind>
</comp>

<comp id="218" class="1004" name="p_Result_s_fu_218">
<pin_list>
<pin id="219" dir="0" index="0" bw="32" slack="0"/>
<pin id="220" dir="0" index="1" bw="1" slack="0"/>
<pin id="221" dir="0" index="2" bw="14" slack="0"/>
<pin id="222" dir="0" index="3" bw="6" slack="0"/>
<pin id="223" dir="0" index="4" bw="6" slack="0"/>
<pin id="224" dir="1" index="5" bw="32" slack="1"/>
</pin_list>
<bind>
<opcode="partset(1003) " fcode="partset"/>
<opset="p_Result_s/1 "/>
</bind>
</comp>

<comp id="230" class="1004" name="exitcond_fu_230">
<pin_list>
<pin id="231" dir="0" index="0" bw="2" slack="0"/>
<pin id="232" dir="0" index="1" bw="2" slack="0"/>
<pin id="233" dir="1" index="2" bw="1" slack="2147483647"/>
</pin_list>
<bind>
<opcode="icmp(45) " fcode="icmp"/>
<opset="exitcond/2 "/>
</bind>
</comp>

<comp id="236" class="1004" name="i_fu_236">
<pin_list>
<pin id="237" dir="0" index="0" bw="2" slack="0"/>
<pin id="238" dir="0" index="1" bw="1" slack="0"/>
<pin id="239" dir="1" index="2" bw="2" slack="0"/>
</pin_list>
<bind>
<opcode="add(8) " fcode="add"/>
<opset="i/2 "/>
</bind>
</comp>

<comp id="242" class="1004" name="tmp_3_fu_242">
<pin_list>
<pin id="243" dir="0" index="0" bw="2" slack="0"/>
<pin id="244" dir="1" index="1" bw="1" slack="0"/>
</pin_list>
<bind>
<opcode="trunc(33) " fcode="trunc"/>
<opset="tmp_3/2 "/>
</bind>
</comp>

<comp id="246" class="1004" name="tmp_10_fu_246">
<pin_list>
<pin id="247" dir="0" index="0" bw="32" slack="0"/>
<pin id="248" dir="0" index="1" bw="32" slack="1"/>
<pin id="249" dir="0" index="2" bw="6" slack="0"/>
<pin id="250" dir="0" index="3" bw="1" slack="0"/>
<pin id="251" dir="1" index="4" bw="32" slack="0"/>
</pin_list>
<bind>
<opcode="partselect(1002) " fcode="partselect"/>
<opset="tmp_10/2 "/>
</bind>
</comp>

<comp id="255" class="1004" name="tmp_11_fu_255">
<pin_list>
<pin id="256" dir="0" index="0" bw="32" slack="0"/>
<pin id="257" dir="0" index="1" bw="32" slack="1"/>
<pin id="258" dir="0" index="2" bw="6" slack="0"/>
<pin id="259" dir="0" index="3" bw="1" slack="0"/>
<pin id="260" dir="1" index="4" bw="32" slack="0"/>
</pin_list>
<bind>
<opcode="partselect(1002) " fcode="partselect"/>
<opset="tmp_11/2 "/>
</bind>
</comp>

<comp id="264" class="1004" name="p_Result_2_fu_264">
<pin_list>
<pin id="265" dir="0" index="0" bw="1" slack="0"/>
<pin id="266" dir="0" index="1" bw="32" slack="0"/>
<pin id="267" dir="0" index="2" bw="32" slack="0"/>
<pin id="268" dir="1" index="3" bw="32" slack="0"/>
</pin_list>
<bind>
<opcode="select(49) " fcode="select"/>
<opset="p_Result_2/2 "/>
</bind>
</comp>

<comp id="272" class="1004" name="c_0_fu_272">
<pin_list>
<pin id="273" dir="0" index="0" bw="32" slack="0"/>
<pin id="274" dir="0" index="1" bw="32" slack="0"/>
<pin id="275" dir="0" index="2" bw="1" slack="0"/>
<pin id="276" dir="1" index="3" bw="32" slack="0"/>
</pin_list>
<bind>
<opcode="cttz(524) " fcode="cttz"/>
<opset="c_0/2 "/>
</bind>
</comp>

<comp id="280" class="1004" name="c_1_1_fu_280">
<pin_list>
<pin id="281" dir="0" index="0" bw="1" slack="0"/>
<pin id="282" dir="0" index="1" bw="32" slack="0"/>
<pin id="283" dir="0" index="2" bw="32" slack="0"/>
<pin id="284" dir="1" index="3" bw="32" slack="0"/>
</pin_list>
<bind>
<opcode="select(49) " fcode="select"/>
<opset="c_1_1/2 "/>
</bind>
</comp>

<comp id="288" class="1004" name="c_1_2_fu_288">
<pin_list>
<pin id="289" dir="0" index="0" bw="1" slack="0"/>
<pin id="290" dir="0" index="1" bw="32" slack="0"/>
<pin id="291" dir="0" index="2" bw="32" slack="0"/>
<pin id="292" dir="1" index="3" bw="32" slack="0"/>
</pin_list>
<bind>
<opcode="select(49) " fcode="select"/>
<opset="c_1_2/2 "/>
</bind>
</comp>

<comp id="296" class="1004" name="tmp_12_fu_296">
<pin_list>
<pin id="297" dir="0" index="0" bw="1" slack="0"/>
<pin id="298" dir="0" index="1" bw="2" slack="0"/>
<pin id="299" dir="0" index="2" bw="1" slack="0"/>
<pin id="300" dir="1" index="3" bw="1" slack="1"/>
</pin_list>
<bind>
<opcode="bitselect(1000) " fcode="bitselect"/>
<opset="tmp_12/3 "/>
</bind>
</comp>

<comp id="304" class="1004" name="i_1_fu_304">
<pin_list>
<pin id="305" dir="0" index="0" bw="2" slack="0"/>
<pin id="306" dir="0" index="1" bw="1" slack="0"/>
<pin id="307" dir="1" index="2" bw="2" slack="0"/>
</pin_list>
<bind>
<opcode="add(8) " fcode="add"/>
<opset="i_1/3 "/>
</bind>
</comp>

<comp id="310" class="1004" name="tmp_13_fu_310">
<pin_list>
<pin id="311" dir="0" index="0" bw="2" slack="0"/>
<pin id="312" dir="1" index="1" bw="1" slack="0"/>
</pin_list>
<bind>
<opcode="trunc(33) " fcode="trunc"/>
<opset="tmp_13/3 "/>
</bind>
</comp>

<comp id="314" class="1004" name="sh_assign_fu_314">
<pin_list>
<pin id="315" dir="0" index="0" bw="1" slack="0"/>
<pin id="316" dir="0" index="1" bw="32" slack="1"/>
<pin id="317" dir="0" index="2" bw="32" slack="1"/>
<pin id="318" dir="1" index="3" bw="32" slack="0"/>
</pin_list>
<bind>
<opcode="select(49) " fcode="select"/>
<opset="sh_assign/3 "/>
</bind>
</comp>

<comp id="322" class="1004" name="shift_2_fu_322">
<pin_list>
<pin id="323" dir="0" index="0" bw="32" slack="0"/>
<pin id="324" dir="0" index="1" bw="32" slack="0"/>
<pin id="325" dir="1" index="2" bw="32" slack="0"/>
</pin_list>
<bind>
<opcode="add(8) " fcode="add"/>
<opset="shift_2/3 "/>
</bind>
</comp>

<comp id="328" class="1004" name="isNeg_fu_328">
<pin_list>
<pin id="329" dir="0" index="0" bw="1" slack="0"/>
<pin id="330" dir="0" index="1" bw="32" slack="0"/>
<pin id="331" dir="0" index="2" bw="6" slack="0"/>
<pin id="332" dir="1" index="3" bw="1" slack="0"/>
</pin_list>
<bind>
<opcode="bitselect(1000) " fcode="bitselect"/>
<opset="isNeg/3 "/>
</bind>
</comp>

<comp id="336" class="1004" name="tmp_5_fu_336">
<pin_list>
<pin id="337" dir="0" index="0" bw="1" slack="0"/>
<pin id="338" dir="0" index="1" bw="32" slack="0"/>
<pin id="339" dir="1" index="2" bw="32" slack="0"/>
</pin_list>
<bind>
<opcode="sub(10) " fcode="sub"/>
<opset="tmp_5/3 "/>
</bind>
</comp>

<comp id="342" class="1004" name="sh_assign_1_fu_342">
<pin_list>
<pin id="343" dir="0" index="0" bw="1" slack="0"/>
<pin id="344" dir="0" index="1" bw="32" slack="0"/>
<pin id="345" dir="0" index="2" bw="32" slack="0"/>
<pin id="346" dir="1" index="3" bw="32" slack="0"/>
</pin_list>
<bind>
<opcode="select(49) " fcode="select"/>
<opset="sh_assign_1/3 "/>
</bind>
</comp>

<comp id="350" class="1004" name="tmp_6_fu_350">
<pin_list>
<pin id="351" dir="0" index="0" bw="29" slack="0"/>
<pin id="352" dir="1" index="1" bw="32" slack="0"/>
</pin_list>
<bind>
<opcode="zext(34) " fcode="zext"/>
<opset="tmp_6/3 "/>
</bind>
</comp>

<comp id="354" class="1004" name="tmp_9_fu_354">
<pin_list>
<pin id="355" dir="0" index="0" bw="29" slack="0"/>
<pin id="356" dir="0" index="1" bw="32" slack="0"/>
<pin id="357" dir="1" index="2" bw="32" slack="0"/>
</pin_list>
<bind>
<opcode="shl(20) " fcode="shl"/>
<opset="tmp_9/3 "/>
</bind>
</comp>

<comp id="360" class="1004" name="tmp_7_fu_360">
<pin_list>
<pin id="361" dir="0" index="0" bw="29" slack="0"/>
<pin id="362" dir="0" index="1" bw="32" slack="0"/>
<pin id="363" dir="1" index="2" bw="32" slack="0"/>
</pin_list>
<bind>
<opcode="lshr(21) " fcode="lshr"/>
<opset="tmp_7/3 "/>
</bind>
</comp>

<comp id="366" class="1004" name="tmp_15_fu_366">
<pin_list>
<pin id="367" dir="0" index="0" bw="32" slack="0"/>
<pin id="368" dir="1" index="1" bw="29" slack="0"/>
</pin_list>
<bind>
<opcode="trunc(33) " fcode="trunc"/>
<opset="tmp_15/3 "/>
</bind>
</comp>

<comp id="370" class="1004" name="tmp_16_fu_370">
<pin_list>
<pin id="371" dir="0" index="0" bw="32" slack="0"/>
<pin id="372" dir="1" index="1" bw="29" slack="0"/>
</pin_list>
<bind>
<opcode="trunc(33) " fcode="trunc"/>
<opset="tmp_16/3 "/>
</bind>
</comp>

<comp id="374" class="1004" name="in_shift_V_fu_374">
<pin_list>
<pin id="375" dir="0" index="0" bw="1" slack="0"/>
<pin id="376" dir="0" index="1" bw="29" slack="0"/>
<pin id="377" dir="0" index="2" bw="29" slack="0"/>
<pin id="378" dir="1" index="3" bw="29" slack="0"/>
</pin_list>
<bind>
<opcode="select(49) " fcode="select"/>
<opset="in_shift_V/3 "/>
</bind>
</comp>

<comp id="382" class="1004" name="tmp_s_fu_382">
<pin_list>
<pin id="383" dir="0" index="0" bw="32" slack="0"/>
<pin id="384" dir="0" index="1" bw="6" slack="0"/>
<pin id="385" dir="1" index="2" bw="1" slack="1"/>
</pin_list>
<bind>
<opcode="icmp(45) " fcode="icmp"/>
<opset="tmp_s/3 "/>
</bind>
</comp>

<comp id="388" class="1004" name="tmp_1_fu_388">
<pin_list>
<pin id="389" dir="0" index="0" bw="8" slack="0"/>
<pin id="390" dir="0" index="1" bw="9" slack="3"/>
<pin id="391" dir="1" index="2" bw="9" slack="0"/>
</pin_list>
<bind>
<opcode="sub(10) " fcode="sub"/>
<opset="tmp_1/4 "/>
</bind>
</comp>

<comp id="393" class="1004" name="tmp_1_cast_fu_393">
<pin_list>
<pin id="394" dir="0" index="0" bw="9" slack="0"/>
<pin id="395" dir="1" index="1" bw="32" slack="0"/>
</pin_list>
<bind>
<opcode="sext(35) " fcode="sext"/>
<opset="tmp_1_cast/4 "/>
</bind>
</comp>

<comp id="397" class="1004" name="newexp_fu_397">
<pin_list>
<pin id="398" dir="0" index="0" bw="9" slack="0"/>
<pin id="399" dir="0" index="1" bw="32" slack="0"/>
<pin id="400" dir="1" index="2" bw="32" slack="0"/>
</pin_list>
<bind>
<opcode="sub(10) " fcode="sub"/>
<opset="newexp/4 "/>
</bind>
</comp>

<comp id="403" class="1004" name="tmp_18_fu_403">
<pin_list>
<pin id="404" dir="0" index="0" bw="1" slack="0"/>
<pin id="405" dir="0" index="1" bw="32" slack="0"/>
<pin id="406" dir="0" index="2" bw="6" slack="0"/>
<pin id="407" dir="1" index="3" bw="1" slack="0"/>
</pin_list>
<bind>
<opcode="bitselect(1000) " fcode="bitselect"/>
<opset="tmp_18/4 "/>
</bind>
</comp>

<comp id="411" class="1004" name="tmp_8_fu_411">
<pin_list>
<pin id="412" dir="0" index="0" bw="29" slack="3"/>
<pin id="413" dir="0" index="1" bw="1" slack="0"/>
<pin id="414" dir="1" index="2" bw="1" slack="0"/>
</pin_list>
<bind>
<opcode="icmp(45) " fcode="icmp"/>
<opset="tmp_8/4 "/>
</bind>
</comp>

<comp id="416" class="1004" name="or_cond_fu_416">
<pin_list>
<pin id="417" dir="0" index="0" bw="1" slack="0"/>
<pin id="418" dir="0" index="1" bw="1" slack="0"/>
<pin id="419" dir="1" index="2" bw="1" slack="0"/>
</pin_list>
<bind>
<opcode="or(24) " fcode="or"/>
<opset="or_cond/4 "/>
</bind>
</comp>

<comp id="422" class="1004" name="tmp_19_fu_422">
<pin_list>
<pin id="423" dir="0" index="0" bw="32" slack="0"/>
<pin id="424" dir="1" index="1" bw="8" slack="0"/>
</pin_list>
<bind>
<opcode="trunc(33) " fcode="trunc"/>
<opset="tmp_19/4 "/>
</bind>
</comp>

<comp id="426" class="1004" name="phitmp2_fu_426">
<pin_list>
<pin id="427" dir="0" index="0" bw="23" slack="0"/>
<pin id="428" dir="0" index="1" bw="29" slack="0"/>
<pin id="429" dir="0" index="2" bw="4" slack="0"/>
<pin id="430" dir="0" index="3" bw="6" slack="0"/>
<pin id="431" dir="1" index="4" bw="23" slack="0"/>
</pin_list>
<bind>
<opcode="partselect(1002) " fcode="partselect"/>
<opset="phitmp2/4 "/>
</bind>
</comp>

<comp id="436" class="1004" name="p_Val2_1_fu_436">
<pin_list>
<pin id="437" dir="0" index="0" bw="1" slack="0"/>
<pin id="438" dir="0" index="1" bw="1" slack="0"/>
<pin id="439" dir="0" index="2" bw="23" slack="0"/>
<pin id="440" dir="1" index="3" bw="23" slack="0"/>
</pin_list>
<bind>
<opcode="select(49) " fcode="select"/>
<opset="p_Val2_1/4 "/>
</bind>
</comp>

<comp id="444" class="1004" name="out_exp_V_fu_444">
<pin_list>
<pin id="445" dir="0" index="0" bw="1" slack="0"/>
<pin id="446" dir="0" index="1" bw="1" slack="0"/>
<pin id="447" dir="0" index="2" bw="8" slack="0"/>
<pin id="448" dir="1" index="3" bw="8" slack="0"/>
</pin_list>
<bind>
<opcode="select(49) " fcode="select"/>
<opset="out_exp_V/4 "/>
</bind>
</comp>

<comp id="452" class="1004" name="p_Result_3_fu_452">
<pin_list>
<pin id="453" dir="0" index="0" bw="32" slack="0"/>
<pin id="454" dir="0" index="1" bw="1" slack="0"/>
<pin id="455" dir="0" index="2" bw="8" slack="0"/>
<pin id="456" dir="0" index="3" bw="23" slack="0"/>
<pin id="457" dir="1" index="4" bw="32" slack="0"/>
</pin_list>
<bind>
<opcode="bitconcatenate(1004) " fcode="bitconcatenate"/>
<opset="p_Result_3/4 "/>
</bind>
</comp>

<comp id="462" class="1004" name="result_write_assign_fu_462">
<pin_list>
<pin id="463" dir="0" index="0" bw="32" slack="0"/>
<pin id="464" dir="1" index="1" bw="32" slack="2147483647"/>
</pin_list>
<bind>
<opcode="bitcast(44) " fcode="bitcast"/>
<opset="result_write_assign/4 "/>
</bind>
</comp>

<comp id="466" class="1005" name="prescale_read_reg_466">
<pin_list>
<pin id="467" dir="0" index="0" bw="9" slack="3"/>
<pin id="468" dir="1" index="1" bw="9" slack="3"/>
</pin_list>
<bind>
<opset="prescale_read "/>
</bind>
</comp>

<comp id="471" class="1005" name="in_V_read_reg_471">
<pin_list>
<pin id="472" dir="0" index="0" bw="29" slack="2"/>
<pin id="473" dir="1" index="1" bw="29" slack="2"/>
</pin_list>
<bind>
<opset="in_V_read "/>
</bind>
</comp>

<comp id="477" class="1005" name="out_bits_0_V_reg_477">
<pin_list>
<pin id="478" dir="0" index="0" bw="32" slack="1"/>
<pin id="479" dir="1" index="1" bw="32" slack="1"/>
</pin_list>
<bind>
<opset="out_bits_0_V "/>
</bind>
</comp>

<comp id="482" class="1005" name="p_Result_s_reg_482">
<pin_list>
<pin id="483" dir="0" index="0" bw="32" slack="1"/>
<pin id="484" dir="1" index="1" bw="32" slack="1"/>
</pin_list>
<bind>
<opset="p_Result_s "/>
</bind>
</comp>

<comp id="490" class="1005" name="i_reg_490">
<pin_list>
<pin id="491" dir="0" index="0" bw="2" slack="0"/>
<pin id="492" dir="1" index="1" bw="2" slack="0"/>
</pin_list>
<bind>
<opset="i "/>
</bind>
</comp>

<comp id="495" class="1005" name="c_1_1_reg_495">
<pin_list>
<pin id="496" dir="0" index="0" bw="32" slack="0"/>
<pin id="497" dir="1" index="1" bw="32" slack="0"/>
</pin_list>
<bind>
<opset="c_1_1 "/>
</bind>
</comp>

<comp id="500" class="1005" name="c_1_2_reg_500">
<pin_list>
<pin id="501" dir="0" index="0" bw="32" slack="0"/>
<pin id="502" dir="1" index="1" bw="32" slack="0"/>
</pin_list>
<bind>
<opset="c_1_2 "/>
</bind>
</comp>

<comp id="505" class="1005" name="tmp_12_reg_505">
<pin_list>
<pin id="506" dir="0" index="0" bw="1" slack="1"/>
<pin id="507" dir="1" index="1" bw="1" slack="2147483647"/>
</pin_list>
<bind>
<opset="tmp_12 "/>
</bind>
</comp>

<comp id="509" class="1005" name="i_1_reg_509">
<pin_list>
<pin id="510" dir="0" index="0" bw="2" slack="0"/>
<pin id="511" dir="1" index="1" bw="2" slack="0"/>
</pin_list>
<bind>
<opset="i_1 "/>
</bind>
</comp>

<comp id="514" class="1005" name="shift_2_reg_514">
<pin_list>
<pin id="515" dir="0" index="0" bw="32" slack="0"/>
<pin id="516" dir="1" index="1" bw="32" slack="0"/>
</pin_list>
<bind>
<opset="shift_2 "/>
</bind>
</comp>

<comp id="520" class="1005" name="in_shift_V_reg_520">
<pin_list>
<pin id="521" dir="0" index="0" bw="29" slack="0"/>
<pin id="522" dir="1" index="1" bw="29" slack="0"/>
</pin_list>
<bind>
<opset="in_shift_V "/>
</bind>
</comp>

<comp id="526" class="1005" name="tmp_s_reg_526">
<pin_list>
<pin id="527" dir="0" index="0" bw="1" slack="1"/>
<pin id="528" dir="1" index="1" bw="1" slack="2147483647"/>
</pin_list>
<bind>
<opset="tmp_s "/>
</bind>
</comp>

</comp_list>

<net_list>
<net id="80"><net_src comp="4" pin="0"/><net_sink comp="76" pin=0"/></net>

<net id="81"><net_src comp="2" pin="0"/><net_sink comp="76" pin=1"/></net>

<net id="86"><net_src comp="6" pin="0"/><net_sink comp="82" pin=0"/></net>

<net id="87"><net_src comp="0" pin="0"/><net_sink comp="82" pin=1"/></net>

<net id="91"><net_src comp="20" pin="0"/><net_sink comp="88" pin=0"/></net>

<net id="98"><net_src comp="88" pin="1"/><net_sink comp="92" pin=0"/></net>

<net id="99"><net_src comp="92" pin="4"/><net_sink comp="88" pin=0"/></net>

<net id="103"><net_src comp="20" pin="0"/><net_sink comp="100" pin=0"/></net>

<net id="110"><net_src comp="100" pin="1"/><net_sink comp="104" pin=0"/></net>

<net id="111"><net_src comp="104" pin="4"/><net_sink comp="100" pin=0"/></net>

<net id="115"><net_src comp="32" pin="0"/><net_sink comp="112" pin=0"/></net>

<net id="122"><net_src comp="112" pin="1"/><net_sink comp="116" pin=0"/></net>

<net id="132"><net_src comp="126" pin="4"/><net_sink comp="123" pin=0"/></net>

<net id="136"><net_src comp="44" pin="0"/><net_sink comp="133" pin=0"/></net>

<net id="143"><net_src comp="133" pin="1"/><net_sink comp="137" pin=2"/></net>

<net id="144"><net_src comp="137" pin="4"/><net_sink comp="133" pin=0"/></net>

<net id="148"><net_src comp="32" pin="0"/><net_sink comp="145" pin=0"/></net>

<net id="155"><net_src comp="145" pin="1"/><net_sink comp="149" pin=2"/></net>

<net id="165"><net_src comp="123" pin="1"/><net_sink comp="159" pin=0"/></net>

<net id="175"><net_src comp="133" pin="1"/><net_sink comp="169" pin=0"/></net>

<net id="182"><net_src comp="8" pin="0"/><net_sink comp="176" pin=0"/></net>

<net id="183"><net_src comp="82" pin="2"/><net_sink comp="176" pin=1"/></net>

<net id="184"><net_src comp="10" pin="0"/><net_sink comp="176" pin=2"/></net>

<net id="185"><net_src comp="12" pin="0"/><net_sink comp="176" pin=3"/></net>

<net id="191"><net_src comp="14" pin="0"/><net_sink comp="186" pin=0"/></net>

<net id="192"><net_src comp="176" pin="4"/><net_sink comp="186" pin=1"/></net>

<net id="193"><net_src comp="16" pin="0"/><net_sink comp="186" pin=2"/></net>

<net id="201"><net_src comp="18" pin="0"/><net_sink comp="194" pin=0"/></net>

<net id="202"><net_src comp="20" pin="0"/><net_sink comp="194" pin=1"/></net>

<net id="203"><net_src comp="186" pin="3"/><net_sink comp="194" pin=2"/></net>

<net id="204"><net_src comp="22" pin="0"/><net_sink comp="194" pin=3"/></net>

<net id="205"><net_src comp="24" pin="0"/><net_sink comp="194" pin=4"/></net>

<net id="209"><net_src comp="82" pin="2"/><net_sink comp="206" pin=0"/></net>

<net id="215"><net_src comp="26" pin="0"/><net_sink comp="210" pin=0"/></net>

<net id="216"><net_src comp="206" pin="1"/><net_sink comp="210" pin=1"/></net>

<net id="217"><net_src comp="16" pin="0"/><net_sink comp="210" pin=2"/></net>

<net id="225"><net_src comp="28" pin="0"/><net_sink comp="218" pin=0"/></net>

<net id="226"><net_src comp="20" pin="0"/><net_sink comp="218" pin=1"/></net>

<net id="227"><net_src comp="210" pin="3"/><net_sink comp="218" pin=2"/></net>

<net id="228"><net_src comp="30" pin="0"/><net_sink comp="218" pin=3"/></net>

<net id="229"><net_src comp="24" pin="0"/><net_sink comp="218" pin=4"/></net>

<net id="234"><net_src comp="116" pin="4"/><net_sink comp="230" pin=0"/></net>

<net id="235"><net_src comp="34" pin="0"/><net_sink comp="230" pin=1"/></net>

<net id="240"><net_src comp="116" pin="4"/><net_sink comp="236" pin=0"/></net>

<net id="241"><net_src comp="40" pin="0"/><net_sink comp="236" pin=1"/></net>

<net id="245"><net_src comp="116" pin="4"/><net_sink comp="242" pin=0"/></net>

<net id="252"><net_src comp="42" pin="0"/><net_sink comp="246" pin=0"/></net>

<net id="253"><net_src comp="24" pin="0"/><net_sink comp="246" pin=2"/></net>

<net id="254"><net_src comp="44" pin="0"/><net_sink comp="246" pin=3"/></net>

<net id="261"><net_src comp="42" pin="0"/><net_sink comp="255" pin=0"/></net>

<net id="262"><net_src comp="24" pin="0"/><net_sink comp="255" pin=2"/></net>

<net id="263"><net_src comp="44" pin="0"/><net_sink comp="255" pin=3"/></net>

<net id="269"><net_src comp="242" pin="1"/><net_sink comp="264" pin=0"/></net>

<net id="270"><net_src comp="246" pin="4"/><net_sink comp="264" pin=1"/></net>

<net id="271"><net_src comp="255" pin="4"/><net_sink comp="264" pin=2"/></net>

<net id="277"><net_src comp="46" pin="0"/><net_sink comp="272" pin=0"/></net>

<net id="278"><net_src comp="264" pin="3"/><net_sink comp="272" pin=1"/></net>

<net id="279"><net_src comp="16" pin="0"/><net_sink comp="272" pin=2"/></net>

<net id="285"><net_src comp="242" pin="1"/><net_sink comp="280" pin=0"/></net>

<net id="286"><net_src comp="92" pin="4"/><net_sink comp="280" pin=1"/></net>

<net id="287"><net_src comp="272" pin="3"/><net_sink comp="280" pin=2"/></net>

<net id="293"><net_src comp="242" pin="1"/><net_sink comp="288" pin=0"/></net>

<net id="294"><net_src comp="272" pin="3"/><net_sink comp="288" pin=1"/></net>

<net id="295"><net_src comp="104" pin="4"/><net_sink comp="288" pin=2"/></net>

<net id="301"><net_src comp="48" pin="0"/><net_sink comp="296" pin=0"/></net>

<net id="302"><net_src comp="149" pin="4"/><net_sink comp="296" pin=1"/></net>

<net id="303"><net_src comp="50" pin="0"/><net_sink comp="296" pin=2"/></net>

<net id="308"><net_src comp="149" pin="4"/><net_sink comp="304" pin=0"/></net>

<net id="309"><net_src comp="40" pin="0"/><net_sink comp="304" pin=1"/></net>

<net id="313"><net_src comp="149" pin="4"/><net_sink comp="310" pin=0"/></net>

<net id="319"><net_src comp="310" pin="1"/><net_sink comp="314" pin=0"/></net>

<net id="320"><net_src comp="100" pin="1"/><net_sink comp="314" pin=1"/></net>

<net id="321"><net_src comp="88" pin="1"/><net_sink comp="314" pin=2"/></net>

<net id="326"><net_src comp="137" pin="4"/><net_sink comp="322" pin=0"/></net>

<net id="327"><net_src comp="314" pin="3"/><net_sink comp="322" pin=1"/></net>

<net id="333"><net_src comp="54" pin="0"/><net_sink comp="328" pin=0"/></net>

<net id="334"><net_src comp="314" pin="3"/><net_sink comp="328" pin=1"/></net>

<net id="335"><net_src comp="24" pin="0"/><net_sink comp="328" pin=2"/></net>

<net id="340"><net_src comp="44" pin="0"/><net_sink comp="336" pin=0"/></net>

<net id="341"><net_src comp="314" pin="3"/><net_sink comp="336" pin=1"/></net>

<net id="347"><net_src comp="328" pin="3"/><net_sink comp="342" pin=0"/></net>

<net id="348"><net_src comp="336" pin="2"/><net_sink comp="342" pin=1"/></net>

<net id="349"><net_src comp="314" pin="3"/><net_sink comp="342" pin=2"/></net>

<net id="353"><net_src comp="126" pin="4"/><net_sink comp="350" pin=0"/></net>

<net id="358"><net_src comp="350" pin="1"/><net_sink comp="354" pin=0"/></net>

<net id="359"><net_src comp="342" pin="3"/><net_sink comp="354" pin=1"/></net>

<net id="364"><net_src comp="350" pin="1"/><net_sink comp="360" pin=0"/></net>

<net id="365"><net_src comp="342" pin="3"/><net_sink comp="360" pin=1"/></net>

<net id="369"><net_src comp="360" pin="2"/><net_sink comp="366" pin=0"/></net>

<net id="373"><net_src comp="354" pin="2"/><net_sink comp="370" pin=0"/></net>

<net id="379"><net_src comp="328" pin="3"/><net_sink comp="374" pin=0"/></net>

<net id="380"><net_src comp="366" pin="1"/><net_sink comp="374" pin=1"/></net>

<net id="381"><net_src comp="370" pin="1"/><net_sink comp="374" pin=2"/></net>

<net id="386"><net_src comp="314" pin="3"/><net_sink comp="382" pin=0"/></net>

<net id="387"><net_src comp="56" pin="0"/><net_sink comp="382" pin=1"/></net>

<net id="392"><net_src comp="58" pin="0"/><net_sink comp="388" pin=0"/></net>

<net id="396"><net_src comp="388" pin="2"/><net_sink comp="393" pin=0"/></net>

<net id="401"><net_src comp="393" pin="1"/><net_sink comp="397" pin=0"/></net>

<net id="402"><net_src comp="169" pin="4"/><net_sink comp="397" pin=1"/></net>

<net id="408"><net_src comp="54" pin="0"/><net_sink comp="403" pin=0"/></net>

<net id="409"><net_src comp="397" pin="2"/><net_sink comp="403" pin=1"/></net>

<net id="410"><net_src comp="24" pin="0"/><net_sink comp="403" pin=2"/></net>

<net id="415"><net_src comp="60" pin="0"/><net_sink comp="411" pin=1"/></net>

<net id="420"><net_src comp="403" pin="3"/><net_sink comp="416" pin=0"/></net>

<net id="421"><net_src comp="411" pin="2"/><net_sink comp="416" pin=1"/></net>

<net id="425"><net_src comp="397" pin="2"/><net_sink comp="422" pin=0"/></net>

<net id="432"><net_src comp="62" pin="0"/><net_sink comp="426" pin=0"/></net>

<net id="433"><net_src comp="159" pin="4"/><net_sink comp="426" pin=1"/></net>

<net id="434"><net_src comp="64" pin="0"/><net_sink comp="426" pin=2"/></net>

<net id="435"><net_src comp="66" pin="0"/><net_sink comp="426" pin=3"/></net>

<net id="441"><net_src comp="416" pin="2"/><net_sink comp="436" pin=0"/></net>

<net id="442"><net_src comp="68" pin="0"/><net_sink comp="436" pin=1"/></net>

<net id="443"><net_src comp="426" pin="4"/><net_sink comp="436" pin=2"/></net>

<net id="449"><net_src comp="416" pin="2"/><net_sink comp="444" pin=0"/></net>

<net id="450"><net_src comp="70" pin="0"/><net_sink comp="444" pin=1"/></net>

<net id="451"><net_src comp="422" pin="1"/><net_sink comp="444" pin=2"/></net>

<net id="458"><net_src comp="72" pin="0"/><net_sink comp="452" pin=0"/></net>

<net id="459"><net_src comp="74" pin="0"/><net_sink comp="452" pin=1"/></net>

<net id="460"><net_src comp="444" pin="3"/><net_sink comp="452" pin=2"/></net>

<net id="461"><net_src comp="436" pin="3"/><net_sink comp="452" pin=3"/></net>

<net id="465"><net_src comp="452" pin="4"/><net_sink comp="462" pin=0"/></net>

<net id="469"><net_src comp="76" pin="2"/><net_sink comp="466" pin=0"/></net>

<net id="470"><net_src comp="466" pin="1"/><net_sink comp="388" pin=1"/></net>

<net id="474"><net_src comp="82" pin="2"/><net_sink comp="471" pin=0"/></net>

<net id="475"><net_src comp="471" pin="1"/><net_sink comp="126" pin=2"/></net>

<net id="476"><net_src comp="471" pin="1"/><net_sink comp="411" pin=0"/></net>

<net id="480"><net_src comp="194" pin="5"/><net_sink comp="477" pin=0"/></net>

<net id="481"><net_src comp="477" pin="1"/><net_sink comp="255" pin=1"/></net>

<net id="485"><net_src comp="218" pin="5"/><net_sink comp="482" pin=0"/></net>

<net id="486"><net_src comp="482" pin="1"/><net_sink comp="246" pin=1"/></net>

<net id="493"><net_src comp="236" pin="2"/><net_sink comp="490" pin=0"/></net>

<net id="494"><net_src comp="490" pin="1"/><net_sink comp="116" pin=2"/></net>

<net id="498"><net_src comp="280" pin="3"/><net_sink comp="495" pin=0"/></net>

<net id="499"><net_src comp="495" pin="1"/><net_sink comp="92" pin=2"/></net>

<net id="503"><net_src comp="288" pin="3"/><net_sink comp="500" pin=0"/></net>

<net id="504"><net_src comp="500" pin="1"/><net_sink comp="104" pin=2"/></net>

<net id="508"><net_src comp="296" pin="3"/><net_sink comp="505" pin=0"/></net>

<net id="512"><net_src comp="304" pin="2"/><net_sink comp="509" pin=0"/></net>

<net id="513"><net_src comp="509" pin="1"/><net_sink comp="149" pin=0"/></net>

<net id="517"><net_src comp="322" pin="2"/><net_sink comp="514" pin=0"/></net>

<net id="518"><net_src comp="514" pin="1"/><net_sink comp="137" pin=0"/></net>

<net id="519"><net_src comp="514" pin="1"/><net_sink comp="169" pin=2"/></net>

<net id="523"><net_src comp="374" pin="3"/><net_sink comp="520" pin=0"/></net>

<net id="524"><net_src comp="520" pin="1"/><net_sink comp="126" pin=0"/></net>

<net id="525"><net_src comp="520" pin="1"/><net_sink comp="159" pin=2"/></net>

<net id="529"><net_src comp="382" pin="2"/><net_sink comp="526" pin=0"/></net>

</net_list>

</model> 
---------------- Datapath Model END ------------------

* FSMD analyzer results:
  - Output states:
 - Input state : 
	Port: scaled_fixed2ieee : in_V | {1 }
	Port: scaled_fixed2ieee : prescale | {1 }
  - Chain level:
	State 1
		tmp : 1
		out_bits_0_V : 2
		tmp_4 : 1
		p_Result_s : 2
	State 2
		exitcond : 1
		i : 1
		StgValue_20 : 2
		tmp_3 : 1
		p_Result_2 : 2
		c_0 : 3
		c_1_1 : 4
		c_1_2 : 4
	State 3
		tmp_12 : 1
		i_1 : 1
		StgValue_36 : 2
		tmp_13 : 1
		sh_assign : 2
		shift_2 : 3
		isNeg : 3
		tmp_5 : 3
		sh_assign_1 : 4
		tmp_6 : 1
		tmp_9 : 5
		tmp_7 : 5
		tmp_15 : 6
		tmp_16 : 6
		in_shift_V : 7
		tmp_s : 3
	State 4
		p_Val2_s : 1
		shift_1 : 1
		tmp_1_cast : 1
		newexp : 2
		tmp_18 : 3
		or_cond : 4
		tmp_19 : 3
		phitmp2 : 2
		p_Val2_1 : 4
		out_exp_V : 4
		p_Result_3 : 5
		result_write_assign : 6
		StgValue_65 : 7


============================================================
+ Verbose Summary: Datapath Resource usage 
============================================================

* Functional unit list:
|----------|--------------------------|---------|---------|
| Operation|      Functional Unit     |    FF   |   LUT   |
|----------|--------------------------|---------|---------|
|          |     p_Result_2_fu_264    |    0    |    32   |
|          |       c_1_1_fu_280       |    0    |    32   |
|          |       c_1_2_fu_288       |    0    |    32   |
|  select  |     sh_assign_fu_314     |    0    |    32   |
|          |    sh_assign_1_fu_342    |    0    |    32   |
|          |     in_shift_V_fu_374    |    0    |    29   |
|          |      p_Val2_1_fu_436     |    0    |    23   |
|          |     out_exp_V_fu_444     |    0    |    8    |
|----------|--------------------------|---------|---------|
|    shl   |       tmp_9_fu_354       |    0    |   101   |
|----------|--------------------------|---------|---------|
|   lshr   |       tmp_7_fu_360       |    0    |   101   |
|----------|--------------------------|---------|---------|
|          |       tmp_5_fu_336       |    0    |    39   |
|    sub   |       tmp_1_fu_388       |    0    |    15   |
|          |       newexp_fu_397      |    0    |    39   |
|----------|--------------------------|---------|---------|
|   cttz   |        c_0_fu_272        |    40   |    36   |
|----------|--------------------------|---------|---------|
|          |         i_fu_236         |    0    |    10   |
|    add   |        i_1_fu_304        |    0    |    10   |
|          |      shift_2_fu_322      |    0    |    39   |
|----------|--------------------------|---------|---------|
|          |      exitcond_fu_230     |    0    |    8    |
|   icmp   |       tmp_s_fu_382       |    0    |    18   |
|          |       tmp_8_fu_411       |    0    |    18   |
|----------|--------------------------|---------|---------|
|    or    |      or_cond_fu_416      |    0    |    2    |
|----------|--------------------------|---------|---------|
|   read   | prescale_read_read_fu_76 |    0    |    0    |
|          |   in_V_read_read_fu_82   |    0    |    0    |
|----------|--------------------------|---------|---------|
|          |     p_Result_1_fu_176    |    0    |    0    |
|partselect|       tmp_10_fu_246      |    0    |    0    |
|          |       tmp_11_fu_255      |    0    |    0    |
|          |      phitmp2_fu_426      |    0    |    0    |
|----------|--------------------------|---------|---------|
|          |        tmp_fu_186        |    0    |    0    |
|bitconcatenate|       tmp_4_fu_210       |    0    |    0    |
|          |     p_Result_3_fu_452    |    0    |    0    |
|----------|--------------------------|---------|---------|
|  partset |    out_bits_0_V_fu_194   |    0    |    0    |
|          |     p_Result_s_fu_218    |    0    |    0    |
|----------|--------------------------|---------|---------|
|          |       tmp_2_fu_206       |    0    |    0    |
|          |       tmp_3_fu_242       |    0    |    0    |
|   trunc  |       tmp_13_fu_310      |    0    |    0    |
|          |       tmp_15_fu_366      |    0    |    0    |
|          |       tmp_16_fu_370      |    0    |    0    |
|          |       tmp_19_fu_422      |    0    |    0    |
|----------|--------------------------|---------|---------|
|          |       tmp_12_fu_296      |    0    |    0    |
| bitselect|       isNeg_fu_328       |    0    |    0    |
|          |       tmp_18_fu_403      |    0    |    0    |
|----------|--------------------------|---------|---------|
|   zext   |       tmp_6_fu_350       |    0    |    0    |
|----------|--------------------------|---------|---------|
|   sext   |     tmp_1_cast_fu_393    |    0    |    0    |
|----------|--------------------------|---------|---------|
|   Total  |                          |    40   |   656   |
|----------|--------------------------|---------|---------|

Memories:
N/A

* Register list:
+---------------------+--------+
|                     |   FF   |
+---------------------+--------+
|     c_0_s_reg_88    |   32   |
|    c_1_1_reg_495    |   32   |
|    c_1_2_reg_500    |   32   |
|    c_1_s_reg_100    |   32   |
|      i1_reg_112     |    2   |
|      i2_reg_145     |    2   |
|     i_1_reg_509     |    2   |
|      i_reg_490      |    2   |
|  in_V_read_reg_471  |   29   |
|  in_shift_V_reg_520 |   29   |
|   in_shift_reg_123  |   29   |
| out_bits_0_V_reg_477|   32   |
|  p_Result_s_reg_482 |   32   |
|   p_Val2_s_reg_156  |   29   |
|prescale_read_reg_466|    9   |
|   shift_1_reg_166   |   32   |
|   shift_2_reg_514   |   32   |
|    shift_reg_133    |   32   |
|    tmp_12_reg_505   |    1   |
|    tmp_s_reg_526    |    1   |
+---------------------+--------+
|        Total        |   423  |
+---------------------+--------+

* Multiplexer (MUX) list: 
|---------------|------|------|------|--------||---------||---------|
|      Comp     |  Pin | Size |  BW  | S x BW ||  Delay  ||   LUT   |
|---------------|------|------|------|--------||---------||---------|
|  c_0_s_reg_88 |  p0  |   2  |  32  |   64   ||    9    |
| c_1_s_reg_100 |  p0  |   2  |  32  |   64   ||    9    |
| shift_reg_133 |  p0  |   2  |  32  |   64   ||    9    |
|---------------|------|------|------|--------||---------||---------|
|     Total     |      |      |      |   192  ||  5.307  ||    27   |
|---------------|------|------|------|--------||---------||---------|



* Summary:
+-----------+--------+--------+--------+
|           |  Delay |   FF   |   LUT  |
+-----------+--------+--------+--------+
|  Function |    -   |   40   |   656  |
|   Memory  |    -   |    -   |    -   |
|Multiplexer|    5   |    -   |   27   |
|  Register |    -   |   423  |    -   |
+-----------+--------+--------+--------+
|   Total   |    5   |   463  |   683  |
+-----------+--------+--------+--------+
