

================================================================
== Vivado HLS Report for 'scaled_fixed2ieee'
================================================================
* Date:           Sun Jul  9 18:34:23 2023

* Version:        2018.2 (Build 2258646 on Thu Jun 14 20:25:20 MDT 2018)
* Project:        Lab_6
* Solution:       solution1
* Product family: zynq
* Target device:  xc7z020clg484-1


================================================================
== Performance Estimates
================================================================
+ Timing (ns): 
    * Summary: 
    +--------+-------+----------+------------+
    |  Clock | Target| Estimated| Uncertainty|
    +--------+-------+----------+------------+
    |ap_clk  |  10.00|     8.368|        1.25|
    +--------+-------+----------+------------+

+ Latency (clock cycles): 
    * Summary: 
    +-----+-----+-----+-----+---------+
    |  Latency  |  Interval | Pipeline|
    | min | max | min | max |   Type  |
    +-----+-----+-----+-----+---------+
    |    6|   10|    6|   10|   none  |
    +-----+-----+-----+-----+---------+

    + Detail: 
        * Instance: 
        N/A

        * Loop: 
        +----------+-----+-----+----------+-----------+-----------+-------+----------+
        |          |  Latency  | Iteration|  Initiation Interval  |  Trip |          |
        | Loop Name| min | max |  Latency |  achieved |   target  | Count | Pipelined|
        +----------+-----+-----+----------+-----------+-----------+-------+----------+
        |- Loop 1  |    2|    2|         1|          -|          -|      2|    no    |
        |- Loop 2  |    2|    5|         2|          -|          -| 1 ~ 2 |    no    |
        +----------+-----+-----+----------+-----------+-----------+-------+----------+

============================================================
+ Verbose Summary: Synthesis Manager
============================================================
InlineROM: 1
ExposeGlobal: 0
============================================================
+ Verbose Summary: CDFG Model
============================================================
IsTopModel: 0
ResetActiveHigh: 1
IsCombinational: 0
IsDatapathOnly: 0
HasWiredReturn: 1
HasMFsm: 0
HasVarLatency: 1
IsPipeline: 0
IsRtlPipelined: 0
IsInstanceOverlapped: 0
IsDontTouch: 0
HasImplIP: 0
IsGatedGlobalClock: 0


============================================================
+ Verbose Summary: Schedule
============================================================
* Number of FSM states : 4
* Pipeline : 0
* Dataflow Pipeline: 0

* FSM state transitions: 
1 --> 
	2  / true
2 --> 
	2  / (!exitcond)
	3  / (exitcond)
3 --> 
	4  / true
4 --> 
	3  / (!tmp_12 & tmp_s)

* FSM state operations: 

State 1 <SV = 0> <Delay = 1.76>
ST_1 : Operation 5 [1/1] (0.00ns)   --->   "%prescale_read = call i9 @_ssdm_op_Read.ap_auto.i9(i9 %prescale)"   --->   Operation 5 'read' 'prescale_read' <Predicate = true> <Delay = 0.00>
ST_1 : Operation 6 [1/1] (0.00ns)   --->   "%in_V_read = call i29 @_ssdm_op_Read.ap_auto.i29(i29 %in_V)"   --->   Operation 6 'read' 'in_V_read' <Predicate = true> <Delay = 0.00>
ST_1 : Operation 7 [1/1] (0.00ns)   --->   "%p_Result_1 = call i16 @_ssdm_op_PartSelect.i16.i29.i32.i32(i29 %in_V_read, i32 13, i32 28)" [r:/builds/2018.2/continuous/2018_06_14_2258646/src/products/hls/src/technology/autopilot/header_files\utils/x_hls_float_utils.h:296]   --->   Operation 7 'partselect' 'p_Result_1' <Predicate = true> <Delay = 0.00>
ST_1 : Operation 8 [1/1] (0.00ns)   --->   "%tmp = call i17 @_ssdm_op_BitConcatenate.i17.i16.i1(i16 %p_Result_1, i1 true)" [r:/builds/2018.2/continuous/2018_06_14_2258646/src/products/hls/src/technology/autopilot/header_files\utils/x_hls_float_utils.h:297]   --->   Operation 8 'bitconcatenate' 'tmp' <Predicate = true> <Delay = 0.00>
ST_1 : Operation 9 [1/1] (0.00ns)   --->   "%out_bits_0_V = call i32 @_ssdm_op_PartSet.i32.i32.i17.i32.i32(i32 undef, i17 %tmp, i32 15, i32 31)" [r:/builds/2018.2/continuous/2018_06_14_2258646/src/products/hls/src/technology/autopilot/header_files\utils/x_hls_float_utils.h:297]   --->   Operation 9 'partset' 'out_bits_0_V' <Predicate = true> <Delay = 0.00>
ST_1 : Operation 10 [1/1] (0.00ns)   --->   "%tmp_2 = trunc i29 %in_V_read to i13" [r:/builds/2018.2/continuous/2018_06_14_2258646/src/products/hls/src/technology/autopilot/header_files\utils/x_hls_float_utils.h:300]   --->   Operation 10 'trunc' 'tmp_2' <Predicate = true> <Delay = 0.00>
ST_1 : Operation 11 [1/1] (0.00ns)   --->   "%tmp_4 = call i14 @_ssdm_op_BitConcatenate.i14.i13.i1(i13 %tmp_2, i1 true)" [r:/builds/2018.2/continuous/2018_06_14_2258646/src/products/hls/src/technology/autopilot/header_files\utils/x_hls_float_utils.h:301]   --->   Operation 11 'bitconcatenate' 'tmp_4' <Predicate = true> <Delay = 0.00>
ST_1 : Operation 12 [1/1] (0.00ns)   --->   "%p_Result_s = call i32 @_ssdm_op_PartSet.i32.i32.i14.i32.i32(i32 undef, i14 %tmp_4, i32 18, i32 31)" [r:/builds/2018.2/continuous/2018_06_14_2258646/src/products/hls/src/technology/autopilot/header_files\utils/x_hls_float_utils.h:301]   --->   Operation 12 'partset' 'p_Result_s' <Predicate = true> <Delay = 0.00>
ST_1 : Operation 13 [1/1] (1.76ns)   --->   "br label %0" [r:/builds/2018.2/continuous/2018_06_14_2258646/src/products/hls/src/technology/autopilot/header_files\utils/x_hls_float_utils.h:305]   --->   Operation 13 'br' <Predicate = true> <Delay = 1.76>

State 2 <SV = 1> <Delay = 4.79>
ST_2 : Operation 14 [1/1] (0.00ns)   --->   "%c_0_s = phi i32 [ undef, %.preheader.preheader ], [ %c_1_1, %1 ]"   --->   Operation 14 'phi' 'c_0_s' <Predicate = true> <Delay = 0.00>
ST_2 : Operation 15 [1/1] (0.00ns)   --->   "%c_1_s = phi i32 [ undef, %.preheader.preheader ], [ %c_1_2, %1 ]"   --->   Operation 15 'phi' 'c_1_s' <Predicate = true> <Delay = 0.00>
ST_2 : Operation 16 [1/1] (0.00ns)   --->   "%i1 = phi i2 [ 0, %.preheader.preheader ], [ %i, %1 ]"   --->   Operation 16 'phi' 'i1' <Predicate = true> <Delay = 0.00>
ST_2 : Operation 17 [1/1] (0.95ns)   --->   "%exitcond = icmp eq i2 %i1, -2" [r:/builds/2018.2/continuous/2018_06_14_2258646/src/products/hls/src/technology/autopilot/header_files\utils/x_hls_float_utils.h:305]   --->   Operation 17 'icmp' 'exitcond' <Predicate = true> <Delay = 0.95> <Core = "Cmp">   --->   Core 25 'Cmp' <Latency = 0> <II = 1> <Delay = 2.46> <FuncUnit> <Opcode : 'icmp'> <InPorts = 2> <OutPorts = 1>
ST_2 : Operation 18 [1/1] (0.00ns)   --->   "%empty = call i32 (...)* @_ssdm_op_SpecLoopTripCount(i64 2, i64 2, i64 2)"   --->   Operation 18 'speclooptripcount' 'empty' <Predicate = true> <Delay = 0.00>
ST_2 : Operation 19 [1/1] (1.56ns)   --->   "%i = add i2 %i1, 1" [r:/builds/2018.2/continuous/2018_06_14_2258646/src/products/hls/src/technology/autopilot/header_files\utils/x_hls_float_utils.h:305]   --->   Operation 19 'add' 'i' <Predicate = true> <Delay = 1.56> <Core = "AddSub">   --->   Core 14 'AddSub' <Latency = 0> <II = 1> <Delay = 2.55> <FuncUnit> <Opcode : 'add' 'sub'> <InPorts = 2> <OutPorts = 1>
ST_2 : Operation 20 [1/1] (0.00ns)   --->   "br i1 %exitcond, label %.preheader3.preheader, label %1" [r:/builds/2018.2/continuous/2018_06_14_2258646/src/products/hls/src/technology/autopilot/header_files\utils/x_hls_float_utils.h:305]   --->   Operation 20 'br' <Predicate = true> <Delay = 0.00>
ST_2 : Operation 21 [1/1] (0.00ns)   --->   "%tmp_3 = trunc i2 %i1 to i1" [r:/builds/2018.2/continuous/2018_06_14_2258646/src/products/hls/src/technology/autopilot/header_files\utils/x_hls_float_utils.h:305]   --->   Operation 21 'trunc' 'tmp_3' <Predicate = (!exitcond)> <Delay = 0.00>
ST_2 : Operation 22 [1/1] (0.00ns)   --->   "%tmp_10 = call i32 @_ssdm_op_PartSelect.i32.i32.i32.i32(i32 %p_Result_s, i32 31, i32 0)" [r:/builds/2018.2/continuous/2018_06_14_2258646/src/products/hls/hls_lib/hlsmath/include/FloatingPoint/hls_normalize.h:109->r:/builds/2018.2/continuous/2018_06_14_2258646/src/products/hls/src/technology/autopilot/header_files\utils/x_hls_float_utils.h:306]   --->   Operation 22 'partselect' 'tmp_10' <Predicate = (!exitcond)> <Delay = 0.00>
ST_2 : Operation 23 [1/1] (0.00ns)   --->   "%tmp_11 = call i32 @_ssdm_op_PartSelect.i32.i32.i32.i32(i32 %out_bits_0_V, i32 31, i32 0)" [r:/builds/2018.2/continuous/2018_06_14_2258646/src/products/hls/hls_lib/hlsmath/include/FloatingPoint/hls_normalize.h:109->r:/builds/2018.2/continuous/2018_06_14_2258646/src/products/hls/src/technology/autopilot/header_files\utils/x_hls_float_utils.h:306]   --->   Operation 23 'partselect' 'tmp_11' <Predicate = (!exitcond)> <Delay = 0.00>
ST_2 : Operation 24 [1/1] (0.69ns)   --->   "%p_Result_2 = select i1 %tmp_3, i32 %tmp_10, i32 %tmp_11" [r:/builds/2018.2/continuous/2018_06_14_2258646/src/products/hls/src/technology/autopilot/header_files\utils/x_hls_float_utils.h:306]   --->   Operation 24 'select' 'p_Result_2' <Predicate = (!exitcond)> <Delay = 0.69> <Core = "Sel">   --->   Core 26 'Sel' <Latency = 0> <II = 1> <Delay = 1.24> <FuncUnit> <Opcode : 'select'> <InPorts = 3> <OutPorts = 1>
ST_2 : Operation 25 [1/1] (3.39ns)   --->   "%c_0 = call i32 @llvm.cttz.i32(i32 %p_Result_2, i1 true) nounwind" [r:/builds/2018.2/continuous/2018_06_14_2258646/src/products/hls/hls_lib/hlsmath/include/FloatingPoint/hls_normalize.h:109->r:/builds/2018.2/continuous/2018_06_14_2258646/src/products/hls/src/technology/autopilot/header_files\utils/x_hls_float_utils.h:306]   --->   Operation 25 'cttz' 'c_0' <Predicate = (!exitcond)> <Delay = 3.39> <Core = "CTTZ">   --->   Core 60 'CTTZ' <Latency = 0> <II = 1> <Delay = 3.39> <FuncUnit> <Opcode : 'cttz'> <InPorts = 1> <OutPorts = 1>
ST_2 : Operation 26 [1/1] (0.69ns)   --->   "%c_1_1 = select i1 %tmp_3, i32 %c_0_s, i32 %c_0" [r:/builds/2018.2/continuous/2018_06_14_2258646/src/products/hls/src/technology/autopilot/header_files\utils/x_hls_float_utils.h:306]   --->   Operation 26 'select' 'c_1_1' <Predicate = (!exitcond)> <Delay = 0.69> <Core = "Sel">   --->   Core 26 'Sel' <Latency = 0> <II = 1> <Delay = 1.24> <FuncUnit> <Opcode : 'select'> <InPorts = 3> <OutPorts = 1>
ST_2 : Operation 27 [1/1] (0.69ns)   --->   "%c_1_2 = select i1 %tmp_3, i32 %c_0, i32 %c_1_s" [r:/builds/2018.2/continuous/2018_06_14_2258646/src/products/hls/src/technology/autopilot/header_files\utils/x_hls_float_utils.h:306]   --->   Operation 27 'select' 'c_1_2' <Predicate = (!exitcond)> <Delay = 0.69> <Core = "Sel">   --->   Core 26 'Sel' <Latency = 0> <II = 1> <Delay = 1.24> <FuncUnit> <Opcode : 'select'> <InPorts = 3> <OutPorts = 1>
ST_2 : Operation 28 [1/1] (0.00ns)   --->   "br label %0" [r:/builds/2018.2/continuous/2018_06_14_2258646/src/products/hls/src/technology/autopilot/header_files\utils/x_hls_float_utils.h:305]   --->   Operation 28 'br' <Predicate = (!exitcond)> <Delay = 0.00>
ST_2 : Operation 29 [1/1] (1.76ns)   --->   "br label %.preheader3" [r:/builds/2018.2/continuous/2018_06_14_2258646/src/products/hls/src/technology/autopilot/header_files\utils/x_hls_float_utils.h:312]   --->   Operation 29 'br' <Predicate = (exitcond)> <Delay = 1.76>

State 3 <SV = 2> <Delay = 8.36>
ST_3 : Operation 30 [1/1] (0.00ns)   --->   "%in_shift = phi i29 [ %in_shift_V, %"operator<<.exit" ], [ %in_V_read, %.preheader3.preheader ]"   --->   Operation 30 'phi' 'in_shift' <Predicate = true> <Delay = 0.00>
ST_3 : Operation 31 [1/1] (0.00ns)   --->   "%shift = phi i32 [ %shift_2, %"operator<<.exit" ], [ 0, %.preheader3.preheader ]"   --->   Operation 31 'phi' 'shift' <Predicate = true> <Delay = 0.00>
ST_3 : Operation 32 [1/1] (0.00ns)   --->   "%i2 = phi i2 [ %i_1, %"operator<<.exit" ], [ 0, %.preheader3.preheader ]"   --->   Operation 32 'phi' 'i2' <Predicate = true> <Delay = 0.00>
ST_3 : Operation 33 [1/1] (0.00ns)   --->   "%tmp_12 = call i1 @_ssdm_op_BitSelect.i1.i2.i32(i2 %i2, i32 1)" [r:/builds/2018.2/continuous/2018_06_14_2258646/src/products/hls/src/technology/autopilot/header_files\utils/x_hls_float_utils.h:312]   --->   Operation 33 'bitselect' 'tmp_12' <Predicate = true> <Delay = 0.00>
ST_3 : Operation 34 [1/1] (0.00ns)   --->   "%empty_25 = call i32 (...)* @_ssdm_op_SpecLoopTripCount(i64 1, i64 2, i64 1)"   --->   Operation 34 'speclooptripcount' 'empty_25' <Predicate = true> <Delay = 0.00>
ST_3 : Operation 35 [1/1] (1.56ns)   --->   "%i_1 = add i2 %i2, 1" [r:/builds/2018.2/continuous/2018_06_14_2258646/src/products/hls/src/technology/autopilot/header_files\utils/x_hls_float_utils.h:312]   --->   Operation 35 'add' 'i_1' <Predicate = true> <Delay = 1.56> <Core = "AddSub">   --->   Core 14 'AddSub' <Latency = 0> <II = 1> <Delay = 2.55> <FuncUnit> <Opcode : 'add' 'sub'> <InPorts = 2> <OutPorts = 1>
ST_3 : Operation 36 [1/1] (1.76ns)   --->   "br i1 %tmp_12, label %.loopexit_ifconv, label %"operator<<.exit"" [r:/builds/2018.2/continuous/2018_06_14_2258646/src/products/hls/src/technology/autopilot/header_files\utils/x_hls_float_utils.h:312]   --->   Operation 36 'br' <Predicate = true> <Delay = 1.76>
ST_3 : Operation 37 [1/1] (0.00ns)   --->   "%tmp_13 = trunc i2 %i2 to i1" [r:/builds/2018.2/continuous/2018_06_14_2258646/src/products/hls/src/technology/autopilot/header_files\utils/x_hls_float_utils.h:312]   --->   Operation 37 'trunc' 'tmp_13' <Predicate = (!tmp_12)> <Delay = 0.00>
ST_3 : Operation 38 [1/1] (0.69ns)   --->   "%sh_assign = select i1 %tmp_13, i32 %c_1_s, i32 %c_0_s" [r:/builds/2018.2/continuous/2018_06_14_2258646/src/products/hls/src/technology/autopilot/header_files\utils/x_hls_float_utils.h:313]   --->   Operation 38 'select' 'sh_assign' <Predicate = (!tmp_12)> <Delay = 0.69> <Core = "Sel">   --->   Core 26 'Sel' <Latency = 0> <II = 1> <Delay = 1.24> <FuncUnit> <Opcode : 'select'> <InPorts = 3> <OutPorts = 1>
ST_3 : Operation 39 [1/1] (2.55ns)   --->   "%shift_2 = add nsw i32 %shift, %sh_assign" [r:/builds/2018.2/continuous/2018_06_14_2258646/src/products/hls/src/technology/autopilot/header_files\utils/x_hls_float_utils.h:313]   --->   Operation 39 'add' 'shift_2' <Predicate = (!tmp_12)> <Delay = 2.55> <Core = "AddSub">   --->   Core 14 'AddSub' <Latency = 0> <II = 1> <Delay = 2.55> <FuncUnit> <Opcode : 'add' 'sub'> <InPorts = 2> <OutPorts = 1>
ST_3 : Operation 40 [1/1] (0.00ns)   --->   "%isNeg = call i1 @_ssdm_op_BitSelect.i1.i32.i32(i32 %sh_assign, i32 31)" [r:/builds/2018.2/continuous/2018_06_14_2258646/src/products/hls/src/technology/autopilot/header_files\utils/x_hls_float_utils.h:314]   --->   Operation 40 'bitselect' 'isNeg' <Predicate = (!tmp_12)> <Delay = 0.00>
ST_3 : Operation 41 [1/1] (2.55ns)   --->   "%tmp_5 = sub nsw i32 0, %sh_assign" [r:/builds/2018.2/continuous/2018_06_14_2258646/src/products/hls/src/technology/autopilot/header_files\utils/x_hls_float_utils.h:314]   --->   Operation 41 'sub' 'tmp_5' <Predicate = (!tmp_12)> <Delay = 2.55> <Core = "AddSub">   --->   Core 14 'AddSub' <Latency = 0> <II = 1> <Delay = 2.55> <FuncUnit> <Opcode : 'add' 'sub'> <InPorts = 2> <OutPorts = 1>
ST_3 : Operation 42 [1/1] (0.69ns)   --->   "%sh_assign_1 = select i1 %isNeg, i32 %tmp_5, i32 %sh_assign" [r:/builds/2018.2/continuous/2018_06_14_2258646/src/products/hls/src/technology/autopilot/header_files\utils/x_hls_float_utils.h:314]   --->   Operation 42 'select' 'sh_assign_1' <Predicate = (!tmp_12)> <Delay = 0.69> <Core = "Sel">   --->   Core 26 'Sel' <Latency = 0> <II = 1> <Delay = 1.24> <FuncUnit> <Opcode : 'select'> <InPorts = 3> <OutPorts = 1>
ST_3 : Operation 43 [1/1] (0.00ns)   --->   "%tmp_6 = zext i29 %in_shift to i32" [r:/builds/2018.2/continuous/2018_06_14_2258646/src/products/hls/src/technology/autopilot/header_files\utils/x_hls_float_utils.h:314]   --->   Operation 43 'zext' 'tmp_6' <Predicate = (!tmp_12)> <Delay = 0.00>
ST_3 : Operation 44 [1/1] (0.00ns) (grouped into LUT with out node in_shift_V)   --->   "%tmp_9 = shl i32 %tmp_6, %sh_assign_1" [r:/builds/2018.2/continuous/2018_06_14_2258646/src/products/hls/src/technology/autopilot/header_files\utils/x_hls_float_utils.h:314]   --->   Operation 44 'shl' 'tmp_9' <Predicate = (!tmp_12)> <Delay = 0.00> <Core = "Shift">   --->   Core 28 'Shift' <Latency = 0> <II = 1> <Delay = 4.42> <FuncUnit> <Opcode : 'shl' 'lshr' 'ashr'> <InPorts = 2> <OutPorts = 1>
ST_3 : Operation 45 [1/1] (0.00ns) (grouped into LUT with out node in_shift_V)   --->   "%tmp_7 = lshr i32 %tmp_6, %sh_assign_1" [r:/builds/2018.2/continuous/2018_06_14_2258646/src/products/hls/src/technology/autopilot/header_files\utils/x_hls_float_utils.h:314]   --->   Operation 45 'lshr' 'tmp_7' <Predicate = (!tmp_12)> <Delay = 0.00> <Core = "Shift">   --->   Core 28 'Shift' <Latency = 0> <II = 1> <Delay = 4.42> <FuncUnit> <Opcode : 'shl' 'lshr' 'ashr'> <InPorts = 2> <OutPorts = 1>
ST_3 : Operation 46 [1/1] (0.00ns) (grouped into LUT with out node in_shift_V)   --->   "%tmp_15 = trunc i32 %tmp_7 to i29" [r:/builds/2018.2/continuous/2018_06_14_2258646/src/products/hls/src/technology/autopilot/header_files\utils/x_hls_float_utils.h:314]   --->   Operation 46 'trunc' 'tmp_15' <Predicate = (!tmp_12)> <Delay = 0.00>
ST_3 : Operation 47 [1/1] (0.00ns) (grouped into LUT with out node in_shift_V)   --->   "%tmp_16 = trunc i32 %tmp_9 to i29" [r:/builds/2018.2/continuous/2018_06_14_2258646/src/products/hls/src/technology/autopilot/header_files\utils/x_hls_float_utils.h:314]   --->   Operation 47 'trunc' 'tmp_16' <Predicate = (!tmp_12)> <Delay = 0.00>
ST_3 : Operation 48 [1/1] (4.42ns) (out node of the LUT)   --->   "%in_shift_V = select i1 %isNeg, i29 %tmp_15, i29 %tmp_16" [r:/builds/2018.2/continuous/2018_06_14_2258646/src/products/hls/src/technology/autopilot/header_files\utils/x_hls_float_utils.h:314]   --->   Operation 48 'select' 'in_shift_V' <Predicate = (!tmp_12)> <Delay = 4.42> <Core = "Sel">   --->   Core 26 'Sel' <Latency = 0> <II = 1> <Delay = 1.24> <FuncUnit> <Opcode : 'select'> <InPorts = 3> <OutPorts = 1>
ST_3 : Operation 49 [1/1] (2.47ns)   --->   "%tmp_s = icmp eq i32 %sh_assign, 16" [r:/builds/2018.2/continuous/2018_06_14_2258646/src/products/hls/src/technology/autopilot/header_files\utils/x_hls_float_utils.h:315]   --->   Operation 49 'icmp' 'tmp_s' <Predicate = (!tmp_12)> <Delay = 2.47> <Core = "Cmp">   --->   Core 25 'Cmp' <Latency = 0> <II = 1> <Delay = 2.46> <FuncUnit> <Opcode : 'icmp'> <InPorts = 2> <OutPorts = 1>

State 4 <SV = 3> <Delay = 6.60>
ST_4 : Operation 50 [1/1] (1.76ns)   --->   "br i1 %tmp_s, label %.preheader3, label %.loopexit_ifconv" [r:/builds/2018.2/continuous/2018_06_14_2258646/src/products/hls/src/technology/autopilot/header_files\utils/x_hls_float_utils.h:315]   --->   Operation 50 'br' <Predicate = (!tmp_12)> <Delay = 1.76>
ST_4 : Operation 51 [1/1] (0.00ns) (grouped into LUT with out node p_Val2_1)   --->   "%p_Val2_s = phi i29 [ %in_shift, %.preheader3 ], [ %in_shift_V, %"operator<<.exit" ]"   --->   Operation 51 'phi' 'p_Val2_s' <Predicate = (tmp_12) | (!tmp_s)> <Delay = 0.00>
ST_4 : Operation 52 [1/1] (0.00ns) (grouped into LUT with out node newexp)   --->   "%shift_1 = phi i32 [ %shift, %.preheader3 ], [ %shift_2, %"operator<<.exit" ]"   --->   Operation 52 'phi' 'shift_1' <Predicate = (tmp_12) | (!tmp_s)> <Delay = 0.00>
ST_4 : Operation 53 [1/1] (1.82ns)   --->   "%tmp_1 = sub i9 127, %prescale_read" [r:/builds/2018.2/continuous/2018_06_14_2258646/src/products/hls/src/technology/autopilot/header_files\utils/x_hls_float_utils.h:323]   --->   Operation 53 'sub' 'tmp_1' <Predicate = (tmp_12) | (!tmp_s)> <Delay = 1.82> <Core = "AddSub">   --->   Core 14 'AddSub' <Latency = 0> <II = 1> <Delay = 2.55> <FuncUnit> <Opcode : 'add' 'sub'> <InPorts = 2> <OutPorts = 1>
ST_4 : Operation 54 [1/1] (0.00ns) (grouped into LUT with out node newexp)   --->   "%tmp_1_cast = sext i9 %tmp_1 to i32" [r:/builds/2018.2/continuous/2018_06_14_2258646/src/products/hls/src/technology/autopilot/header_files\utils/x_hls_float_utils.h:323]   --->   Operation 54 'sext' 'tmp_1_cast' <Predicate = (tmp_12) | (!tmp_s)> <Delay = 0.00>
ST_4 : Operation 55 [1/1] (2.55ns) (out node of the LUT)   --->   "%newexp = sub i32 %tmp_1_cast, %shift_1" [r:/builds/2018.2/continuous/2018_06_14_2258646/src/products/hls/src/technology/autopilot/header_files\utils/x_hls_float_utils.h:323]   --->   Operation 55 'sub' 'newexp' <Predicate = (tmp_12) | (!tmp_s)> <Delay = 2.55> <Core = "AddSub">   --->   Core 14 'AddSub' <Latency = 0> <II = 1> <Delay = 2.55> <FuncUnit> <Opcode : 'add' 'sub'> <InPorts = 2> <OutPorts = 1>
ST_4 : Operation 56 [1/1] (0.00ns)   --->   "%tmp_18 = call i1 @_ssdm_op_BitSelect.i1.i32.i32(i32 %newexp, i32 31)" [r:/builds/2018.2/continuous/2018_06_14_2258646/src/products/hls/src/technology/autopilot/header_files\utils/x_hls_float_utils.h:329]   --->   Operation 56 'bitselect' 'tmp_18' <Predicate = (tmp_12) | (!tmp_s)> <Delay = 0.00>
ST_4 : Operation 57 [1/1] (2.46ns)   --->   "%tmp_8 = icmp eq i29 %in_V_read, 0" [r:/builds/2018.2/continuous/2018_06_14_2258646/src/products/hls/src/technology/autopilot/header_files\utils/x_hls_float_utils.h:329]   --->   Operation 57 'icmp' 'tmp_8' <Predicate = (tmp_12) | (!tmp_s)> <Delay = 2.46> <Core = "Cmp">   --->   Core 25 'Cmp' <Latency = 0> <II = 1> <Delay = 2.46> <FuncUnit> <Opcode : 'icmp'> <InPorts = 2> <OutPorts = 1>
ST_4 : Operation 58 [1/1] (0.97ns)   --->   "%or_cond = or i1 %tmp_18, %tmp_8" [r:/builds/2018.2/continuous/2018_06_14_2258646/src/products/hls/src/technology/autopilot/header_files\utils/x_hls_float_utils.h:329]   --->   Operation 58 'or' 'or_cond' <Predicate = (tmp_12) | (!tmp_s)> <Delay = 0.97> <Core = "LogicGate">   --->   Core 27 'LogicGate' <Latency = 0> <II = 1> <Delay = 0.97> <FuncUnit> <Opcode : 'and' 'or' 'xor'> <InPorts = 2> <OutPorts = 1>
ST_4 : Operation 59 [1/1] (0.00ns)   --->   "%tmp_19 = trunc i32 %newexp to i8" [r:/builds/2018.2/continuous/2018_06_14_2258646/src/products/hls/src/technology/autopilot/header_files\utils/x_hls_float_utils.h:323]   --->   Operation 59 'trunc' 'tmp_19' <Predicate = (tmp_12) | (!tmp_s)> <Delay = 0.00>
ST_4 : Operation 60 [1/1] (0.00ns) (grouped into LUT with out node p_Val2_1)   --->   "%phitmp2 = call i23 @_ssdm_op_PartSelect.i23.i29.i32.i32(i29 %p_Val2_s, i32 5, i32 27)" [r:/builds/2018.2/continuous/2018_06_14_2258646/src/products/hls/src/technology/autopilot/header_files\utils/x_hls_float_utils.h:314]   --->   Operation 60 'partselect' 'phitmp2' <Predicate = (tmp_12) | (!tmp_s)> <Delay = 0.00>
ST_4 : Operation 61 [1/1] (0.69ns) (out node of the LUT)   --->   "%p_Val2_1 = select i1 %or_cond, i23 0, i23 %phitmp2" [r:/builds/2018.2/continuous/2018_06_14_2258646/src/products/hls/src/technology/autopilot/header_files\utils/x_hls_utils.h:322->r:/builds/2018.2/continuous/2018_06_14_2258646/src/products/hls/src/technology/autopilot/header_files\utils/x_hls_float_utils.h:339]   --->   Operation 61 'select' 'p_Val2_1' <Predicate = (tmp_12) | (!tmp_s)> <Delay = 0.69> <Core = "Sel">   --->   Core 26 'Sel' <Latency = 0> <II = 1> <Delay = 1.24> <FuncUnit> <Opcode : 'select'> <InPorts = 3> <OutPorts = 1>
ST_4 : Operation 62 [1/1] (1.24ns)   --->   "%out_exp_V = select i1 %or_cond, i8 0, i8 %tmp_19" [r:/builds/2018.2/continuous/2018_06_14_2258646/src/products/hls/src/technology/autopilot/header_files\utils/x_hls_float_utils.h:340]   --->   Operation 62 'select' 'out_exp_V' <Predicate = (tmp_12) | (!tmp_s)> <Delay = 1.24> <Core = "Sel">   --->   Core 26 'Sel' <Latency = 0> <II = 1> <Delay = 1.24> <FuncUnit> <Opcode : 'select'> <InPorts = 3> <OutPorts = 1>
ST_4 : Operation 63 [1/1] (0.00ns)   --->   "%p_Result_3 = call i32 @_ssdm_op_BitConcatenate.i32.i1.i8.i23(i1 false, i8 %out_exp_V, i23 %p_Val2_1)" [r:/builds/2018.2/continuous/2018_06_14_2258646/src/products/hls/src/technology/autopilot/header_files\utils/x_hls_utils.h:298->r:/builds/2018.2/continuous/2018_06_14_2258646/src/products/hls/src/technology/autopilot/header_files\utils/x_hls_utils.h:311->r:/builds/2018.2/continuous/2018_06_14_2258646/src/products/hls/src/technology/autopilot/header_files\utils/x_hls_utils.h:332->r:/builds/2018.2/continuous/2018_06_14_2258646/src/products/hls/src/technology/autopilot/header_files\utils/x_hls_float_utils.h:341]   --->   Operation 63 'bitconcatenate' 'p_Result_3' <Predicate = (tmp_12) | (!tmp_s)> <Delay = 0.00>
ST_4 : Operation 64 [1/1] (0.00ns)   --->   "%result_write_assign = bitcast i32 %p_Result_3 to float" [r:/builds/2018.2/continuous/2018_06_14_2258646/src/products/hls/src/technology/autopilot/header_files\utils/x_hls_utils.h:311->r:/builds/2018.2/continuous/2018_06_14_2258646/src/products/hls/src/technology/autopilot/header_files\utils/x_hls_utils.h:332->r:/builds/2018.2/continuous/2018_06_14_2258646/src/products/hls/src/technology/autopilot/header_files\utils/x_hls_float_utils.h:341]   --->   Operation 64 'bitcast' 'result_write_assign' <Predicate = (tmp_12) | (!tmp_s)> <Delay = 0.00>
ST_4 : Operation 65 [1/1] (0.00ns)   --->   "ret float %result_write_assign" [r:/builds/2018.2/continuous/2018_06_14_2258646/src/products/hls/src/technology/autopilot/header_files\utils/x_hls_float_utils.h:342]   --->   Operation 65 'ret' <Predicate = (tmp_12) | (!tmp_s)> <Delay = 0.00>


============================================================
+ Verbose Summary: Timing violations
============================================================
Target clock period: 10ns, clock uncertainty: 1.25ns.

 <State 1>: 1.77ns
The critical path consists of the following:
	multiplexor before 'phi' operation ('c[1]') with incoming values : ('c[1]', r:/builds/2018.2/continuous/2018_06_14_2258646/src/products/hls/src/technology/autopilot/header_files\utils/x_hls_float_utils.h:306) [13]  (1.77 ns)

 <State 2>: 4.79ns
The critical path consists of the following:
	'phi' operation ('i') with incoming values : ('i', r:/builds/2018.2/continuous/2018_06_14_2258646/src/products/hls/src/technology/autopilot/header_files\utils/x_hls_float_utils.h:305) [15]  (0 ns)
	'select' operation ('__Result__', r:/builds/2018.2/continuous/2018_06_14_2258646/src/products/hls/src/technology/autopilot/header_files\utils/x_hls_float_utils.h:306) [24]  (0.698 ns)
	'cttz' operation ('c[0]', r:/builds/2018.2/continuous/2018_06_14_2258646/src/products/hls/hls_lib/hlsmath/include/FloatingPoint/hls_normalize.h:109->r:/builds/2018.2/continuous/2018_06_14_2258646/src/products/hls/src/technology/autopilot/header_files\utils/x_hls_float_utils.h:306) [25]  (3.4 ns)
	'select' operation ('c[1]', r:/builds/2018.2/continuous/2018_06_14_2258646/src/products/hls/src/technology/autopilot/header_files\utils/x_hls_float_utils.h:306) [27]  (0.698 ns)

 <State 3>: 8.37ns
The critical path consists of the following:
	'phi' operation ('i') with incoming values : ('i', r:/builds/2018.2/continuous/2018_06_14_2258646/src/products/hls/src/technology/autopilot/header_files\utils/x_hls_float_utils.h:312) [34]  (0 ns)
	'select' operation ('sh', r:/builds/2018.2/continuous/2018_06_14_2258646/src/products/hls/src/technology/autopilot/header_files\utils/x_hls_float_utils.h:313) [41]  (0.698 ns)
	'sub' operation ('tmp_5', r:/builds/2018.2/continuous/2018_06_14_2258646/src/products/hls/src/technology/autopilot/header_files\utils/x_hls_float_utils.h:314) [44]  (2.55 ns)
	'select' operation ('sh', r:/builds/2018.2/continuous/2018_06_14_2258646/src/products/hls/src/technology/autopilot/header_files\utils/x_hls_float_utils.h:314) [45]  (0.698 ns)
	'shl' operation ('tmp_9', r:/builds/2018.2/continuous/2018_06_14_2258646/src/products/hls/src/technology/autopilot/header_files\utils/x_hls_float_utils.h:314) [47]  (0 ns)
	'select' operation ('in_shift.V', r:/builds/2018.2/continuous/2018_06_14_2258646/src/products/hls/src/technology/autopilot/header_files\utils/x_hls_float_utils.h:314) [51]  (4.42 ns)

 <State 4>: 6.6ns
The critical path consists of the following:
	'sub' operation ('tmp_1', r:/builds/2018.2/continuous/2018_06_14_2258646/src/products/hls/src/technology/autopilot/header_files\utils/x_hls_float_utils.h:323) [57]  (1.82 ns)
	'sub' operation ('newexp', r:/builds/2018.2/continuous/2018_06_14_2258646/src/products/hls/src/technology/autopilot/header_files\utils/x_hls_float_utils.h:323) [59]  (2.55 ns)
	'or' operation ('or_cond', r:/builds/2018.2/continuous/2018_06_14_2258646/src/products/hls/src/technology/autopilot/header_files\utils/x_hls_float_utils.h:329) [62]  (0.978 ns)
	'select' operation ('out.exp.V', r:/builds/2018.2/continuous/2018_06_14_2258646/src/products/hls/src/technology/autopilot/header_files\utils/x_hls_float_utils.h:340) [66]  (1.25 ns)


============================================================
+ Verbose Summary: Binding
============================================================
N/A
* FSMD analyzer results:
  - Output states:
 - Input state : 
  - Chain level:
	State 1
	State 2
	State 3
	State 4


============================================================
+ Verbose Summary: Datapath Resource usage 
============================================================
N/A
