#-----------------------------------------------------------
# xsim v2018.2 (64-bit)
# SW Build 2258646 on Thu Jun 14 20:03:12 MDT 2018
# IP Build 2256618 on Thu Jun 14 22:10:49 MDT 2018
# Start of session at: Sun Jul  9 16:53:21 2023
# Process ID: 14040
# Current directory: F:/Machine-Learning/vivado_labs/Lab_2/solution1/sim/verilog
# Command line: xsim.exe -mode tcl -source {xsim.dir/find/xsim_script.tcl}
# Log file: F:/Machine-Learning/vivado_labs/Lab_2/solution1/sim/verilog/xsim.log
# Journal file: F:/Machine-Learning/vivado_labs/Lab_2/solution1/sim/verilog\xsim.jou
#-----------------------------------------------------------
source xsim.dir/find/xsim_script.tcl
# xsim {find} -autoloadwcfg -tclbatch {find.tcl}
Vivado Simulator 2018.2
Time resolution is 1 ps
source find.tcl
## run all
////////////////////////////////////////////////////////////////////////////////////
// Inter-Transaction Progress: Completed Transaction / Total Transaction
// Intra-Transaction Progress: Measured Latency / Latency Estimation * 100%
//
// RTL Simulation : "Inter-Transaction Progress" ["Intra-Transaction Progress"] @ "Simulation Time"
////////////////////////////////////////////////////////////////////////////////////
// RTL Simulation : 0 / 1 [0.00%] @ "125000"
// RTL Simulation : 1 / 1 [100.00%] @ "355000"
////////////////////////////////////////////////////////////////////////////////////
$finish called at time : 395 ns : File "F:/Machine-Learning/vivado_labs/Lab_2/solution1/sim/verilog/find.autotb.v" Line 334
## quit
INFO: [Common 17-206] Exiting xsim at Sun Jul  9 16:53:27 2023...
